


          SolidWorks Corporation - STEP Processor Error Log
          ______________________________________________________

                       STEP Post Processor
                       ___________________


STEP File Name: \\Alex-book\as14120\Altium\as14120\as14120_all.step


Поверхности были успешно преобразованы в твердое тело.
STEP-ввод завершен.Поверхности были успешно преобразованы в твердое тело.
STEP-ввод завершен.Поверхности были успешно преобразованы в твердое тело.
STEP-ввод завершен.Поверхности были успешно преобразованы в твердое тело.
STEP-ввод завершен.Поверхности были успешно преобразованы в твердое тело.
STEP-ввод завершен.Поверхности были успешно преобразованы в твердое тело.
STEP-ввод завершен.Поверхности были успешно преобразованы в твердое тело.
STEP-ввод завершен.Поверхности были успешно преобразованы в твердое тело.
STEP-ввод завершен.Поверхности были успешно преобразованы в твердое тело.
STEP-ввод завершен.Поверхности были успешно преобразованы в твердое тело.
STEP-ввод завершен.Поверхности были успешно преобразованы в твердое тело.
STEP-ввод завершен.Поверхности были успешно преобразованы в твердое тело.
STEP-ввод завершен.Поверхности были успешно преобразованы в твердое тело.
STEP-ввод завершен.Поверхности были успешно преобразованы в твердое тело.
STEP-ввод завершен.Поверхности были успешно преобразованы в твердое тело.
STEP-ввод завершен.Поверхности были успешно преобразованы в твердое тело.
STEP-ввод завершен.Поверхности были успешно преобразованы в твердое тело.
STEP-ввод завершен.Поверхности были успешно преобразованы в твердое тело.
STEP-ввод завершен.Поверхности были успешно преобразованы в твердое тело.
STEP-ввод завершен.Поверхности были успешно преобразованы в твердое тело.
STEP-ввод завершен.Поверхности были успешно преобразованы в твердое тело.
STEP-ввод завершен.Поверхности были успешно преобразованы в твердое тело.
STEP-ввод завершен.Поверхности были успешно преобразованы в твердое тело.
STEP-ввод завершен.Поверхности были успешно преобразованы в твердое тело.
STEP-ввод завершен.Поверхности были успешно преобразованы в твердое тело.
STEP-ввод завершен.Поверхности были успешно преобразованы в твердое тело.
STEP-ввод завершен.Поверхности были успешно преобразованы в твердое тело.
STEP-ввод завершен.Поверхности были успешно преобразованы в твердое тело.
STEP-ввод завершен.Поверхности были успешно преобразованы в твердое тело.
STEP-ввод завершен.Поверхности были успешно преобразованы в твердое тело.
STEP-ввод завершен.Поверхности были успешно преобразованы в твердое тело.
STEP-ввод завершен.Поверхности были успешно преобразованы в твердое тело.
STEP-ввод завершен.Поверхности были успешно преобразованы в твердое тело.
STEP-ввод завершен.Поверхности были успешно преобразованы в твердое тело.
STEP-ввод завершен.Поверхности были успешно преобразованы в твердое тело.
STEP-ввод завершен.Поверхности были успешно преобразованы в твердое тело.
STEP-ввод завершен.Поверхности были успешно преобразованы в твердое тело.
STEP-ввод завершен.Поверхности были успешно преобразованы в твердое тело.
STEP-ввод завершен.
Error: Не удалось создать твердое тело из триммированных поверхностей.
STEP-ввод не завершен успешно.
Поверхности были успешно преобразованы в твердое тело.
STEP-ввод завершен.Поверхности были успешно преобразованы в твердое тело.
STEP-ввод завершен.Поверхности были успешно преобразованы в твердое тело.
STEP-ввод завершен.Поверхности были успешно преобразованы в твердое тело.
STEP-ввод завершен.Поверхности были успешно преобразованы в твердое тело.
STEP-ввод завершен.Поверхности были успешно преобразованы в твердое тело.
STEP-ввод завершен.