Change Component Designator: Old Designator=C201 New Designator=C?
Change Component Designator: Old Designator=C202 New Designator=C?
Change Component Designator: Old Designator=C203 New Designator=C?
Change Component Designator: Old Designator=C204 New Designator=C?
Change Component Designator: Old Designator=C205 New Designator=C?
Change Component Designator: Old Designator=C206 New Designator=C?
Change Component Designator: Old Designator=C207 New Designator=C?
Change Component Designator: Old Designator=C208 New Designator=C?
Change Component Designator: Old Designator=C209 New Designator=C?
Change Component Designator: Old Designator=C210 New Designator=C?
Change Component Designator: Old Designator=C211 New Designator=C?
Change Component Designator: Old Designator=C212 New Designator=C?
Change Component Designator: Old Designator=C213 New Designator=C?
Change Component Designator: Old Designator=C214 New Designator=C?
Change Component Designator: Old Designator=C215 New Designator=C?
Change Component Designator: Old Designator=C216 New Designator=C?
Change Component Designator: Old Designator=C217 New Designator=C?
Change Component Designator: Old Designator=C218 New Designator=C?
Change Component Designator: Old Designator=C219 New Designator=C?
Change Component Designator: Old Designator=C220 New Designator=C?
Change Component Designator: Old Designator=C221 New Designator=C?
Change Component Designator: Old Designator=C222 New Designator=C?
Change Component Designator: Old Designator=C223 New Designator=C?
Change Component Designator: Old Designator=C224 New Designator=C?
Change Component Designator: Old Designator=C225 New Designator=C?
Change Component Designator: Old Designator=C226 New Designator=C?
Change Component Designator: Old Designator=C227 New Designator=C?
Change Component Designator: Old Designator=C228 New Designator=C?
Change Component Designator: Old Designator=C229 New Designator=C?
Change Component Designator: Old Designator=C230 New Designator=C?
Change Component Designator: Old Designator=C231 New Designator=C?
Change Component Designator: Old Designator=C232 New Designator=C?
Change Component Designator: Old Designator=C233 New Designator=C?
Change Component Designator: Old Designator=C234 New Designator=C?
Change Component Designator: Old Designator=C235 New Designator=C?
Change Component Designator: Old Designator=C236 New Designator=C?
Change Component Designator: Old Designator=D12 New Designator=D?
Change Component Designator: Old Designator=D13 New Designator=D?
Change Component Designator: Old Designator=D14 New Designator=D?
Change Component Designator: Old Designator=D15 New Designator=D?
Change Component Designator: Old Designator=L13 New Designator=L?
Change Component Designator: Old Designator=L14 New Designator=L?
Change Component Designator: Old Designator=L15 New Designator=L?
Change Component Designator: Old Designator=L16 New Designator=L?
Change Component Designator: Old Designator=R85 New Designator=R?
Change Component Designator: Old Designator=R86 New Designator=R?
Change Component Designator: Old Designator=R87 New Designator=R?
Change Component Designator: Old Designator=R88 New Designator=R?
Change Component Designator: Old Designator=R89 New Designator=R?
Change Component Designator: Old Designator=R90 New Designator=R?
Change Component Designator: Old Designator=R91 New Designator=R?
Change Component Designator: Old Designator=R92 New Designator=R?
Change Component Designator: Old Designator=R93 New Designator=R?
Change Component Designator: Old Designator=R94 New Designator=R?
Change Component Designator: Old Designator=R95 New Designator=R?
Change Component Designator: Old Designator=R96 New Designator=R?
Change Component Designator: Old Designator=R97 New Designator=R?
Change Component Designator: Old Designator=R98 New Designator=R?
Change Component Designator: Old Designator=R99 New Designator=R?
Change Component Designator: Old Designator=R100 New Designator=R?
Change Component Designator: Old Designator=R101 New Designator=R?
Change Component Designator: Old Designator=VD2 New Designator=VD?
Change Component Designator: Old Designator=X8 New Designator=X?
