Added Component: Designator=C1(CAPC0402(1005)60_M)
Added Component: Designator=C2(CAPC0402(1005)60_M)
Added Component: Designator=C3(CAPC0402(1005)60_M)
Added Component: Designator=C4(CAPC0402(1005)60_M)
Added Component: Designator=C5(CAPC0402(1005)60_M)
Added Component: Designator=C6(CAPC0402(1005)60_M)
Added Component: Designator=C7(CAPC0402(1005)60_M)
Added Component: Designator=C8(CAPC0402(1005)60_M)
Added Component: Designator=C9(CAPC0402(1005)60_M)
Added Component: Designator=C10(CAPC0402(1005)60_M)
Added Component: Designator=C11(CAPC0402(1005)60_M)
Added Component: Designator=C12(CAPC0402(1005)60_M)
Added Component: Designator=C13(CAPC0402(1005)60_M)
Added Component: Designator=C14(CAPC0402(1005)60_M)
Added Component: Designator=C15(CAPC0402(1005)60_M)
Added Component: Designator=C16(CAPC0402(1005)60_M)
Added Component: Designator=C17(CAPC0402(1005)60_M)
Added Component: Designator=C18(CAPC0402(1005)60_M)
Added Component: Designator=C19(CAPC0402(1005)60_M)
Added Component: Designator=C20(CAPC0402(1005)60_M)
Added Component: Designator=C21(CAPC0402(1005)60_M)
Added Component: Designator=C22(CAPC0402(1005)60_M)
Added Component: Designator=C23(CAPC0402(1005)60_M)
Added Component: Designator=C24(CAPC0402(1005)60_M)
Added Component: Designator=C25(CAPC0402(1005)60_M)
Added Component: Designator=C26(CAPC0402(1005)60_M)
Added Component: Designator=C27(CAPC0402(1005)60_M)
Added Component: Designator=C28(CAPC0402(1005)60_M)
Added Component: Designator=C29(CAPC0402(1005)60_M)
Added Component: Designator=C30(CAPC0805(2012)100_N)
Added Component: Designator=C31(CAPC0805(2012)100_N)
Added Component: Designator=C32(CAPC0805(2012)100_N)
Added Component: Designator=C33(CAPC0805(2012)100_N)
Added Component: Designator=C34(CAPC0805(2012)100_N)
Added Component: Designator=C35(CAPC0402(1005)60_M)
Added Component: Designator=C36(CAPC0402(1005)60_M)
Added Component: Designator=C37(CAPC0402(1005)60_M)
Added Component: Designator=C38(CAPC0402(1005)60_M)
Added Component: Designator=C39(CAPC0402(1005)60_M)
Added Component: Designator=C40(CAPC0402(1005)60_M)
Added Component: Designator=C41(CAPC0402(1005)60_M)
Added Component: Designator=C42(CAPC0402(1005)60_M)
Added Component: Designator=C43(CAPC0402(1005)60_M)
Added Component: Designator=C44(CAPC0402(1005)60_M)
Added Component: Designator=C45(CAPC0402(1005)60_M)
Added Component: Designator=C46(CAPC0402(1005)60_M)
Added Component: Designator=C47(CAPC0402(1005)60_M)
Added Component: Designator=C48(CAPC0402(1005)60_M)
Added Component: Designator=C49(CAPC0402(1005)60_M)
Added Component: Designator=C50(CAPC0402(1005)60_M)
Added Component: Designator=C51(CAPC0805(2012)100_N)
Added Component: Designator=C52(CAPC0805(2012)100_N)
Added Component: Designator=C53(CAPC0805(2012)100_N)
Added Component: Designator=C54(CAPC0402(1005)60_M)
Added Component: Designator=C55(CAPC0402(1005)60_M)
Added Component: Designator=C56(CAPC0402(1005)60_M)
Added Component: Designator=C57(CAPC0402(1005)60_M)
Added Component: Designator=C58(CAPC0402(1005)60_M)
Added Component: Designator=C59(CAPC0402(1005)60_M)
Added Component: Designator=C60(CAPC0402(1005)60_M)
Added Component: Designator=C61(CAPC0402(1005)60_M)
Added Component: Designator=C62(CAPC0402(1005)60_M)
Added Component: Designator=C63(CAPC0402(1005)60_M)
Added Component: Designator=C64(CAPC0402(1005)60_M)
Added Component: Designator=C65(CAPC0402(1005)60_M)
Added Component: Designator=C66(CAPC0402(1005)60_M)
Added Component: Designator=C67(CAPC0402(1005)60_M)
Added Component: Designator=C68(CAPC0402(1005)60_M)
Added Component: Designator=C69(CAPC0402(1005)60_M)
Added Component: Designator=C70(CAPC0402(1005)60_M)
Added Component: Designator=C71(CAPC0402(1005)60_M)
Added Component: Designator=C72(CAPC0402(1005)60_M)
Added Component: Designator=C73(CAPC0402(1005)60_M)
Added Component: Designator=C74(CAPC0402(1005)60_M)
Added Component: Designator=C75(CAPC0402(1005)60_M)
Added Component: Designator=C76(CAPC0402(1005)60_M)
Added Component: Designator=C77(CAPC0402(1005)60_M)
Added Component: Designator=C78(CAPC0402(1005)60_M)
Added Component: Designator=C79(CAPC0402(1005)60_M)
Added Component: Designator=C80(CAPC0402(1005)60_M)
Added Component: Designator=C81(CAPC0402(1005)60_M)
Added Component: Designator=C82(CAPC0402(1005)60_M)
Added Component: Designator=C83(CAPC0402(1005)60_M)
Added Component: Designator=C84(CAPC0402(1005)60_M)
Added Component: Designator=C85(CAPC0402(1005)60_M)
Added Component: Designator=C86(CAPC0402(1005)60_M)
Added Component: Designator=C87(CAPC0402(1005)60_M)
Added Component: Designator=C88(CAPC0402(1005)60_M)
Added Component: Designator=C89(CAPC0402(1005)60_M)
Added Component: Designator=C90(CAPC0402(1005)60_M)
Added Component: Designator=C91(CAPC0402(1005)60_M)
Added Component: Designator=C92(CAPC0402(1005)60_M)
Added Component: Designator=C93(CAPC0402(1005)60_M)
Added Component: Designator=C94(CAPC0402(1005)60_M)
Added Component: Designator=C95(CAPC0402(1005)60_M)
Added Component: Designator=C96(CAPC0402(1005)60_M)
Added Component: Designator=C97(CAPC0402(1005)60_M)
Added Component: Designator=C98(CAPC0402(1005)60_M)
Added Component: Designator=C99(CAPC0402(1005)60_M)
Added Component: Designator=C100(CAPC0402(1005)60_M)
Added Component: Designator=C101(CAPC0402(1005)60_M)
Added Component: Designator=C102(CAPC0402(1005)60_M)
Added Component: Designator=C103(CAPC0402(1005)60_M)
Added Component: Designator=C104(CAPC0402(1005)60_M)
Added Component: Designator=C105(CAPC0402(1005)60_M)
Added Component: Designator=C106(CAPC0402(1005)60_M)
Added Component: Designator=C107(CAPC0402(1005)60_M)
Added Component: Designator=C108(CAPC0402(1005)60_M)
Added Component: Designator=C109(CAPC0402(1005)60_M)
Added Component: Designator=C110(CAPC0402(1005)60_M)
Added Component: Designator=C111(CAPC0402(1005)60_M)
Added Component: Designator=C112(CAPC0402(1005)60_M)
Added Component: Designator=C113(CAPC0402(1005)60_M)
Added Component: Designator=C114(CAPC0402(1005)60_M)
Added Component: Designator=C115(CAPC0402(1005)60_M)
Added Component: Designator=C116(CAPC0402(1005)60_M)
Added Component: Designator=C117(CAPC0402(1005)60_M)
Added Component: Designator=C118(CAPC0402(1005)60_M)
Added Component: Designator=C119(CAPC0402(1005)60_M)
Added Component: Designator=C120(CAPC0402(1005)60_M)
Added Component: Designator=C121(CAPC0402(1005)60_M)
Added Component: Designator=C122(CAPC0402(1005)60_M)
Added Component: Designator=C123(CAPC0402(1005)60_M)
Added Component: Designator=C124(CAPC0402(1005)60_M)
Added Component: Designator=C125(CAPC0402(1005)60_M)
Added Component: Designator=C126(CAPC0402(1005)60_M)
Added Component: Designator=C127(CAPC0402(1005)60_M)
Added Component: Designator=C128(CAPC0402(1005)60_M)
Added Component: Designator=C129(CAPC0402(1005)60_M)
Added Component: Designator=C130(CAPC0402(1005)60_M)
Added Component: Designator=C131(CAPC0402(1005)60_M)
Added Component: Designator=C133(CAPC0805(2012)100_N)
Added Component: Designator=C134(CAPC0805(2012)100_N)
Added Component: Designator=C135(CAPC0805(2012)100_N)
Added Component: Designator=C136(CAPC0805(2012)100_N)
Added Component: Designator=C137(CAPC0805(2012)100_N)
Added Component: Designator=C140(CAPC0805(2012)100_N)
Added Component: Designator=C146(CAPC0805(2012)100_N)
Added Component: Designator=C147(CAPC0805(2012)100_N)
Added Component: Designator=C148(CAPC0805(2012)100_N)
Added Component: Designator=C149(CAPC0805(2012)100_N)
Added Component: Designator=C150(CAPC0805(2012)100_N)
Added Component: Designator=C151(CAPC0805(2012)100_N)
Added Component: Designator=C152(CAPC0805(2012)100_N)
Added Component: Designator=C153(CAPC0805(2012)100_N)
Added Component: Designator=C154(CAPC0805(2012)100_N)
Added Component: Designator=C155(CAPC0805(2012)100_N)
Added Component: Designator=C156(CAPC0805(2012)100_N)
Added Component: Designator=C159(CAPC0805(2012)100_N)
Added Component: Designator=C160(CAPC0805(2012)100_N)
Added Component: Designator=C161(CAPC0805(2012)100_N)
Added Component: Designator=C166(CAPC0805(2012)100_N)
Added Component: Designator=C167(CAPC0805(2012)100_N)
Added Component: Designator=C168(CAPC0402(1005)60_M)
Added Component: Designator=C169(CAPC0402(1005)60_M)
Added Component: Designator=C170(CAPC0402(1005)60_M)
Added Component: Designator=C171(CAPC0805(2012)100_N)
Added Component: Designator=C172(CAPC0805(2012)100_N)
Added Component: Designator=C173(CAPC0805(2012)100_N)
Added Component: Designator=C174(CAPC0402(1005)60_M)
Added Component: Designator=C175(CAPC0805(2012)100_N)
Added Component: Designator=C176(CAPC0402(1005)60_M)
Added Component: Designator=C177(CAPC0402(1005)60_M)
Added Component: Designator=C178(CAPC0805(2012)100_N)
Added Component: Designator=C179(CAPC0402(1005)60_M)
Added Component: Designator=C180(CAPC0805(2012)100_N)
Added Component: Designator=C181(CAPC0402(1005)60_M)
Added Component: Designator=C182(CAPC0402(1005)60_M)
Added Component: Designator=C183(CAPC0402(1005)60_M)
Added Component: Designator=C184(CAPC0402(1005)60_M)
Added Component: Designator=C185(CAPC0402(1005)60_M)
Added Component: Designator=C186(CAPC0402(1005)60_M)
Added Component: Designator=C187(CAPC0402(1005)60_M)
Added Component: Designator=C188(CAPC0402(1005)60_M)
Added Component: Designator=C189(CAPC0402(1005)60_M)
Added Component: Designator=C190(CAPC0402(1005)60_M)
Added Component: Designator=C191(CAPC0402(1005)60_M)
Added Component: Designator=C192(CAPC0402(1005)60_M)
Added Component: Designator=C193(CAPC0402(1005)60_M)
Added Component: Designator=C194(CAPC0402(1005)60_M)
Added Component: Designator=C195(CAPC0402(1005)60_M)
Added Component: Designator=C196(CAPC0402(1005)60_M)
Added Component: Designator=C197(CAPC0402(1005)60_M)
Added Component: Designator=C198(CAPC0402(1005)60_M)
Added Component: Designator=C199(CAPC0402(1005)60_M)
Added Component: Designator=C200(CAPC0402(1005)60_M)
Added Component: Designator=C201(CAPC0402(1005)60_M)
Added Component: Designator=C202(CAPC0402(1005)60_M)
Added Component: Designator=C203(CAPC0402(1005)60_M)
Added Component: Designator=D10(BGA121C80P11X11)
Added Component: Designator=L1(CAPC0805(2012)100_N)
Added Component: Designator=L2(CAPC0805(2012)100_N)
Added Component: Designator=L3(CAPC0805(2012)100_N)
Added Component: Designator=L4(CAPC0805(2012)100_N)
Added Component: Designator=L5(CAPC0805(2012)100_N)
Added Component: Designator=L6(IND_Sumida_CDRH3D16)
Added Component: Designator=L7(IND_CDR127_Sumida)
Added Component: Designator=L8(IND_Sumida_CDRH3D16)
Added Component: Designator=L9(IND_CDR127_Sumida)
Added Component: Designator=L10(CAPC0805(2012)100_N)
Added Component: Designator=L11(CAPC0805(2012)100_N)
Added Component: Designator=L12(CAPC0805(2012)100_N)
Added Component: Designator=R7(RESC0805(2012)_L)
Added Component: Designator=R8(RESC0805(2012)_L)
Added Component: Designator=R9(RESC0805(2012)_L)
Added Component: Designator=R10(RESC0805(2012)_L)
Added Component: Designator=R11(RESC0805(2012)_L)
Added Component: Designator=R12(RESC0805(2012)_L)
Added Component: Designator=R13(RESC0805(2012)_L)
Added Component: Designator=R14(RESC0805(2012)_L)
Added Component: Designator=R15(RESC0603(1608)_L)
Added Component: Designator=R16(RESC0603(1608)_L)
Added Component: Designator=R17(RESC0805(2012)_L)
Added Component: Designator=R18(RESC0603(1608)_L)
Added Component: Designator=R19(RESC0603(1608)_L)
Added Component: Designator=R20(RESC0603(1608)_L)
Added Component: Designator=R21(RESC0603(1608)_L)
Added Component: Designator=R22(RESC0603(1608)_L)
Added Component: Designator=R23(RESC0603(1608)_L)
Added Component: Designator=R24(RESC0603(1608)_L)
Added Component: Designator=R25(RESC0603(1608)_L)
Added Component: Designator=R26(RESC0603(1608)_L)
Added Component: Designator=R27(RESC0805(2012)_L)
Added Component: Designator=R28(RESC0805(2012)_L)
Added Component: Designator=R29(RESC0805(2012)_L)
Added Component: Designator=R30(RESC0805(2012)_L)
Added Component: Designator=R31(RESC0805(2012)_L)
Added Component: Designator=R32(RESC0805(2012)_L)
Added Component: Designator=R33(RESC0805(2012)_L)
Added Component: Designator=R34(RESC0805(2012)_L)
Added Component: Designator=R35(RESC0805(2012)_L)
Added Component: Designator=R36(RESC0805(2012)_L)
Added Component: Designator=R37(RESC0805(2012)_L)
Added Component: Designator=R38(RESC0805(2012)_L)
Added Component: Designator=R39(RESC0805(2012)_L)
Added Component: Designator=R40(RESC0805(2012)_L)
Added Component: Designator=R41(RESC0805(2012)_L)
Added Component: Designator=R42(RESC0805(2012)_L)
Added Component: Designator=R43(RESC0805(2012)_L)
Added Component: Designator=R44(RESC0805(2012)_L)
Added Component: Designator=R45(RESC0805(2012)_L)
Added Component: Designator=R46(RESC0805(2012)_L)
Added Component: Designator=R47(RESC0805(2012)_L)
Added Component: Designator=R48(RESC0805(2012)_L)
Added Component: Designator=R49(RESC0603(1608)_L)
Added Component: Designator=R50(RESC0805(2012)_L)
Added Component: Designator=R52(RESC0603(1608)_L)
Added Component: Designator=R53(RESC0603(1608)_L)
Added Component: Designator=R54(RESC0603(1608)_L)
Added Component: Designator=R56(RESC0603(1608)_L)
Added Component: Designator=R60(RESC0603(1608)_L)
Added Component: Designator=R61(RESC0805(2012)_L)
Added Component: Designator=R62(RESC0805(2012)_L)
Added Component: Designator=R69(RESC0603(1608)_L)
Added Component: Designator=R70(RESC0603(1608)_L)
Added Component: Designator=R71(RESC0603(1608)_L)
Added Component: Designator=R72(RESC0603(1608)_L)
Added Component: Designator=R73(RESC0603(1608)_L)
Added Component: Designator=R74(RESC0603(1608)_L)
Added Component: Designator=R75(RESC0603(1608)_L)
Added Component: Designator=R76(RESC0805(2012)_L)
Added Component: Designator=R78(RESC0805(2012)_L)
Added Component: Designator=R79(RESC0603(1608)_L)
Added Component: Designator=VG1(kxo-v97)
Added Component: Designator=X3(sma)
Added Component: Designator=X4(USB3_B)
Added Component: Designator=ZQ1(BCY-W2/E4.7)
Added Pin To Net: NetName=NetC1_1 Pin=C1-1
Added Pin To Net: NetName=0V Pin=C1-2
Added Pin To Net: NetName=NetC1_1 Pin=C2-1
Added Pin To Net: NetName=0V Pin=C2-2
Added Pin To Net: NetName=NetC1_1 Pin=C3-1
Added Pin To Net: NetName=0V Pin=C3-2
Added Pin To Net: NetName=NetC1_1 Pin=C4-1
Added Pin To Net: NetName=0V Pin=C4-2
Added Pin To Net: NetName=NetC1_1 Pin=C5-1
Added Pin To Net: NetName=0V Pin=C5-2
Added Pin To Net: NetName=NetC1_1 Pin=C6-1
Added Pin To Net: NetName=0V Pin=C6-2
Added Pin To Net: NetName=0V Pin=C7-1
Added Pin To Net: NetName=NetC1_1 Pin=C7-2
Added Pin To Net: NetName=0V Pin=C8-1
Added Pin To Net: NetName=NetC1_1 Pin=C8-2
Added Pin To Net: NetName=0V Pin=C9-1
Added Pin To Net: NetName=NetC9_2 Pin=C9-2
Added Pin To Net: NetName=0V Pin=C10-1
Added Pin To Net: NetName=VREFDDR Pin=C10-2
Added Pin To Net: NetName=0V Pin=C11-1
Added Pin To Net: NetName=VREFDDR Pin=C11-2
Added Pin To Net: NetName=0V Pin=C12-1
Added Pin To Net: NetName=VREFDDR Pin=C12-2
Added Pin To Net: NetName=0V Pin=C13-1
Added Pin To Net: NetName=VREFDDR Pin=C13-2
Added Pin To Net: NetName=0V Pin=C14-1
Added Pin To Net: NetName=V1P5D Pin=C14-2
Added Pin To Net: NetName=0V Pin=C15-1
Added Pin To Net: NetName=V1P5D Pin=C15-2
Added Pin To Net: NetName=0V Pin=C16-1
Added Pin To Net: NetName=V1P5D Pin=C16-2
Added Pin To Net: NetName=0V Pin=C17-1
Added Pin To Net: NetName=V1P5D Pin=C17-2
Added Pin To Net: NetName=0V Pin=C18-1
Added Pin To Net: NetName=V1P5D Pin=C18-2
Added Pin To Net: NetName=0V Pin=C19-1
Added Pin To Net: NetName=V1P5D Pin=C19-2
Added Pin To Net: NetName=0V Pin=C20-1
Added Pin To Net: NetName=V1P5D Pin=C20-2
Added Pin To Net: NetName=0V Pin=C21-1
Added Pin To Net: NetName=V1P5D Pin=C21-2
Added Pin To Net: NetName=0V Pin=C22-1
Added Pin To Net: NetName=V1P5D Pin=C22-2
Added Pin To Net: NetName=0V Pin=C23-1
Added Pin To Net: NetName=V1P5D Pin=C23-2
Added Pin To Net: NetName=0V Pin=C24-1
Added Pin To Net: NetName=V1P5D Pin=C24-2
Added Pin To Net: NetName=0V Pin=C25-1
Added Pin To Net: NetName=V1P5D Pin=C25-2
Added Pin To Net: NetName=0V Pin=C26-1
Added Pin To Net: NetName=V1P5D Pin=C26-2
Added Pin To Net: NetName=0V Pin=C27-1
Added Pin To Net: NetName=V1P5D Pin=C27-2
Added Pin To Net: NetName=0V Pin=C28-1
Added Pin To Net: NetName=V1P5D Pin=C28-2
Added Pin To Net: NetName=0V Pin=C29-1
Added Pin To Net: NetName=V1P5D Pin=C29-2
Added Pin To Net: NetName=0V Pin=C30-1
Added Pin To Net: NetName=V0P75D Pin=C30-2
Added Pin To Net: NetName=0V Pin=C31-1
Added Pin To Net: NetName=V0P75D Pin=C31-2
Added Pin To Net: NetName=0V Pin=C32-1
Added Pin To Net: NetName=V0P75D Pin=C32-2
Added Pin To Net: NetName=0V Pin=C33-1
Added Pin To Net: NetName=V1P5D Pin=C33-2
Added Pin To Net: NetName=0V Pin=C34-1
Added Pin To Net: NetName=NetC34_2 Pin=C34-2
Added Pin To Net: NetName=0V Pin=C35-1
Added Pin To Net: NetName=V1P5D Pin=C35-2
Added Pin To Net: NetName=0V Pin=C36-1
Added Pin To Net: NetName=V1P5D Pin=C36-2
Added Pin To Net: NetName=0V Pin=C37-1
Added Pin To Net: NetName=V1P5D Pin=C37-2
Added Pin To Net: NetName=0V Pin=C38-1
Added Pin To Net: NetName=V1P5D Pin=C38-2
Added Pin To Net: NetName=0V Pin=C39-1
Added Pin To Net: NetName=V1P5D Pin=C39-2
Added Pin To Net: NetName=0V Pin=C40-1
Added Pin To Net: NetName=V1P5D Pin=C40-2
Added Pin To Net: NetName=0V Pin=C41-1
Added Pin To Net: NetName=V1P5D Pin=C41-2
Added Pin To Net: NetName=0V Pin=C42-1
Added Pin To Net: NetName=V1P5D Pin=C42-2
Added Pin To Net: NetName=0V Pin=C43-1
Added Pin To Net: NetName=V1P5D Pin=C43-2
Added Pin To Net: NetName=0V Pin=C44-1
Added Pin To Net: NetName=V1P5D Pin=C44-2
Added Pin To Net: NetName=0V Pin=C45-1
Added Pin To Net: NetName=V1P5D Pin=C45-2
Added Pin To Net: NetName=0V Pin=C46-1
Added Pin To Net: NetName=V1P5D Pin=C46-2
Added Pin To Net: NetName=0V Pin=C47-1
Added Pin To Net: NetName=V1P5D Pin=C47-2
Added Pin To Net: NetName=0V Pin=C48-1
Added Pin To Net: NetName=V1P5D Pin=C48-2
Added Pin To Net: NetName=0V Pin=C49-1
Added Pin To Net: NetName=V1P5D Pin=C49-2
Added Pin To Net: NetName=0V Pin=C50-1
Added Pin To Net: NetName=V1P5D Pin=C50-2
Added Pin To Net: NetName=0V Pin=C51-1
Added Pin To Net: NetName=NetC51_2 Pin=C51-2
Added Pin To Net: NetName=0V Pin=C52-1
Added Pin To Net: NetName=V1P5D Pin=C52-2
Added Pin To Net: NetName=0V Pin=C53-1
Added Pin To Net: NetName=V1P5D Pin=C53-2
Added Pin To Net: NetName=0V Pin=C54-1
Added Pin To Net: NetName=V1P1D Pin=C54-2
Added Pin To Net: NetName=0V Pin=C55-1
Added Pin To Net: NetName=V1P1D Pin=C55-2
Added Pin To Net: NetName=0V Pin=C56-1
Added Pin To Net: NetName=V1P1D Pin=C56-2
Added Pin To Net: NetName=0V Pin=C57-1
Added Pin To Net: NetName=V1P1D Pin=C57-2
Added Pin To Net: NetName=0V Pin=C58-1
Added Pin To Net: NetName=V1P1D Pin=C58-2
Added Pin To Net: NetName=0V Pin=C59-1
Added Pin To Net: NetName=V1P1D Pin=C59-2
Added Pin To Net: NetName=0V Pin=C60-1
Added Pin To Net: NetName=V1P1D Pin=C60-2
Added Pin To Net: NetName=0V Pin=C61-1
Added Pin To Net: NetName=NetC61_2 Pin=C61-2
Added Pin To Net: NetName=0V Pin=C62-1
Added Pin To Net: NetName=NetC61_2 Pin=C62-2
Added Pin To Net: NetName=0V Pin=C63-1
Added Pin To Net: NetName=NetC61_2 Pin=C63-2
Added Pin To Net: NetName=0V Pin=C64-1
Added Pin To Net: NetName=NetC61_2 Pin=C64-2
Added Pin To Net: NetName=0V Pin=C65-1
Added Pin To Net: NetName=NetC61_2 Pin=C65-2
Added Pin To Net: NetName=0V Pin=C66-1
Added Pin To Net: NetName=V1P1D Pin=C66-2
Added Pin To Net: NetName=0V Pin=C67-1
Added Pin To Net: NetName=V1P1D Pin=C67-2
Added Pin To Net: NetName=0V Pin=C68-1
Added Pin To Net: NetName=V1P1D Pin=C68-2
Added Pin To Net: NetName=0V Pin=C69-1
Added Pin To Net: NetName=V1P1D Pin=C69-2
Added Pin To Net: NetName=0V Pin=C70-1
Added Pin To Net: NetName=V1P1D Pin=C70-2
Added Pin To Net: NetName=0V Pin=C71-1
Added Pin To Net: NetName=V1P1D Pin=C71-2
Added Pin To Net: NetName=0V Pin=C72-1
Added Pin To Net: NetName=V1P1D Pin=C72-2
Added Pin To Net: NetName=0V Pin=C73-1
Added Pin To Net: NetName=VCC_AUX Pin=C73-2
Added Pin To Net: NetName=0V Pin=C74-1
Added Pin To Net: NetName=VCC_AUX Pin=C74-2
Added Pin To Net: NetName=0V Pin=C75-1
Added Pin To Net: NetName=VCC_AUX Pin=C75-2
Added Pin To Net: NetName=0V Pin=C76-1
Added Pin To Net: NetName=VCC_AUX Pin=C76-2
Added Pin To Net: NetName=0V Pin=C77-1
Added Pin To Net: NetName=VCC_AUX Pin=C77-2
Added Pin To Net: NetName=0V Pin=C78-1
Added Pin To Net: NetName=V1P1D Pin=C78-2
Added Pin To Net: NetName=0V Pin=C79-1
Added Pin To Net: NetName=V1P1D Pin=C79-2
Added Pin To Net: NetName=0V Pin=C80-1
Added Pin To Net: NetName=V1P1D Pin=C80-2
Added Pin To Net: NetName=0V Pin=C81-1
Added Pin To Net: NetName=V1P1D Pin=C81-2
Added Pin To Net: NetName=0V Pin=C82-1
Added Pin To Net: NetName=V1P1D Pin=C82-2
Added Pin To Net: NetName=0V Pin=C83-1
Added Pin To Net: NetName=V1P1D Pin=C83-2
Added Pin To Net: NetName=0V Pin=C84-1
Added Pin To Net: NetName=V1P1D Pin=C84-2
Added Pin To Net: NetName=0V Pin=C85-1
Added Pin To Net: NetName=V1P1D Pin=C85-2
Added Pin To Net: NetName=0V Pin=C86-1
Added Pin To Net: NetName=VCCPGM Pin=C86-2
Added Pin To Net: NetName=0V Pin=C87-1
Added Pin To Net: NetName=VCCPGM Pin=C87-2
Added Pin To Net: NetName=0V Pin=C88-1
Added Pin To Net: NetName=V2P5D Pin=C88-2
Added Pin To Net: NetName=0V Pin=C89-1
Added Pin To Net: NetName=V2P5D Pin=C89-2
Added Pin To Net: NetName=0V Pin=C90-1
Added Pin To Net: NetName=V2P5D Pin=C90-2
Added Pin To Net: NetName=0V Pin=C91-1
Added Pin To Net: NetName=V2P5D Pin=C91-2
Added Pin To Net: NetName=0V Pin=C92-1
Added Pin To Net: NetName=V2P5D Pin=C92-2
Added Pin To Net: NetName=0V Pin=C93-1
Added Pin To Net: NetName=V2P5D Pin=C93-2
Added Pin To Net: NetName=0V Pin=C94-1
Added Pin To Net: NetName=V2P5D Pin=C94-2
Added Pin To Net: NetName=0V Pin=C95-1
Added Pin To Net: NetName=V2P5D Pin=C95-2
Added Pin To Net: NetName=0V Pin=C96-1
Added Pin To Net: NetName=V2P5D Pin=C96-2
Added Pin To Net: NetName=0V Pin=C97-1
Added Pin To Net: NetName=V2P5D Pin=C97-2
Added Pin To Net: NetName=0V Pin=C98-1
Added Pin To Net: NetName=V2P5D Pin=C98-2
Added Pin To Net: NetName=0V Pin=C99-1
Added Pin To Net: NetName=V2P5D Pin=C99-2
Added Pin To Net: NetName=0V Pin=C100-1
Added Pin To Net: NetName=VCCPGM Pin=C100-2
Added Pin To Net: NetName=0V Pin=C101-1
Added Pin To Net: NetName=VCCPGM Pin=C101-2
Added Pin To Net: NetName=0V Pin=C102-1
Added Pin To Net: NetName=V1P5D Pin=C102-2
Added Pin To Net: NetName=0V Pin=C103-1
Added Pin To Net: NetName=V1P5D Pin=C103-2
Added Pin To Net: NetName=0V Pin=C104-1
Added Pin To Net: NetName=V1P5D Pin=C104-2
Added Pin To Net: NetName=0V Pin=C105-1
Added Pin To Net: NetName=V1P5D Pin=C105-2
Added Pin To Net: NetName=0V Pin=C106-1
Added Pin To Net: NetName=V1P5D Pin=C106-2
Added Pin To Net: NetName=0V Pin=C107-1
Added Pin To Net: NetName=V1P5D Pin=C107-2
Added Pin To Net: NetName=0V Pin=C108-1
Added Pin To Net: NetName=V1P5D Pin=C108-2
Added Pin To Net: NetName=0V Pin=C109-1
Added Pin To Net: NetName=VREFDDR Pin=C109-2
Added Pin To Net: NetName=0V Pin=C110-1
Added Pin To Net: NetName=VREFDDR Pin=C110-2
Added Pin To Net: NetName=0V Pin=C111-1
Added Pin To Net: NetName=V1P8D Pin=C111-2
Added Pin To Net: NetName=0V Pin=C112-1
Added Pin To Net: NetName=V1P8D Pin=C112-2
Added Pin To Net: NetName=0V Pin=C113-1
Added Pin To Net: NetName=V2P5D Pin=C113-2
Added Pin To Net: NetName=0V Pin=C114-1
Added Pin To Net: NetName=V2P5D Pin=C114-2
Added Pin To Net: NetName=0V Pin=C115-1
Added Pin To Net: NetName=V2P5D Pin=C115-2
Added Pin To Net: NetName=0V Pin=C116-1
Added Pin To Net: NetName=V2P5D Pin=C116-2
Added Pin To Net: NetName=0V Pin=C117-1
Added Pin To Net: NetName=V2P5D Pin=C117-2
Added Pin To Net: NetName=0V Pin=C118-1
Added Pin To Net: NetName=V2P5D Pin=C118-2
Added Pin To Net: NetName=0V Pin=C119-1
Added Pin To Net: NetName=V2P5D Pin=C119-2
Added Pin To Net: NetName=0V Pin=C120-1
Added Pin To Net: NetName=V1P8D Pin=C120-2
Added Pin To Net: NetName=0V Pin=C121-1
Added Pin To Net: NetName=V1P8D Pin=C121-2
Added Pin To Net: NetName=0V Pin=C122-1
Added Pin To Net: NetName=V1P8D Pin=C122-2
Added Pin To Net: NetName=0V Pin=C123-1
Added Pin To Net: NetName=V1P8D Pin=C123-2
Added Pin To Net: NetName=0V Pin=C124-1
Added Pin To Net: NetName=V3P3D Pin=C124-2
Added Pin To Net: NetName=0V Pin=C125-1
Added Pin To Net: NetName=V3P3D Pin=C125-2
Added Pin To Net: NetName=0V Pin=C126-1
Added Pin To Net: NetName=V3P3D Pin=C126-2
Added Pin To Net: NetName=0V Pin=C127-1
Added Pin To Net: NetName=V3P3D Pin=C127-2
Added Pin To Net: NetName=0V Pin=C128-1
Added Pin To Net: NetName=V1P8D Pin=C128-2
Added Pin To Net: NetName=0V Pin=C129-1
Added Pin To Net: NetName=V1P8D Pin=C129-2
Added Pin To Net: NetName=0V Pin=C130-1
Added Pin To Net: NetName=V1P8D Pin=C130-2
Added Pin To Net: NetName=0V Pin=C131-1
Added Pin To Net: NetName=V1P8D Pin=C131-2
Added Pin To Net: NetName=12V Pin=C133-1
Added Pin To Net: NetName=0V Pin=C133-2
Added Pin To Net: NetName=0V Pin=C134-1
Added Pin To Net: NetName=V3P3D Pin=C134-2
Added Pin To Net: NetName=0V Pin=C135-1
Added Pin To Net: NetName=V3P3D Pin=C135-2
Added Pin To Net: NetName=0V Pin=C136-1
Added Pin To Net: NetName=V1P8D Pin=C136-2
Added Pin To Net: NetName=0V Pin=C137-1
Added Pin To Net: NetName=V1P8D Pin=C137-2
Added Pin To Net: NetName=NetC140_1 Pin=C140-1
Added Pin To Net: NetName=NetC140_2 Pin=C140-2
Added Pin To Net: NetName=0V Pin=C146-1
Added Pin To Net: NetName=NetC146_2 Pin=C146-2
Added Pin To Net: NetName=0V Pin=C147-1
Added Pin To Net: NetName=NetC147_2 Pin=C147-2
Added Pin To Net: NetName=0V Pin=C148-1
Added Pin To Net: NetName=V3P3D Pin=C148-2
Added Pin To Net: NetName=0V Pin=C149-1
Added Pin To Net: NetName=V3P3D Pin=C149-2
Added Pin To Net: NetName=0V Pin=C150-1
Added Pin To Net: NetName=NetC150_2 Pin=C150-2
Added Pin To Net: NetName=0V Pin=C151-1
Added Pin To Net: NetName=V2P5D Pin=C151-2
Added Pin To Net: NetName=0V Pin=C152-1
Added Pin To Net: NetName=V2P5D Pin=C152-2
Added Pin To Net: NetName=0V Pin=C153-1
Added Pin To Net: NetName=NetC153_2 Pin=C153-2
Added Pin To Net: NetName=0V Pin=C154-1
Added Pin To Net: NetName=NetC154_2 Pin=C154-2
Added Pin To Net: NetName=0V Pin=C155-1
Added Pin To Net: NetName=NetC155_2 Pin=C155-2
Added Pin To Net: NetName=12V Pin=C156-1
Added Pin To Net: NetName=0V Pin=C156-2
Added Pin To Net: NetName=NetC159_1 Pin=C159-1
Added Pin To Net: NetName=NetC159_2 Pin=C159-2
Added Pin To Net: NetName=0V Pin=C160-1
Added Pin To Net: NetName=V1P5D Pin=C160-2
Added Pin To Net: NetName=0V Pin=C161-1
Added Pin To Net: NetName=V1P5D Pin=C161-2
Added Pin To Net: NetName=0V Pin=C166-1
Added Pin To Net: NetName=NetC166_2 Pin=C166-2
Added Pin To Net: NetName=0V Pin=C167-1
Added Pin To Net: NetName=NetC167_2 Pin=C167-2
Added Pin To Net: NetName=NetC168_1 Pin=C168-1
Added Pin To Net: NetName=0V Pin=C168-2
Added Pin To Net: NetName=SS_TX_P Pin=C169-1
Added Pin To Net: NetName=NetC169_2 Pin=C169-2
Added Pin To Net: NetName=SS_TX_N Pin=C170-1
Added Pin To Net: NetName=NetC170_2 Pin=C170-2
Added Pin To Net: NetName=0V Pin=C171-1
Added Pin To Net: NetName=NetC171_2 Pin=C171-2
Added Pin To Net: NetName=0V Pin=C172-1
Added Pin To Net: NetName=NetC172_2 Pin=C172-2
Added Pin To Net: NetName=0V Pin=C173-1
Added Pin To Net: NetName=V1P2D Pin=C173-2
Added Pin To Net: NetName=0V Pin=C174-1
Added Pin To Net: NetName=U3RXVDDQ Pin=C174-2
Added Pin To Net: NetName=0V Pin=C175-1
Added Pin To Net: NetName=U3RXVDDQ Pin=C175-2
Added Pin To Net: NetName=0V Pin=C176-1
Added Pin To Net: NetName=NetC176_2 Pin=C176-2
Added Pin To Net: NetName=0V Pin=C177-1
Added Pin To Net: NetName=U3TXVDDQ Pin=C177-2
Added Pin To Net: NetName=0V Pin=C178-1
Added Pin To Net: NetName=U3TXVDDQ Pin=C178-2
Added Pin To Net: NetName=0V Pin=C179-1
Added Pin To Net: NetName=AVDD Pin=C179-2
Added Pin To Net: NetName=0V Pin=C180-1
Added Pin To Net: NetName=AVDD Pin=C180-2
Added Pin To Net: NetName=0V Pin=C181-1
Added Pin To Net: NetName=V1P2D Pin=C181-2
Added Pin To Net: NetName=0V Pin=C182-1
Added Pin To Net: NetName=V1P2D Pin=C182-2
Added Pin To Net: NetName=0V Pin=C183-1
Added Pin To Net: NetName=V1P2D Pin=C183-2
Added Pin To Net: NetName=0V Pin=C184-1
Added Pin To Net: NetName=V1P2D Pin=C184-2
Added Pin To Net: NetName=0V Pin=C185-1
Added Pin To Net: NetName=V1P2D Pin=C185-2
Added Pin To Net: NetName=0V Pin=C186-1
Added Pin To Net: NetName=V1P2D Pin=C186-2
Added Pin To Net: NetName=0V Pin=C187-1
Added Pin To Net: NetName=V1P2D Pin=C187-2
Added Pin To Net: NetName=0V Pin=C188-1
Added Pin To Net: NetName=V1P2D Pin=C188-2
Added Pin To Net: NetName=0V Pin=C189-1
Added Pin To Net: NetName=V1P2D Pin=C189-2
Added Pin To Net: NetName=0V Pin=C190-1
Added Pin To Net: NetName=V1P2D Pin=C190-2
Added Pin To Net: NetName=0V Pin=C191-1
Added Pin To Net: NetName=V1P8D Pin=C191-2
Added Pin To Net: NetName=0V Pin=C192-1
Added Pin To Net: NetName=V1P8D Pin=C192-2
Added Pin To Net: NetName=0V Pin=C193-1
Added Pin To Net: NetName=V1P8D Pin=C193-2
Added Pin To Net: NetName=0V Pin=C194-1
Added Pin To Net: NetName=V1P8D Pin=C194-2
Added Pin To Net: NetName=0V Pin=C195-1
Added Pin To Net: NetName=V1P8D Pin=C195-2
Added Pin To Net: NetName=0V Pin=C196-1
Added Pin To Net: NetName=V1P8D Pin=C196-2
Added Pin To Net: NetName=0V Pin=C197-1
Added Pin To Net: NetName=V1P8D Pin=C197-2
Added Pin To Net: NetName=0V Pin=C198-1
Added Pin To Net: NetName=V3P3D Pin=C198-2
Added Pin To Net: NetName=0V Pin=C199-1
Added Pin To Net: NetName=V3P3D Pin=C199-2
Added Pin To Net: NetName=0V Pin=C200-1
Added Pin To Net: NetName=V3P3D Pin=C200-2
Added Pin To Net: NetName=0V Pin=C201-1
Added Pin To Net: NetName=V3P3D Pin=C201-2
Added Pin To Net: NetName=0V Pin=C202-1
Added Pin To Net: NetName=V3P3D Pin=C202-2
Added Pin To Net: NetName=0V Pin=C203-1
Added Pin To Net: NetName=V3P3D Pin=C203-2
Added Pin To Net: NetName=0V Pin=D10-A1
Added Pin To Net: NetName=U3RXVDDQ Pin=D10-A2
Added Pin To Net: NetName=SS_RX_N Pin=D10-A3
Added Pin To Net: NetName=SS_RX_P Pin=D10-A4
Added Pin To Net: NetName=NetC169_2 Pin=D10-A5
Added Pin To Net: NetName=NetC170_2 Pin=D10-A6
Added Pin To Net: NetName=AVDD Pin=D10-A7
Added Pin To Net: NetName=0V Pin=D10-A8
Added Pin To Net: NetName=USB_P Pin=D10-A9
Added Pin To Net: NetName=USB_N Pin=D10-A10
Added Pin To Net: NetName=V1P8D Pin=D10-B1
Added Pin To Net: NetName=NetD10_B2 Pin=D10-B2
Added Pin To Net: NetName=NetD10_B3 Pin=D10-B3
Added Pin To Net: NetName=NetD10_B4 Pin=D10-B4
Added Pin To Net: NetName=U3TXVDDQ Pin=D10-B5
Added Pin To Net: NetName=V3P3D Pin=D10-B6
Added Pin To Net: NetName=0V Pin=D10-B7
Added Pin To Net: NetName=0V Pin=D10-B8
Added Pin To Net: NetName=0V Pin=D10-B9
Added Pin To Net: NetName=V1P2D Pin=D10-B10
Added Pin To Net: NetName=FPGA_NCONFIG Pin=D10-C1
Added Pin To Net: NetName=V1P2D Pin=D10-C3
Added Pin To Net: NetName=NetC176_2 Pin=D10-C5
Added Pin To Net: NetName=NetC172_2 Pin=D10-C6
Added Pin To Net: NetName=NetC171_2 Pin=D10-C7
Added Pin To Net: NetName=NetD10_C8 Pin=D10-C8
Added Pin To Net: NetName=NetD10_C9 Pin=D10-C9
Added Pin To Net: NetName=V3P3D Pin=D10-C11
Added Pin To Net: NetName=FPGA_NSTATUS Pin=D10-D2
Added Pin To Net: NetName=FPGA_CONF_DONE Pin=D10-D3
Added Pin To Net: NetName=FPGA_DCLK Pin=D10-D4
Added Pin To Net: NetName=FPGA_DATA0 Pin=D10-D5
Added Pin To Net: NetName=CY_G Pin=D10-D7
Added Pin To Net: NetName=0V Pin=D10-D8
Added Pin To Net: NetName=CY_SCL Pin=D10-D9
Added Pin To Net: NetName=CY_SDA Pin=D10-D10
Added Pin To Net: NetName=C_DQ29 Pin=D10-E1
Added Pin To Net: NetName=0V Pin=D10-E2
Added Pin To Net: NetName=V1P8D Pin=D10-E3
Added Pin To Net: NetName=C_DQ31 Pin=D10-E4
Added Pin To Net: NetName=C_DQ30 Pin=D10-E5
Added Pin To Net: NetName=NetD10_E6 Pin=D10-E6
Added Pin To Net: NetName=V1P2D Pin=D10-E9
Added Pin To Net: NetName=V3P3D Pin=D10-E10
Added Pin To Net: NetName=NetC168_1 Pin=D10-E11
Added Pin To Net: NetName=V1P8D Pin=D10-F1
Added Pin To Net: NetName=C_DQ27 Pin=D10-F3
Added Pin To Net: NetName=C_DQ24 Pin=D10-F4
Added Pin To Net: NetName=C_DQ28 Pin=D10-F5
Added Pin To Net: NetName=C_DQ2 Pin=D10-F7
Added Pin To Net: NetName=C_DQ5 Pin=D10-F8
Added Pin To Net: NetName=C_DQ1 Pin=D10-F9
Added Pin To Net: NetName=C_DQ0 Pin=D10-F10
Added Pin To Net: NetName=V1P2D Pin=D10-F11
Added Pin To Net: NetName=0V Pin=D10-G1
Added Pin To Net: NetName=C_DQ25 Pin=D10-G2
Added Pin To Net: NetName=C_DQ26 Pin=D10-G3
Added Pin To Net: NetName=NetD10_G4 Pin=D10-G4
Added Pin To Net: NetName=CTRL8 Pin=D10-G5
Added Pin To Net: NetName=CTRL5 Pin=D10-G6
Added Pin To Net: NetName=CTRL4 Pin=D10-G7
Added Pin To Net: NetName=C_DQ15 Pin=D10-G8
Added Pin To Net: NetName=C_DQ4 Pin=D10-G9
Added Pin To Net: NetName=C_DQ3 Pin=D10-G10
Added Pin To Net: NetName=0V Pin=D10-G11
Added Pin To Net: NetName=V1P2D Pin=D10-H1
Added Pin To Net: NetName=C_DQ22 Pin=D10-H2
Added Pin To Net: NetName=NetD10_H4 Pin=D10-H4
Added Pin To Net: NetName=CTRL12 Pin=D10-H5
Added Pin To Net: NetName=CTRL9 Pin=D10-H6
Added Pin To Net: NetName=CTRL3 Pin=D10-H7
Added Pin To Net: NetName=CTRL7 Pin=D10-H8
Added Pin To Net: NetName=C_DQ7 Pin=D10-H9
Added Pin To Net: NetName=C_DQ6 Pin=D10-H10
Added Pin To Net: NetName=V1P8D Pin=D10-H11
Added Pin To Net: NetName=C_DQ21 Pin=D10-J1
Added Pin To Net: NetName=C_DQ19 Pin=D10-J2
Added Pin To Net: NetName=C_DQ20 Pin=D10-J3
Added Pin To Net: NetName=C_DQ17 Pin=D10-J4
Added Pin To Net: NetName=CTRL11 Pin=D10-J5
Added Pin To Net: NetName=PCLK Pin=D10-J6
Added Pin To Net: NetName=CTRL2 Pin=D10-J7
Added Pin To Net: NetName=C_DQ14 Pin=D10-J8
Added Pin To Net: NetName=C_DQ9 Pin=D10-J9
Added Pin To Net: NetName=C_DQ8 Pin=D10-J10
Added Pin To Net: NetName=V1P2D Pin=D10-J11
Added Pin To Net: NetName=C_DQ18 Pin=D10-K1
Added Pin To Net: NetName=C_DQ16 Pin=D10-K2
Added Pin To Net: NetName=0V Pin=D10-K3
Added Pin To Net: NetName=0V Pin=D10-K4
Added Pin To Net: NetName=CTRL10 Pin=D10-K5
Added Pin To Net: NetName=CTRL6 Pin=D10-K6
Added Pin To Net: NetName=CTRL1 Pin=D10-K7
Added Pin To Net: NetName=CTRL0 Pin=D10-K8
Added Pin To Net: NetName=C_DQ13 Pin=D10-K9
Added Pin To Net: NetName=C_DQ12 Pin=D10-K10
Added Pin To Net: NetName=C_DQ10 Pin=D10-K11
Added Pin To Net: NetName=0V Pin=D10-L1
Added Pin To Net: NetName=0V Pin=D10-L2
Added Pin To Net: NetName=0V Pin=D10-L3
Added Pin To Net: NetName=NetD10_L4 Pin=D10-L4
Added Pin To Net: NetName=V1P2D Pin=D10-L5
Added Pin To Net: NetName=0V Pin=D10-L6
Added Pin To Net: NetName=V1P2D Pin=D10-L7
Added Pin To Net: NetName=NetD10_L8 Pin=D10-L8
Added Pin To Net: NetName=V1P8D Pin=D10-L9
Added Pin To Net: NetName=C_DQ11 Pin=D10-L10
Added Pin To Net: NetName=0V Pin=D10-L11
Added Pin To Net: NetName=NetC1_1 Pin=L1-1
Added Pin To Net: NetName=V0P75D Pin=L1-2
Added Pin To Net: NetName=V0P75D Pin=L2-1
Added Pin To Net: NetName=VREFDDR Pin=L2-2
Added Pin To Net: NetName=NetC61_2 Pin=L3-1
Added Pin To Net: NetName=V2P5D Pin=L3-2
Added Pin To Net: NetName=VCC_AUX Pin=L4-1
Added Pin To Net: NetName=V2P5D Pin=L4-2
Added Pin To Net: NetName=VCCPGM Pin=L5-1
Added Pin To Net: NetName=V1P8D Pin=L5-2
Added Pin To Net: NetName=NetD6_16 Pin=L6-1
Added Pin To Net: NetName=V1P8D Pin=L6-2
Added Pin To Net: NetName=NetC140_2 Pin=L7-1
Added Pin To Net: NetName=V1P1D Pin=L7-2
Added Pin To Net: NetName=NetD6_8 Pin=L8-1
Added Pin To Net: NetName=V2P5D Pin=L8-2
Added Pin To Net: NetName=NetC159_2 Pin=L9-1
Added Pin To Net: NetName=V3P3D Pin=L9-2
Added Pin To Net: NetName=V1P2D Pin=L10-1
Added Pin To Net: NetName=U3RXVDDQ Pin=L10-2
Added Pin To Net: NetName=V1P2D Pin=L11-1
Added Pin To Net: NetName=U3TXVDDQ Pin=L11-2
Added Pin To Net: NetName=V1P2D Pin=L12-1
Added Pin To Net: NetName=AVDD Pin=L12-2
Added Pin To Net: NetName=NetD1_L8 Pin=R7-1
Added Pin To Net: NetName=0V Pin=R7-2
Added Pin To Net: NetName=NetD2_L8 Pin=R8-1
Added Pin To Net: NetName=0V Pin=R8-2
Added Pin To Net: NetName=DDR_CK_N Pin=R9-1
Added Pin To Net: NetName=NetC9_2 Pin=R9-2
Added Pin To Net: NetName=NetC9_2 Pin=R10-1
Added Pin To Net: NetName=DDR_CK_P Pin=R10-2
Added Pin To Net: NetName=0V Pin=R11-1
Added Pin To Net: NetName=DDR_CKE Pin=R11-2
Added Pin To Net: NetName=V1P5D Pin=R12-1
Added Pin To Net: NetName=DDR_RESET_N Pin=R12-2
Added Pin To Net: NetName=NetC51_2 Pin=R13-1
Added Pin To Net: NetName=V1P5D Pin=R13-2
Added Pin To Net: NetName=0V Pin=R14-1
Added Pin To Net: NetName=NetC51_2 Pin=R14-2
Added Pin To Net: NetName=0V Pin=R15-1
Added Pin To Net: NetName=NetD4_B12 Pin=R15-2
Added Pin To Net: NetName=NetD4_AD23 Pin=R16-1
Added Pin To Net: NetName=0V Pin=R16-2
Added Pin To Net: NetName=NetD4_AK13 Pin=R17-1
Added Pin To Net: NetName=0V Pin=R17-2
Added Pin To Net: NetName=VCCPGM Pin=R18-1
Added Pin To Net: NetName=TMS Pin=R18-2
Added Pin To Net: NetName=VCCPGM Pin=R19-1
Added Pin To Net: NetName=TCK Pin=R19-2
Added Pin To Net: NetName=TDI Pin=R20-1
Added Pin To Net: NetName=VCCPGM Pin=R20-2
Added Pin To Net: NetName=NetD4_P9 Pin=R21-1
Added Pin To Net: NetName=VCCPGM Pin=R21-2
Added Pin To Net: NetName=NetD4_M7 Pin=R22-1
Added Pin To Net: NetName=VCCPGM Pin=R22-2
Added Pin To Net: NetName=VCCPGM Pin=R23-1
Added Pin To Net: NetName=FPGA_NCONFIG Pin=R23-2
Added Pin To Net: NetName=VCCPGM Pin=R24-1
Added Pin To Net: NetName=FPGA_CONF_DONE Pin=R24-2
Added Pin To Net: NetName=VCCPGM Pin=R25-1
Added Pin To Net: NetName=FPGA_DCLK Pin=R25-2
Added Pin To Net: NetName=0V Pin=R26-1
Added Pin To Net: NetName=TCK Pin=R26-2
Added Pin To Net: NetName=NetD5_7 Pin=R27-1
Added Pin To Net: NetName=V3P3D Pin=R27-2
Added Pin To Net: NetName=NetD5_7 Pin=R28-1
Added Pin To Net: NetName=A_485 Pin=R28-2
Added Pin To Net: NetName=NetD5_6 Pin=R29-1
Added Pin To Net: NetName=NetD5_7 Pin=R29-2
Added Pin To Net: NetName=NetD5_6 Pin=R30-1
Added Pin To Net: NetName=B_485 Pin=R30-2
Added Pin To Net: NetName=0V Pin=R31-1
Added Pin To Net: NetName=NetD5_6 Pin=R31-2
Added Pin To Net: NetName=NetD4_C1 Pin=R32-1
Added Pin To Net: NetName=0V Pin=R32-2
Added Pin To Net: NetName=NetD6_23 Pin=R33-1
Added Pin To Net: NetName=V1P8D Pin=R33-2
Added Pin To Net: NetName=NetD7_7 Pin=R34-1
Added Pin To Net: NetName=V1P1D Pin=R34-2
Added Pin To Net: NetName=NetD6_23 Pin=R35-1
Added Pin To Net: NetName=0V Pin=R35-2
Added Pin To Net: NetName=NetC146_2 Pin=R36-1
Added Pin To Net: NetName=NetC147_2 Pin=R36-2
Added Pin To Net: NetName=0V Pin=R37-1
Added Pin To Net: NetName=NetD7_7 Pin=R37-2
Added Pin To Net: NetName=NetD7_1 Pin=R38-1
Added Pin To Net: NetName=0V Pin=R38-2
Added Pin To Net: NetName=NetD7_8 Pin=R39-1
Added Pin To Net: NetName=NetC155_2 Pin=R39-2
Added Pin To Net: NetName=NetD6_2 Pin=R40-1
Added Pin To Net: NetName=V2P5D Pin=R40-2
Added Pin To Net: NetName=NetC153_2 Pin=R41-1
Added Pin To Net: NetName=NetC154_2 Pin=R41-2
Added Pin To Net: NetName=0V Pin=R42-1
Added Pin To Net: NetName=NetD6_2 Pin=R42-2
Added Pin To Net: NetName=NetD8_7 Pin=R43-1
Added Pin To Net: NetName=V3P3D Pin=R43-2
Added Pin To Net: NetName=NetD9_9 Pin=R44-1
Added Pin To Net: NetName=V1P5D Pin=R44-2
Added Pin To Net: NetName=0V Pin=R45-1
Added Pin To Net: NetName=NetD8_7 Pin=R45-2
Added Pin To Net: NetName=NetD8_1 Pin=R46-1
Added Pin To Net: NetName=0V Pin=R46-2
Added Pin To Net: NetName=0V Pin=R47-1
Added Pin To Net: NetName=NetD9_9 Pin=R47-2
Added Pin To Net: NetName=NetD8_8 Pin=R48-1
Added Pin To Net: NetName=NetC167_2 Pin=R48-2
Added Pin To Net: NetName=NetD9_5 Pin=R49-1
Added Pin To Net: NetName=V1P8D Pin=R49-2
Added Pin To Net: NetName=NetC168_1 Pin=R50-1
Added Pin To Net: NetName=NetR50_2 Pin=R50-2
Added Pin To Net: NetName=0V Pin=R52-1
Added Pin To Net: NetName=NetD10_B2 Pin=R52-2
Added Pin To Net: NetName=NetD10_C9 Pin=R53-1
Added Pin To Net: NetName=0V Pin=R53-2
Added Pin To Net: NetName=0V Pin=R54-1
Added Pin To Net: NetName=NetD10_B4 Pin=R54-2
Added Pin To Net: NetName=C_DQ4 Pin=R55-8
Added Pin To Net: NetName=V3P3D Pin=R56-1
Added Pin To Net: NetName=NetD10_E6 Pin=R56-2
Added Pin To Net: NetName=C_DQ6 Pin=R57-6
Added Pin To Net: NetName=C_DQ8 Pin=R58-7
Added Pin To Net: NetName=C_DQ7 Pin=R58-8
Added Pin To Net: NetName=C_DQ11 Pin=R59-8
Added Pin To Net: NetName=V3P3D Pin=R60-1
Added Pin To Net: NetName=NetR60_2 Pin=R60-2
Added Pin To Net: NetName=NetD10_C8 Pin=R61-1
Added Pin To Net: NetName=0V Pin=R61-2
Added Pin To Net: NetName=NetD10_B3 Pin=R62-1
Added Pin To Net: NetName=0V Pin=R62-2
Added Pin To Net: NetName=CTRL6 Pin=R67-7
Added Pin To Net: NetName=CTRL9 Pin=R68-5
Added Pin To Net: NetName=CY_SCL Pin=R69-1
Added Pin To Net: NetName=V3P3D Pin=R69-2
Added Pin To Net: NetName=CY_SDA Pin=R70-1
Added Pin To Net: NetName=V3P3D Pin=R70-2
Added Pin To Net: NetName=NetD10_G4 Pin=R71-1
Added Pin To Net: NetName=V1P8D Pin=R71-2
Added Pin To Net: NetName=NetD10_H4 Pin=R72-1
Added Pin To Net: NetName=V1P8D Pin=R72-2
Added Pin To Net: NetName=NetD10_L4 Pin=R73-1
Added Pin To Net: NetName=0V Pin=R73-2
Added Pin To Net: NetName=NetD10_L8 Pin=R74-1
Added Pin To Net: NetName=0V Pin=R74-2
Added Pin To Net: NetName=NetC176_2 Pin=R75-1
Added Pin To Net: NetName=V1P8D Pin=R75-2
Added Pin To Net: NetName=NetD12_9 Pin=R76-1
Added Pin To Net: NetName=V1P2D Pin=R76-2
Added Pin To Net: NetName=0V Pin=R78-1
Added Pin To Net: NetName=NetD12_9 Pin=R78-2
Added Pin To Net: NetName=NetD12_5 Pin=R79-1
Added Pin To Net: NetName=V1P8D Pin=R79-2
Added Pin To Net: NetName=NetR60_2 Pin=VG1-1
Added Pin To Net: NetName=0V Pin=VG1-2
Added Pin To Net: NetName=CY_G Pin=VG1-3
Added Pin To Net: NetName=V3P3D Pin=VG1-4
Added Pin To Net: NetName=NetVD1_2 Pin=X3-1
Added Pin To Net: NetName=0V Pin=X3-2
Added Pin To Net: NetName=0V Pin=X3-2
Added Pin To Net: NetName=0V Pin=X3-2
Added Pin To Net: NetName=0V Pin=X3-2
Added Pin To Net: NetName=NetR50_2 Pin=X4-1
Added Pin To Net: NetName=USB_N Pin=X4-2
Added Pin To Net: NetName=USB_P Pin=X4-3
Added Pin To Net: NetName=0V Pin=X4-4
Added Pin To Net: NetName=SS_TX_N Pin=X4-5
Added Pin To Net: NetName=SS_TX_P Pin=X4-6
Added Pin To Net: NetName=0V Pin=X4-7
Added Pin To Net: NetName=SS_RX_N Pin=X4-8
Added Pin To Net: NetName=SS_RX_P Pin=X4-9
Added Pin To Net: NetName=0V Pin=X4-10
Added Pin To Net: NetName=0V Pin=X4-10
Added Pin To Net: NetName=NetC171_2 Pin=ZQ1-1
Added Pin To Net: NetName=NetC172_2 Pin=ZQ1-2
Added Member To Class: ClassName=as14120_x31_ddr Member=Component C1 CAP 1uF 10V 0402(1005)
Added Member To Class: ClassName=as14120_x31_ddr Member=Component C2 CAP 1uF 10V 0402(1005)
Added Member To Class: ClassName=as14120_x31_ddr Member=Component C3 CAP 1uF 10V 0402(1005)
Added Member To Class: ClassName=as14120_x31_ddr Member=Component C4 CAP 1uF 10V 0402(1005)
Added Member To Class: ClassName=as14120_x31_ddr Member=Component C5 CAP 1uF 10V 0402(1005)
Added Member To Class: ClassName=as14120_x31_ddr Member=Component C6 CAP 1uF 10V 0402(1005)
Added Member To Class: ClassName=as14120_x31_ddr Member=Component C7 CAP 1uF 10V 0402(1005)
Added Member To Class: ClassName=as14120_x31_ddr Member=Component C8 CAP 1uF 10V 0402(1005)
Added Member To Class: ClassName=as14120_x31_ddr Member=Component C9 CAP 1uF 10V 0402(1005)
Added Member To Class: ClassName=as14120_x31_ddr Member=Component C10 CAP 1uF 10V 0402(1005)
Added Member To Class: ClassName=as14120_x31_ddr Member=Component C11 CAP 1uF 10V 0402(1005)
Added Member To Class: ClassName=as14120_x31_ddr Member=Component C12 CAP 1uF 10V 0402(1005)
Added Member To Class: ClassName=as14120_x31_ddr Member=Component C13 CAP 1uF 10V 0402(1005)
Added Member To Class: ClassName=as14120_x31_ddr Member=Component C14 CAP 1uF 10V 0402(1005)
Added Member To Class: ClassName=as14120_x31_ddr Member=Component C15 CAP 1uF 10V 0402(1005)
Added Member To Class: ClassName=as14120_x31_ddr Member=Component C16 CAP 1uF 10V 0402(1005)
Added Member To Class: ClassName=as14120_x31_ddr Member=Component C17 CAP 1uF 10V 0402(1005)
Added Member To Class: ClassName=as14120_x31_ddr Member=Component C18 CAP 1uF 10V 0402(1005)
Added Member To Class: ClassName=as14120_x31_ddr Member=Component C19 CAP 1uF 10V 0402(1005)
Added Member To Class: ClassName=as14120_x31_ddr Member=Component C20 CAP 1uF 10V 0402(1005)
Added Member To Class: ClassName=as14120_x31_ddr Member=Component C21 CAP 1uF 10V 0402(1005)
Added Member To Class: ClassName=as14120_x31_ddr Member=Component C22 CAP 1uF 10V 0402(1005)
Added Member To Class: ClassName=as14120_x31_ddr Member=Component C23 CAP 1uF 10V 0402(1005)
Added Member To Class: ClassName=as14120_x31_ddr Member=Component C24 CAP 1uF 10V 0402(1005)
Added Member To Class: ClassName=as14120_x31_ddr Member=Component C25 CAP 1uF 10V 0402(1005)
Added Member To Class: ClassName=as14120_x31_ddr Member=Component C26 CAP 1uF 10V 0402(1005)
Added Member To Class: ClassName=as14120_x31_ddr Member=Component C27 CAP 1uF 10V 0402(1005)
Added Member To Class: ClassName=as14120_x31_ddr Member=Component C28 CAP 1uF 10V 0402(1005)
Added Member To Class: ClassName=as14120_x31_ddr Member=Component C29 CAP 1uF 10V 0402(1005)
Added Member To Class: ClassName=as14120_x31_ddr Member=Component C30 CAP_0805
Added Member To Class: ClassName=as14120_x31_ddr Member=Component C31 CAP_0805
Added Member To Class: ClassName=as14120_x31_ddr Member=Component C32 CAP_0805
Added Member To Class: ClassName=as14120_x31_ddr Member=Component C33 CAP_0805
Added Member To Class: ClassName=as14120_x31_ddr Member=Component C34 CAP_0805
Added Member To Class: ClassName=as14120_x31_ddr Member=Component C35 CAP 1uF 10V 0402(1005)
Added Member To Class: ClassName=as14120_x31_ddr Member=Component C36 CAP 1uF 10V 0402(1005)
Added Member To Class: ClassName=as14120_x31_ddr Member=Component C37 CAP 1uF 10V 0402(1005)
Added Member To Class: ClassName=as14120_x31_ddr Member=Component C38 CAP 1uF 10V 0402(1005)
Added Member To Class: ClassName=as14120_x31_ddr Member=Component C39 CAP 1uF 10V 0402(1005)
Added Member To Class: ClassName=as14120_x31_ddr Member=Component C40 CAP 1uF 10V 0402(1005)
Added Member To Class: ClassName=as14120_x31_ddr Member=Component C41 CAP 1uF 10V 0402(1005)
Added Member To Class: ClassName=as14120_x31_ddr Member=Component C42 CAP 1uF 10V 0402(1005)
Added Member To Class: ClassName=as14120_x31_ddr Member=Component C43 CAP 1uF 10V 0402(1005)
Added Member To Class: ClassName=as14120_x31_ddr Member=Component C44 CAP 1uF 10V 0402(1005)
Added Member To Class: ClassName=as14120_x31_ddr Member=Component C45 CAP 1uF 10V 0402(1005)
Added Member To Class: ClassName=as14120_x31_ddr Member=Component C46 CAP 1uF 10V 0402(1005)
Added Member To Class: ClassName=as14120_x31_ddr Member=Component C47 CAP 1uF 10V 0402(1005)
Added Member To Class: ClassName=as14120_x31_ddr Member=Component C48 CAP 1uF 10V 0402(1005)
Added Member To Class: ClassName=as14120_x31_ddr Member=Component C49 CAP 1uF 10V 0402(1005)
Added Member To Class: ClassName=as14120_x31_ddr Member=Component C50 CAP 1uF 10V 0402(1005)
Added Member To Class: ClassName=as14120_x31_ddr Member=Component C51 CAP_0805
Added Member To Class: ClassName=as14120_x31_ddr Member=Component C52 CAP_0805
Added Member To Class: ClassName=as14120_x31_ddr Member=Component C53 CAP_0805
Added Member To Class: ClassName=as14120_x31_fpga_power_conf Member=Component C54 CAP 1uF 10V 0402(1005)
Added Member To Class: ClassName=as14120_x31_fpga_power_conf Member=Component C55 CAP 1uF 10V 0402(1005)
Added Member To Class: ClassName=as14120_x31_fpga_power_conf Member=Component C56 CAP 1uF 10V 0402(1005)
Added Member To Class: ClassName=as14120_x31_fpga_power_conf Member=Component C57 CAP 1uF 10V 0402(1005)
Added Member To Class: ClassName=as14120_x31_fpga_power_conf Member=Component C58 CAP 1uF 10V 0402(1005)
Added Member To Class: ClassName=as14120_x31_fpga_power_conf Member=Component C59 CAP 1uF 10V 0402(1005)
Added Member To Class: ClassName=as14120_x31_fpga_power_conf Member=Component C60 CAP 1uF 10V 0402(1005)
Added Member To Class: ClassName=as14120_x31_fpga_power_conf Member=Component C61 CAP 1uF 10V 0402(1005)
Added Member To Class: ClassName=as14120_x31_fpga_power_conf Member=Component C62 CAP 1uF 10V 0402(1005)
Added Member To Class: ClassName=as14120_x31_fpga_power_conf Member=Component C63 CAP 1uF 10V 0402(1005)
Added Member To Class: ClassName=as14120_x31_fpga_power_conf Member=Component C64 CAP 1uF 10V 0402(1005)
Added Member To Class: ClassName=as14120_x31_fpga_power_conf Member=Component C65 CAP 1uF 10V 0402(1005)
Added Member To Class: ClassName=as14120_x31_fpga_power_conf Member=Component C66 CAP 1uF 10V 0402(1005)
Added Member To Class: ClassName=as14120_x31_fpga_power_conf Member=Component C67 CAP 1uF 10V 0402(1005)
Added Member To Class: ClassName=as14120_x31_fpga_power_conf Member=Component C68 CAP 1uF 10V 0402(1005)
Added Member To Class: ClassName=as14120_x31_fpga_power_conf Member=Component C69 CAP 1uF 10V 0402(1005)
Added Member To Class: ClassName=as14120_x31_fpga_power_conf Member=Component C70 CAP 1uF 10V 0402(1005)
Added Member To Class: ClassName=as14120_x31_fpga_power_conf Member=Component C71 CAP 1uF 10V 0402(1005)
Added Member To Class: ClassName=as14120_x31_fpga_power_conf Member=Component C72 CAP 1uF 10V 0402(1005)
Added Member To Class: ClassName=as14120_x31_fpga_power_conf Member=Component C73 CAP 1uF 10V 0402(1005)
Added Member To Class: ClassName=as14120_x31_fpga_power_conf Member=Component C74 CAP 1uF 10V 0402(1005)
Added Member To Class: ClassName=as14120_x31_fpga_power_conf Member=Component C75 CAP 1uF 10V 0402(1005)
Added Member To Class: ClassName=as14120_x31_fpga_power_conf Member=Component C76 CAP 1uF 10V 0402(1005)
Added Member To Class: ClassName=as14120_x31_fpga_power_conf Member=Component C77 CAP 1uF 10V 0402(1005)
Added Member To Class: ClassName=as14120_x31_fpga_power_conf Member=Component C78 CAP 1uF 10V 0402(1005)
Added Member To Class: ClassName=as14120_x31_fpga_power_conf Member=Component C79 CAP 1uF 10V 0402(1005)
Added Member To Class: ClassName=as14120_x31_fpga_power_conf Member=Component C80 CAP 1uF 10V 0402(1005)
Added Member To Class: ClassName=as14120_x31_fpga_power_conf Member=Component C81 CAP 1uF 10V 0402(1005)
Added Member To Class: ClassName=as14120_x31_fpga_power_conf Member=Component C82 CAP 1uF 10V 0402(1005)
Added Member To Class: ClassName=as14120_x31_fpga_power_conf Member=Component C83 CAP 1uF 10V 0402(1005)
Added Member To Class: ClassName=as14120_x31_fpga_power_conf Member=Component C84 CAP 1uF 10V 0402(1005)
Added Member To Class: ClassName=as14120_x31_fpga_power_conf Member=Component C85 CAP 1uF 10V 0402(1005)
Added Member To Class: ClassName=as14120_x31_fpga_power_conf Member=Component C86 CAP 1uF 10V 0402(1005)
Added Member To Class: ClassName=as14120_x31_fpga_power_conf Member=Component C87 CAP 1uF 10V 0402(1005)
Added Member To Class: ClassName=as14120_x31_fpga_power_conf Member=Component C88 CAP 1uF 10V 0402(1005)
Added Member To Class: ClassName=as14120_x31_fpga_power_conf Member=Component C89 CAP 1uF 10V 0402(1005)
Added Member To Class: ClassName=as14120_x31_fpga_power_conf Member=Component C90 CAP 1uF 10V 0402(1005)
Added Member To Class: ClassName=as14120_x31_fpga_power_conf Member=Component C91 CAP 1uF 10V 0402(1005)
Added Member To Class: ClassName=as14120_x31_fpga_power_conf Member=Component C92 CAP 1uF 10V 0402(1005)
Added Member To Class: ClassName=as14120_x31_fpga_power_conf Member=Component C93 CAP 1uF 10V 0402(1005)
Added Member To Class: ClassName=as14120_x31_fpga_power_conf Member=Component C94 CAP 1uF 10V 0402(1005)
Added Member To Class: ClassName=as14120_x31_fpga_power_conf Member=Component C95 CAP 1uF 10V 0402(1005)
Added Member To Class: ClassName=as14120_x31_fpga_power_conf Member=Component C96 CAP 1uF 10V 0402(1005)
Added Member To Class: ClassName=as14120_x31_fpga_power_conf Member=Component C97 CAP 1uF 10V 0402(1005)
Added Member To Class: ClassName=as14120_x31_fpga_power_conf Member=Component C98 CAP 1uF 10V 0402(1005)
Added Member To Class: ClassName=as14120_x31_fpga_power_conf Member=Component C99 CAP 1uF 10V 0402(1005)
Added Member To Class: ClassName=as14120_x31_fpga_power_conf Member=Component C100 CAP 1uF 10V 0402(1005)
Added Member To Class: ClassName=as14120_x31_fpga_power_conf Member=Component C101 CAP 1uF 10V 0402(1005)
Added Member To Class: ClassName=as14120_x31_fpga_power_conf Member=Component C102 CAP 1uF 10V 0402(1005)
Added Member To Class: ClassName=as14120_x31_fpga_power_conf Member=Component C103 CAP 1uF 10V 0402(1005)
Added Member To Class: ClassName=as14120_x31_fpga_power_conf Member=Component C104 CAP 1uF 10V 0402(1005)
Added Member To Class: ClassName=as14120_x31_fpga_power_conf Member=Component C105 CAP 1uF 10V 0402(1005)
Added Member To Class: ClassName=as14120_x31_fpga_power_conf Member=Component C106 CAP 1uF 10V 0402(1005)
Added Member To Class: ClassName=as14120_x31_fpga_power_conf Member=Component C107 CAP 1uF 10V 0402(1005)
Added Member To Class: ClassName=as14120_x31_fpga_power_conf Member=Component C108 CAP 1uF 10V 0402(1005)
Added Member To Class: ClassName=as14120_x31_fpga_power_conf Member=Component C109 CAP 1uF 10V 0402(1005)
Added Member To Class: ClassName=as14120_x31_fpga_power_conf Member=Component C110 CAP 1uF 10V 0402(1005)
Added Member To Class: ClassName=as14120_x31_fpga_power_conf Member=Component C111 CAP 1uF 10V 0402(1005)
Added Member To Class: ClassName=as14120_x31_fpga_power_conf Member=Component C112 CAP 1uF 10V 0402(1005)
Added Member To Class: ClassName=as14120_x31_fpga_power_conf Member=Component C113 CAP 1uF 10V 0402(1005)
Added Member To Class: ClassName=as14120_x31_fpga_power_conf Member=Component C114 CAP 1uF 10V 0402(1005)
Added Member To Class: ClassName=as14120_x31_fpga_power_conf Member=Component C115 CAP 1uF 10V 0402(1005)
Added Member To Class: ClassName=as14120_x31_fpga_power_conf Member=Component C116 CAP 1uF 10V 0402(1005)
Added Member To Class: ClassName=as14120_x31_fpga_power_conf Member=Component C117 CAP 1uF 10V 0402(1005)
Added Member To Class: ClassName=as14120_x31_fpga_power_conf Member=Component C118 CAP 1uF 10V 0402(1005)
Added Member To Class: ClassName=as14120_x31_fpga_power_conf Member=Component C119 CAP 1uF 10V 0402(1005)
Added Member To Class: ClassName=as14120_x31_fpga_power_conf Member=Component C120 CAP 1uF 10V 0402(1005)
Added Member To Class: ClassName=as14120_x31_fpga_power_conf Member=Component C121 CAP 1uF 10V 0402(1005)
Added Member To Class: ClassName=as14120_x31_fpga_power_conf Member=Component C122 CAP 1uF 10V 0402(1005)
Added Member To Class: ClassName=as14120_x31_fpga_power_conf Member=Component C123 CAP 1uF 10V 0402(1005)
Added Member To Class: ClassName=as14120_x31_fpga_power_conf Member=Component C124 CAP 1uF 10V 0402(1005)
Added Member To Class: ClassName=as14120_x31_fpga_power_conf Member=Component C125 CAP 1uF 10V 0402(1005)
Added Member To Class: ClassName=as14120_x31_fpga_power_conf Member=Component C126 CAP 1uF 10V 0402(1005)
Added Member To Class: ClassName=as14120_x31_fpga_power_conf Member=Component C127 CAP 1uF 10V 0402(1005)
Added Member To Class: ClassName=as14120_x31_fpga_power_conf Member=Component C128 CAP 1uF 10V 0402(1005)
Added Member To Class: ClassName=as14120_x31_fpga_power_conf Member=Component C129 CAP 1uF 10V 0402(1005)
Added Member To Class: ClassName=as14120_x31_fpga_power_conf Member=Component C130 CAP 1uF 10V 0402(1005)
Added Member To Class: ClassName=as14120_x31_fpga_power_conf Member=Component C131 CAP 1uF 10V 0402(1005)
Added Member To Class: ClassName=as14120_x31_power Member=Component C133 CAP_0805
Added Member To Class: ClassName=as14120_x31_power Member=Component C134 CAP_0805
Added Member To Class: ClassName=as14120_x31_power Member=Component C135 CAP_0805
Added Member To Class: ClassName=as14120_x31_power Member=Component C136 CAP_0805
Added Member To Class: ClassName=as14120_x31_power Member=Component C137 CAP_0805
Added Member To Class: ClassName=as14120_x31_power Member=Component C140 CAP_0805
Added Member To Class: ClassName=as14120_x31_power Member=Component C146 CAP_0805
Added Member To Class: ClassName=as14120_x31_power Member=Component C147 CAP_0805
Added Member To Class: ClassName=as14120_x31_power Member=Component C148 CAP_0805
Added Member To Class: ClassName=as14120_x31_power Member=Component C149 CAP_0805
Added Member To Class: ClassName=as14120_x31_power Member=Component C150 CAP_0805
Added Member To Class: ClassName=as14120_x31_power Member=Component C151 CAP_0805
Added Member To Class: ClassName=as14120_x31_power Member=Component C152 CAP_0805
Added Member To Class: ClassName=as14120_x31_power Member=Component C153 CAP_0805
Added Member To Class: ClassName=as14120_x31_power Member=Component C154 CAP_0805
Added Member To Class: ClassName=as14120_x31_power Member=Component C155 CAP_0805
Added Member To Class: ClassName=as14120_x31_power Member=Component C156 CAP_0805
Added Member To Class: ClassName=as14120_x31_power Member=Component C159 CAP_0805
Added Member To Class: ClassName=as14120_x31_power Member=Component C160 CAP_0805
Added Member To Class: ClassName=as14120_x31_power Member=Component C161 CAP_0805
Added Member To Class: ClassName=as14120_x31_power Member=Component C166 CAP_0805
Added Member To Class: ClassName=as14120_x31_power Member=Component C167 CAP_0805
Added Member To Class: ClassName=as14120_x31_usb Member=Component C168 CAP 1uF 10V 0402(1005)
Added Member To Class: ClassName=as14120_x31_usb Member=Component C169 CAP 1uF 10V 0402(1005)
Added Member To Class: ClassName=as14120_x31_usb Member=Component C170 CAP 1uF 10V 0402(1005)
Added Member To Class: ClassName=as14120_x31_usb Member=Component C171 CAP_0805
Added Member To Class: ClassName=as14120_x31_usb Member=Component C172 CAP_0805
Added Member To Class: ClassName=as14120_x31_usb Member=Component C173 CAP_0805
Added Member To Class: ClassName=as14120_x31_usb Member=Component C174 CAP 1uF 10V 0402(1005)
Added Member To Class: ClassName=as14120_x31_usb Member=Component C175 CAP_0805
Added Member To Class: ClassName=as14120_x31_usb Member=Component C176 CAP 1uF 10V 0402(1005)
Added Member To Class: ClassName=as14120_x31_usb Member=Component C177 CAP 1uF 10V 0402(1005)
Added Member To Class: ClassName=as14120_x31_usb Member=Component C178 CAP_0805
Added Member To Class: ClassName=as14120_x31_usb Member=Component C179 CAP 1uF 10V 0402(1005)
Added Member To Class: ClassName=as14120_x31_usb Member=Component C180 CAP_0805
Added Member To Class: ClassName=as14120_x31_usb Member=Component C181 CAP 1uF 10V 0402(1005)
Added Member To Class: ClassName=as14120_x31_usb Member=Component C182 CAP 1uF 10V 0402(1005)
Added Member To Class: ClassName=as14120_x31_usb Member=Component C183 CAP 1uF 10V 0402(1005)
Added Member To Class: ClassName=as14120_x31_usb Member=Component C184 CAP 1uF 10V 0402(1005)
Added Member To Class: ClassName=as14120_x31_usb Member=Component C185 CAP 1uF 10V 0402(1005)
Added Member To Class: ClassName=as14120_x31_usb Member=Component C186 CAP 1uF 10V 0402(1005)
Added Member To Class: ClassName=as14120_x31_usb Member=Component C187 CAP 1uF 10V 0402(1005)
Added Member To Class: ClassName=as14120_x31_usb Member=Component C188 CAP 1uF 10V 0402(1005)
Added Member To Class: ClassName=as14120_x31_usb Member=Component C189 CAP 1uF 10V 0402(1005)
Added Member To Class: ClassName=as14120_x31_usb Member=Component C190 CAP 1uF 10V 0402(1005)
Added Member To Class: ClassName=as14120_x31_usb Member=Component C191 CAP 1uF 10V 0402(1005)
Added Member To Class: ClassName=as14120_x31_usb Member=Component C192 CAP 1uF 10V 0402(1005)
Added Member To Class: ClassName=as14120_x31_usb Member=Component C193 CAP 1uF 10V 0402(1005)
Added Member To Class: ClassName=as14120_x31_usb Member=Component C194 CAP 1uF 10V 0402(1005)
Added Member To Class: ClassName=as14120_x31_usb Member=Component C195 CAP 1uF 10V 0402(1005)
Added Member To Class: ClassName=as14120_x31_usb Member=Component C196 CAP 1uF 10V 0402(1005)
Added Member To Class: ClassName=as14120_x31_usb Member=Component C197 CAP 1uF 10V 0402(1005)
Added Member To Class: ClassName=as14120_x31_usb Member=Component C198 CAP 1uF 10V 0402(1005)
Added Member To Class: ClassName=as14120_x31_usb Member=Component C199 CAP 1uF 10V 0402(1005)
Added Member To Class: ClassName=as14120_x31_usb Member=Component C200 CAP 1uF 10V 0402(1005)
Added Member To Class: ClassName=as14120_x31_usb Member=Component C201 CAP 1uF 10V 0402(1005)
Added Member To Class: ClassName=as14120_x31_usb Member=Component C202 CAP 1uF 10V 0402(1005)
Added Member To Class: ClassName=as14120_x31_usb Member=Component C203 CAP 1uF 10V 0402(1005)
Added Member To Class: ClassName=as14120_x31_usb Member=Component D10 CYUSB3014
Added Member To Class: ClassName=as14120_x31_ddr Member=Component L1 BLM21PG300SN1D
Added Member To Class: ClassName=as14120_x31_ddr Member=Component L2 BLM21PG300SN1D
Added Member To Class: ClassName=as14120_x31_fpga_power_conf Member=Component L3 BLM21PG300SN1D
Added Member To Class: ClassName=as14120_x31_fpga_power_conf Member=Component L4 BLM21PG300SN1D
Added Member To Class: ClassName=as14120_x31_fpga_power_conf Member=Component L5 BLM21PG300SN1D
Added Member To Class: ClassName=as14120_x31_power Member=Component L6 IND_Sumida_CDRH3D16
Added Member To Class: ClassName=as14120_x31_power Member=Component L7 ind_cdr127_sumida
Added Member To Class: ClassName=as14120_x31_power Member=Component L8 IND_Sumida_CDRH3D16
Added Member To Class: ClassName=as14120_x31_power Member=Component L9 ind_cdr127_sumida
Added Member To Class: ClassName=as14120_x31_usb Member=Component L10 BLM21PG300SN1D
Added Member To Class: ClassName=as14120_x31_usb Member=Component L11 BLM21PG300SN1D
Added Member To Class: ClassName=as14120_x31_usb Member=Component L12 BLM21PG300SN1D
Added Member To Class: ClassName=as14120_x31_ddr Member=Component R7 1K 1% 0805(2012)
Added Member To Class: ClassName=as14120_x31_ddr Member=Component R8 1K 1% 0805(2012)
Added Member To Class: ClassName=as14120_x31_ddr Member=Component R9 39
Added Member To Class: ClassName=as14120_x31_ddr Member=Component R10 39
Added Member To Class: ClassName=as14120_x31_ddr Member=Component R11 1K 1% 0805(2012)
Added Member To Class: ClassName=as14120_x31_ddr Member=Component R12 1K 1% 0805(2012)
Added Member To Class: ClassName=as14120_x31_ddr Member=Component R13 1K 1% 0805(2012)
Added Member To Class: ClassName=as14120_x31_ddr Member=Component R14 1K 1% 0805(2012)
Added Member To Class: ClassName=as14120_x31_fpga_adc Member=Component R15 240
Added Member To Class: ClassName=as14120_x31_fpga_cypress Member=Component R16 240
Added Member To Class: ClassName=as14120_x31_fpga_ddr Member=Component R17 1K 1% 0805(2012)
Added Member To Class: ClassName=as14120_x31_fpga_power_conf Member=Component R18 1K 5% 0603(1608)
Added Member To Class: ClassName=as14120_x31_fpga_power_conf Member=Component R19 1K 5% 0603(1608)
Added Member To Class: ClassName=as14120_x31_fpga_power_conf Member=Component R20 1K 5% 0603(1608)
Added Member To Class: ClassName=as14120_x31_fpga_power_conf Member=Component R21 1K 5% 0603(1608)
Added Member To Class: ClassName=as14120_x31_fpga_power_conf Member=Component R22 1K 5% 0603(1608)
Added Member To Class: ClassName=as14120_x31_fpga_power_conf Member=Component R23 1K 5% 0603(1608)
Added Member To Class: ClassName=as14120_x31_fpga_power_conf Member=Component R24 1K 5% 0603(1608)
Added Member To Class: ClassName=as14120_x31_fpga_power_conf Member=Component R25 1K 5% 0603(1608)
Added Member To Class: ClassName=as14120_x31_fpga_power_conf Member=Component R26 1K 5% 0603(1608)
Added Member To Class: ClassName=as14120_x31_fpga_ttl Member=Component R27 1K 1% 0805(2012)
Added Member To Class: ClassName=as14120_x31_fpga_ttl Member=Component R28 1K 1% 0805(2012)
Added Member To Class: ClassName=as14120_x31_fpga_ttl Member=Component R29 1K 1% 0805(2012)
Added Member To Class: ClassName=as14120_x31_fpga_ttl Member=Component R30 1K 1% 0805(2012)
Added Member To Class: ClassName=as14120_x31_fpga_ttl Member=Component R31 1K 1% 0805(2012)
Added Member To Class: ClassName=as14120_x31_fpga_ttl Member=Component R32 1K 1% 0805(2012)
Added Member To Class: ClassName=as14120_x31_power Member=Component R33 1K 1% 0805(2012)
Added Member To Class: ClassName=as14120_x31_power Member=Component R34 1K 1% 0805(2012)
Added Member To Class: ClassName=as14120_x31_power Member=Component R35 1K 1% 0805(2012)
Added Member To Class: ClassName=as14120_x31_power Member=Component R36 1K 1% 0805(2012)
Added Member To Class: ClassName=as14120_x31_power Member=Component R37 1K 1% 0805(2012)
Added Member To Class: ClassName=as14120_x31_power Member=Component R38 1K 1% 0805(2012)
Added Member To Class: ClassName=as14120_x31_power Member=Component R39 1K 1% 0805(2012)
Added Member To Class: ClassName=as14120_x31_power Member=Component R40 1K 1% 0805(2012)
Added Member To Class: ClassName=as14120_x31_power Member=Component R41 1K 1% 0805(2012)
Added Member To Class: ClassName=as14120_x31_power Member=Component R42 1K 1% 0805(2012)
Added Member To Class: ClassName=as14120_x31_power Member=Component R43 1K 1% 0805(2012)
Added Member To Class: ClassName=as14120_x31_power Member=Component R44 1K 1% 0805(2012)
Added Member To Class: ClassName=as14120_x31_power Member=Component R45 1K 1% 0805(2012)
Added Member To Class: ClassName=as14120_x31_power Member=Component R46 1K 1% 0805(2012)
Added Member To Class: ClassName=as14120_x31_power Member=Component R47 1K 1% 0805(2012)
Added Member To Class: ClassName=as14120_x31_power Member=Component R48 1K 1% 0805(2012)
Added Member To Class: ClassName=as14120_x31_power Member=Component R49 1K 5% 0603(1608)
Added Member To Class: ClassName=as14120_x31_usb Member=Component R50 1K 1% 0805(2012)
Added Member To Class: ClassName=as14120_x31_usb Member=Component R52 1K 5% 0603(1608)
Added Member To Class: ClassName=as14120_x31_usb Member=Component R53 ???
Added Member To Class: ClassName=as14120_x31_usb Member=Component R54 1K 5% 0603(1608)
Added Member To Class: ClassName=as14120_x31_usb Member=Component R56 1K 5% 0603(1608)
Added Member To Class: ClassName=as14120_x31_usb Member=Component R60 1K 5% 0603(1608)
Added Member To Class: ClassName=as14120_x31_usb Member=Component R61 1K 1% 0805(2012)
Added Member To Class: ClassName=as14120_x31_usb Member=Component R62 1K 1% 0805(2012)
Added Member To Class: ClassName=as14120_x31_usb Member=Component R69 1K 5% 0603(1608)
Added Member To Class: ClassName=as14120_x31_usb Member=Component R70 1K 5% 0603(1608)
Added Member To Class: ClassName=as14120_x31_usb Member=Component R71 1K 5% 0603(1608)
Added Member To Class: ClassName=as14120_x31_usb Member=Component R72 1K 5% 0603(1608)
Added Member To Class: ClassName=as14120_x31_usb Member=Component R73 1K 5% 0603(1608)
Added Member To Class: ClassName=as14120_x31_usb Member=Component R74 1K 5% 0603(1608)
Added Member To Class: ClassName=as14120_x31_usb Member=Component R75 1K 5% 0603(1608)
Added Member To Class: ClassName=as14120_x31_usb Member=Component R76 1K 1% 0805(2012)
Added Member To Class: ClassName=as14120_x31_usb Member=Component R78 1K 1% 0805(2012)
Added Member To Class: ClassName=as14120_x31_usb Member=Component R79 1K 5% 0603(1608)
Added Member To Class: ClassName=as14120_x31_usb Member=Component VG1 kxo-v97
Added Member To Class: ClassName=as14120_x31_power Member=Component X3 sma
Added Member To Class: ClassName=as14120_x31_usb Member=Component X4 USB_3_B
Added Member To Class: ClassName=as14120_x31_usb Member=Component ZQ1 Resonator
