Change Component Designator: Old Designator=C? New Designator=C215
Change Component Designator: Old Designator=C? New Designator=C216
Change Component Designator: Old Designator=C? New Designator=C217
Change Component Designator: Old Designator=C? New Designator=C218
Change Component Designator: Old Designator=C? New Designator=C219
Change Component Designator: Old Designator=C? New Designator=C220
Change Component Designator: Old Designator=C? New Designator=C221
Change Component Designator: Old Designator=C? New Designator=C222
Change Component Designator: Old Designator=C? New Designator=C223
Change Component Designator: Old Designator=C? New Designator=C224
Change Component Designator: Old Designator=C? New Designator=C225
Change Component Designator: Old Designator=C? New Designator=C226
Change Component Designator: Old Designator=C? New Designator=C227
Change Component Designator: Old Designator=C? New Designator=C228
Change Component Designator: Old Designator=C? New Designator=C229
Change Component Designator: Old Designator=C? New Designator=C230
Change Component Designator: Old Designator=C? New Designator=C231
Change Component Designator: Old Designator=C? New Designator=C232
Change Component Designator: Old Designator=C? New Designator=C233
Change Component Designator: Old Designator=C? New Designator=C234
Change Component Designator: Old Designator=C? New Designator=C235
Change Component Designator: Old Designator=C? New Designator=C236
Change Component Designator: Old Designator=C? New Designator=C237
Change Component Designator: Old Designator=C? New Designator=C238
Change Component Designator: Old Designator=C? New Designator=C239
Change Component Designator: Old Designator=C? New Designator=C240
Change Component Designator: Old Designator=C? New Designator=C241
Change Component Designator: Old Designator=C? New Designator=C242
Change Component Designator: Old Designator=C? New Designator=C243
Change Component Designator: Old Designator=C? New Designator=C244
Change Component Designator: Old Designator=C? New Designator=C245
Change Component Designator: Old Designator=C? New Designator=C246
Change Component Designator: Old Designator=C? New Designator=C247
Change Component Designator: Old Designator=D? New Designator=D13
Change Component Designator: Old Designator=D? New Designator=D15
Change Component Designator: Old Designator=D? New Designator=D13
Change Component Designator: Old Designator=D? New Designator=D15
Change Component Designator: Old Designator=D? New Designator=D14
Change Component Designator: Old Designator=L? New Designator=L13
Change Component Designator: Old Designator=L? New Designator=L14
Change Component Designator: Old Designator=L? New Designator=L15
Change Component Designator: Old Designator=L? New Designator=L16
Change Component Designator: Old Designator=R? New Designator=R87
Change Component Designator: Old Designator=R? New Designator=R88
Change Component Designator: Old Designator=R? New Designator=R89
Change Component Designator: Old Designator=R? New Designator=R90
Change Component Designator: Old Designator=R? New Designator=R91
Change Component Designator: Old Designator=R? New Designator=R92
Change Component Designator: Old Designator=R? New Designator=R93
Change Component Designator: Old Designator=R? New Designator=R94
Change Component Designator: Old Designator=R? New Designator=R95
Change Component Designator: Old Designator=R? New Designator=R96
Change Component Designator: Old Designator=R? New Designator=R97
Change Component Designator: Old Designator=R? New Designator=R98
Change Component Designator: Old Designator=R? New Designator=R99
Change Component Designator: Old Designator=R? New Designator=R100
Change Component Designator: Old Designator=R? New Designator=R101
Change Component Designator: Old Designator=R? New Designator=R102
Change Component Designator: Old Designator=R? New Designator=R103
Change Component Designator: Old Designator=R? New Designator=R104
Change Component Designator: Old Designator=R? New Designator=R105
Change Component Designator: Old Designator=R? New Designator=R106
Change Component Designator: Old Designator=R? New Designator=R107
Change Component Designator: Old Designator=R? New Designator=R108
Change Component Designator: Old Designator=R? New Designator=R109
Change Component Designator: Old Designator=T? New Designator=T1
Change Component Designator: Old Designator=T? New Designator=T2
Change Component Designator: Old Designator=VD? New Designator=VD2
Change Component Designator: Old Designator=VG? New Designator=VG2
Change Component Designator: Old Designator=X? New Designator=X5
Change Component Designator: Old Designator=X? New Designator=X6
Change Component Designator: Old Designator=X? New Designator=X7
Change Component Designator: Old Designator=X? New Designator=X8
