Removed Pin From Net: NetName=VREFDDR Pin=C12-2
Removed Pin From Net: NetName=VREFDDR Pin=C13-2
Removed Pin From Net: NetName=VREFDDR Pin=C109-2
Removed Pin From Net: NetName=VREFDDR Pin=C110-2
Removed Pin From Net: NetName=VREFDDR Pin=D2-H1
Removed Pin From Net: NetName=VREFDDR Pin=D2-M8
Removed Pin From Net: NetName=VREFDDR Pin=D4-AH16
Removed Pin From Net: NetName=VREFDDR Pin=D4-AJ13
Removed Pin From Net: NetName=NetC1_1 Pin=L1-1
Removed Pin From Net: NetName=V0P75D Pin=L1-2
Removed Member From Class: ClassName=as14120_x31_ddr Member=L1
Added Component: Designator=L?(CAPC0805(2012)100_N)
Added Pin To Net: NetName=NetC1_1 Pin=C109-2
Added Pin To Net: NetName=NetC1_1 Pin=C110-2
Added Pin To Net: NetName=NetC1_1 Pin=D4-AH16
Added Pin To Net: NetName=NetC1_1 Pin=D4-AJ13
Added Pin To Net: NetName=V0P75D Pin=L?-1
Added Pin To Net: NetName=C_DQ4 Pin=R55-8
Added Pin To Net: NetName=C_DQ6 Pin=R57-6
Added Pin To Net: NetName=C_DQ8 Pin=R58-7
Added Pin To Net: NetName=C_DQ7 Pin=R58-8
Added Pin To Net: NetName=C_DQ11 Pin=R59-8
Added Pin To Net: NetName=CTRL6 Pin=R67-7
Added Pin To Net: NetName=CTRL9 Pin=R68-5
Change Net Name : Old Net Name=NetC1_1 New Net Name=VREFDDR
Change Net Name : Old Net Name=VREFDDR New Net Name=VREFDDR0
Added Pin To Net: NetName=NetC12_2 Pin=C12-2
Added Pin To Net: NetName=NetC12_2 Pin=C13-2
Added Pin To Net: NetName=NetC12_2 Pin=D2-H1
Added Net: Name=NetC12_2
Added Pin To Net: NetName=VREFDDR1 Pin=D2-M8
Added Pin To Net: NetName=VREFDDR1 Pin=L?-2
Added Net: Name=VREFDDR1
Added Member To Class: ClassName=as14120_x31_ddr Member=Component L? BLM21PG300SN1D
