Change Component Designator: Old Designator=C? New Designator=C177
Change Component Designator: Old Designator=C? New Designator=C178
Change Component Designator: Old Designator=C? New Designator=C179
Change Component Designator: Old Designator=C? New Designator=C180
Change Component Designator: Old Designator=C? New Designator=C181
Change Component Designator: Old Designator=C? New Designator=C182
Change Component Designator: Old Designator=C? New Designator=C183
Change Component Designator: Old Designator=C? New Designator=C184
Change Component Designator: Old Designator=C? New Designator=C185
Change Component Designator: Old Designator=C? New Designator=C186
Change Component Designator: Old Designator=C? New Designator=C187
Change Component Designator: Old Designator=C? New Designator=C188
Change Component Designator: Old Designator=C? New Designator=C189
Change Component Designator: Old Designator=C? New Designator=C190
Change Component Designator: Old Designator=C? New Designator=C191
Change Component Designator: Old Designator=C? New Designator=C192
Change Component Designator: Old Designator=C? New Designator=C193
Change Component Designator: Old Designator=C? New Designator=C194
Change Component Designator: Old Designator=C? New Designator=C195
Change Component Designator: Old Designator=C? New Designator=C196
Change Component Designator: Old Designator=C? New Designator=C197
Change Component Designator: Old Designator=C? New Designator=C198
Change Component Designator: Old Designator=C? New Designator=C199
Change Component Designator: Old Designator=C? New Designator=C200
Change Component Designator: Old Designator=C? New Designator=C201
Change Component Designator: Old Designator=C? New Designator=C202
Change Component Designator: Old Designator=C? New Designator=C203
Change Component Designator: Old Designator=C? New Designator=C204
Change Component Designator: Old Designator=C? New Designator=C205
Change Component Designator: Old Designator=C? New Designator=C206
Change Component Designator: Old Designator=C? New Designator=C207
Change Component Designator: Old Designator=C? New Designator=C208
Change Component Designator: Old Designator=C? New Designator=C209
Change Component Designator: Old Designator=C? New Designator=C210
Change Component Designator: Old Designator=C? New Designator=C211
Change Component Designator: Old Designator=C? New Designator=C212
Change Component Designator: Old Designator=D? New Designator=D10
Change Component Designator: Old Designator=D? New Designator=D10
Change Component Designator: Old Designator=D? New Designator=D10
Change Component Designator: Old Designator=D? New Designator=D10
Change Component Designator: Old Designator=D? New Designator=D10
Change Component Designator: Old Designator=D? New Designator=D10
Change Component Designator: Old Designator=D? New Designator=D10
Change Component Designator: Old Designator=D? New Designator=D11
Change Component Designator: Old Designator=D? New Designator=D12
Change Component Designator: Old Designator=L? New Designator=L10
Change Component Designator: Old Designator=L? New Designator=L11
Change Component Designator: Old Designator=L? New Designator=L12
Change Component Designator: Old Designator=R? New Designator=R57
Change Component Designator: Old Designator=R? New Designator=R61
Change Component Designator: Old Designator=R? New Designator=R63
Change Component Designator: Old Designator=R? New Designator=R64
Change Component Designator: Old Designator=R? New Designator=R65
Change Component Designator: Old Designator=R? New Designator=R69
Change Component Designator: Old Designator=R? New Designator=R70
Change Component Designator: Old Designator=R? New Designator=R71
Change Component Designator: Old Designator=R? New Designator=R72
Change Component Designator: Old Designator=R? New Designator=R73
Change Component Designator: Old Designator=R? New Designator=R74
Change Component Designator: Old Designator=R? New Designator=R83
Change Component Designator: Old Designator=R? New Designator=R57
Change Component Designator: Old Designator=R? New Designator=R61
Change Component Designator: Old Designator=R? New Designator=R63
Change Component Designator: Old Designator=R? New Designator=R64
Change Component Designator: Old Designator=R? New Designator=R65
Change Component Designator: Old Designator=R? New Designator=R69
Change Component Designator: Old Designator=R? New Designator=R70
Change Component Designator: Old Designator=R? New Designator=R71
Change Component Designator: Old Designator=R? New Designator=R72
Change Component Designator: Old Designator=R? New Designator=R73
Change Component Designator: Old Designator=R? New Designator=R74
Change Component Designator: Old Designator=R? New Designator=R83
Change Component Designator: Old Designator=R? New Designator=R57
Change Component Designator: Old Designator=R? New Designator=R61
Change Component Designator: Old Designator=R? New Designator=R63
Change Component Designator: Old Designator=R? New Designator=R64
Change Component Designator: Old Designator=R? New Designator=R65
Change Component Designator: Old Designator=R? New Designator=R69
Change Component Designator: Old Designator=R? New Designator=R70
Change Component Designator: Old Designator=R? New Designator=R71
Change Component Designator: Old Designator=R? New Designator=R72
Change Component Designator: Old Designator=R? New Designator=R73
Change Component Designator: Old Designator=R? New Designator=R74
Change Component Designator: Old Designator=R? New Designator=R83
Change Component Designator: Old Designator=R? New Designator=R57
Change Component Designator: Old Designator=R? New Designator=R61
Change Component Designator: Old Designator=R? New Designator=R63
Change Component Designator: Old Designator=R? New Designator=R64
Change Component Designator: Old Designator=R? New Designator=R65
Change Component Designator: Old Designator=R? New Designator=R69
Change Component Designator: Old Designator=R? New Designator=R70
Change Component Designator: Old Designator=R? New Designator=R71
Change Component Designator: Old Designator=R? New Designator=R72
Change Component Designator: Old Designator=R? New Designator=R73
Change Component Designator: Old Designator=R? New Designator=R74
Change Component Designator: Old Designator=R? New Designator=R83
Change Component Designator: Old Designator=R? New Designator=R56
Change Component Designator: Old Designator=R? New Designator=R58
Change Component Designator: Old Designator=R? New Designator=R59
Change Component Designator: Old Designator=R? New Designator=R60
Change Component Designator: Old Designator=R? New Designator=R62
Change Component Designator: Old Designator=R? New Designator=R66
Change Component Designator: Old Designator=R? New Designator=R67
Change Component Designator: Old Designator=R? New Designator=R68
Change Component Designator: Old Designator=R? New Designator=R75
Change Component Designator: Old Designator=R? New Designator=R76
Change Component Designator: Old Designator=R? New Designator=R77
Change Component Designator: Old Designator=R? New Designator=R78
Change Component Designator: Old Designator=R? New Designator=R79
Change Component Designator: Old Designator=R? New Designator=R80
Change Component Designator: Old Designator=R? New Designator=R81
Change Component Designator: Old Designator=R? New Designator=R82
Change Component Designator: Old Designator=R? New Designator=R84
Change Component Designator: Old Designator=R? New Designator=R85
Change Component Designator: Old Designator=VG? New Designator=VG1
Change Component Designator: Old Designator=X? New Designator=X4
Change Component Designator: Old Designator=ZQ? New Designator=ZQ1
