Change Component Designator: Old Designator=C215 New Designator=C?
Change Component Designator: Old Designator=C216 New Designator=C?
Change Component Designator: Old Designator=C217 New Designator=C?
Change Component Designator: Old Designator=C218 New Designator=C?
Change Component Designator: Old Designator=C219 New Designator=C?
Change Component Designator: Old Designator=C220 New Designator=C?
Change Component Designator: Old Designator=C221 New Designator=C?
Change Component Designator: Old Designator=C222 New Designator=C?
Change Component Designator: Old Designator=C223 New Designator=C?
Change Component Designator: Old Designator=C224 New Designator=C?
Change Component Designator: Old Designator=C225 New Designator=C?
Change Component Designator: Old Designator=C226 New Designator=C?
Change Component Designator: Old Designator=C227 New Designator=C?
Change Component Designator: Old Designator=C228 New Designator=C?
Change Component Designator: Old Designator=C229 New Designator=C?
Change Component Designator: Old Designator=C230 New Designator=C?
Change Component Designator: Old Designator=C231 New Designator=C?
Change Component Designator: Old Designator=C232 New Designator=C?
Change Component Designator: Old Designator=C233 New Designator=C?
Change Component Designator: Old Designator=C234 New Designator=C?
Change Component Designator: Old Designator=C235 New Designator=C?
Change Component Designator: Old Designator=C236 New Designator=C?
Change Component Designator: Old Designator=C237 New Designator=C?
Change Component Designator: Old Designator=C238 New Designator=C?
Change Component Designator: Old Designator=C239 New Designator=C?
Change Component Designator: Old Designator=C240 New Designator=C?
Change Component Designator: Old Designator=C241 New Designator=C?
Change Component Designator: Old Designator=C242 New Designator=C?
Change Component Designator: Old Designator=C243 New Designator=C?
Change Component Designator: Old Designator=C244 New Designator=C?
Change Component Designator: Old Designator=C245 New Designator=C?
Change Component Designator: Old Designator=C246 New Designator=C?
Change Component Designator: Old Designator=C247 New Designator=C?
Change Component Designator: Old Designator=D13 New Designator=D?
Change Component Designator: Old Designator=D13 New Designator=D?
Change Component Designator: Old Designator=D14 New Designator=D?
Change Component Designator: Old Designator=D15 New Designator=D?
Change Component Designator: Old Designator=D15 New Designator=D?
Change Component Designator: Old Designator=L13 New Designator=L?
Change Component Designator: Old Designator=L14 New Designator=L?
Change Component Designator: Old Designator=L15 New Designator=L?
Change Component Designator: Old Designator=L16 New Designator=L?
Change Component Designator: Old Designator=R87 New Designator=R?
Change Component Designator: Old Designator=R88 New Designator=R?
Change Component Designator: Old Designator=R89 New Designator=R?
Change Component Designator: Old Designator=R90 New Designator=R?
Change Component Designator: Old Designator=R91 New Designator=R?
Change Component Designator: Old Designator=R92 New Designator=R?
Change Component Designator: Old Designator=R93 New Designator=R?
Change Component Designator: Old Designator=R94 New Designator=R?
Change Component Designator: Old Designator=R95 New Designator=R?
Change Component Designator: Old Designator=R96 New Designator=R?
Change Component Designator: Old Designator=R97 New Designator=R?
Change Component Designator: Old Designator=R98 New Designator=R?
Change Component Designator: Old Designator=R99 New Designator=R?
Change Component Designator: Old Designator=R100 New Designator=R?
Change Component Designator: Old Designator=R101 New Designator=R?
Change Component Designator: Old Designator=R102 New Designator=R?
Change Component Designator: Old Designator=R103 New Designator=R?
Change Component Designator: Old Designator=R104 New Designator=R?
Change Component Designator: Old Designator=R105 New Designator=R?
Change Component Designator: Old Designator=R106 New Designator=R?
Change Component Designator: Old Designator=R107 New Designator=R?
Change Component Designator: Old Designator=R108 New Designator=R?
Change Component Designator: Old Designator=R109 New Designator=R?
Change Component Designator: Old Designator=T1 New Designator=T?
Change Component Designator: Old Designator=T2 New Designator=T?
Change Component Designator: Old Designator=VD2 New Designator=VD?
Change Component Designator: Old Designator=VG2 New Designator=VG?
Change Component Designator: Old Designator=X5 New Designator=X?
Change Component Designator: Old Designator=X6 New Designator=X?
Change Component Designator: Old Designator=X7 New Designator=X?
Change Component Designator: Old Designator=X8 New Designator=X?
