Change Component Designator: Old Designator=C132 New Designator=C?
Change Component Designator: Old Designator=C133 New Designator=C?
Change Component Designator: Old Designator=C134 New Designator=C?
Change Component Designator: Old Designator=C135 New Designator=C?
Change Component Designator: Old Designator=C136 New Designator=C?
Change Component Designator: Old Designator=C137 New Designator=C?
Change Component Designator: Old Designator=C138 New Designator=C?
Change Component Designator: Old Designator=C139 New Designator=C?
Change Component Designator: Old Designator=C140 New Designator=C?
Change Component Designator: Old Designator=C141 New Designator=C?
Change Component Designator: Old Designator=C142 New Designator=C?
Change Component Designator: Old Designator=C143 New Designator=C?
Change Component Designator: Old Designator=C144 New Designator=C?
Change Component Designator: Old Designator=C145 New Designator=C?
Change Component Designator: Old Designator=C146 New Designator=C?
Change Component Designator: Old Designator=C147 New Designator=C?
Change Component Designator: Old Designator=C148 New Designator=C?
Change Component Designator: Old Designator=C149 New Designator=C?
Change Component Designator: Old Designator=C150 New Designator=C?
Change Component Designator: Old Designator=C151 New Designator=C?
Change Component Designator: Old Designator=C152 New Designator=C?
Change Component Designator: Old Designator=C153 New Designator=C?
Change Component Designator: Old Designator=C154 New Designator=C?
Change Component Designator: Old Designator=C155 New Designator=C?
Change Component Designator: Old Designator=C156 New Designator=C?
Change Component Designator: Old Designator=C157 New Designator=C?
Change Component Designator: Old Designator=C158 New Designator=C?
Change Component Designator: Old Designator=C159 New Designator=C?
Change Component Designator: Old Designator=C160 New Designator=C?
Change Component Designator: Old Designator=C161 New Designator=C?
Change Component Designator: Old Designator=C162 New Designator=C?
Change Component Designator: Old Designator=C163 New Designator=C?
Change Component Designator: Old Designator=C164 New Designator=C?
Change Component Designator: Old Designator=C165 New Designator=C?
Change Component Designator: Old Designator=C166 New Designator=C?
Change Component Designator: Old Designator=C167 New Designator=C?
Change Component Designator: Old Designator=D6 New Designator=D?
Change Component Designator: Old Designator=D7 New Designator=D?
Change Component Designator: Old Designator=D8 New Designator=D?
Change Component Designator: Old Designator=D9 New Designator=D?
Change Component Designator: Old Designator=L6 New Designator=L?
Change Component Designator: Old Designator=L7 New Designator=L?
Change Component Designator: Old Designator=L8 New Designator=L?
Change Component Designator: Old Designator=L9 New Designator=L?
Change Component Designator: Old Designator=R31 New Designator=R?
Change Component Designator: Old Designator=R32 New Designator=R?
Change Component Designator: Old Designator=R33 New Designator=R?
Change Component Designator: Old Designator=R34 New Designator=R?
Change Component Designator: Old Designator=R35 New Designator=R?
Change Component Designator: Old Designator=R36 New Designator=R?
Change Component Designator: Old Designator=R37 New Designator=R?
Change Component Designator: Old Designator=R38 New Designator=R?
Change Component Designator: Old Designator=R39 New Designator=R?
Change Component Designator: Old Designator=R40 New Designator=R?
Change Component Designator: Old Designator=R41 New Designator=R?
Change Component Designator: Old Designator=R42 New Designator=R?
Change Component Designator: Old Designator=R43 New Designator=R?
Change Component Designator: Old Designator=R44 New Designator=R?
Change Component Designator: Old Designator=R45 New Designator=R?
Change Component Designator: Old Designator=R46 New Designator=R?
Change Component Designator: Old Designator=R47 New Designator=R?
Change Component Designator: Old Designator=VD1 New Designator=VD?
Change Component Designator: Old Designator=X3 New Designator=X?
