Removed Pin From Net: NetName=VREFDDR Pin=C2-1
Removed Pin From Net: NetName=0V Pin=C2-2
Removed Pin From Net: NetName=VREFDDR Pin=C4-1
Removed Pin From Net: NetName=VREFDDR Pin=C6-1
Removed Pin From Net: NetName=0V Pin=C8-1
Removed Pin From Net: NetName=VREFDDR Pin=C8-2
Removed Pin From Net: NetName=0V Pin=C10-1
Removed Pin From Net: NetName=0V Pin=C12-1
Removed Pin From Net: NetName=0V Pin=C14-1
Removed Pin From Net: NetName=V1P5D Pin=C14-2
Removed Pin From Net: NetName=V1P5D Pin=C17-2
Removed Pin From Net: NetName=V1P5D Pin=C18-2
Removed Pin From Net: NetName=V1P8D Pin=C111-2
Removed Pin From Net: NetName=V1P8D Pin=C112-2
Removed Pin From Net: NetName=V2P5D Pin=C113-2
Removed Pin From Net: NetName=V2P5D Pin=C114-2
Removed Pin From Net: NetName=V2P5D Pin=C115-2
Removed Pin From Net: NetName=V2P5D Pin=C116-2
Removed Pin From Net: NetName=V2P5D Pin=C117-2
Removed Pin From Net: NetName=V2P5D Pin=C118-2
Removed Pin From Net: NetName=V2P5D Pin=C119-2
Removed Pin From Net: NetName=0V Pin=C120-1
Removed Pin From Net: NetName=V1P8D Pin=C120-2
Removed Pin From Net: NetName=0V Pin=C121-1
Removed Pin From Net: NetName=V1P8D Pin=C121-2
Removed Pin From Net: NetName=V1P8D Pin=C122-2
Removed Pin From Net: NetName=V1P8D Pin=C123-2
Removed Pin From Net: NetName=V3P3D Pin=C124-2
Removed Pin From Net: NetName=V3P3D Pin=C125-2
Removed Pin From Net: NetName=V3P3D Pin=C126-2
Removed Pin From Net: NetName=V3P3D Pin=C127-2
Removed Pin From Net: NetName=V1P8D Pin=C128-2
Removed Pin From Net: NetName=V1P8D Pin=C129-2
Removed Pin From Net: NetName=V1P8D Pin=C130-2
Removed Pin From Net: NetName=V1P8D Pin=C131-2
Removed Pin From Net: NetName=DDR_CAS Pin=D1-K3
Removed Pin From Net: NetName=DDR_CKE Pin=D1-K9
Removed Pin From Net: NetName=DDR_CS Pin=D1-L2
Removed Pin From Net: NetName=DDR_A10 Pin=D1-L7
Removed Pin From Net: NetName=DDR_BA0 Pin=D1-M2
Removed Pin From Net: NetName=DDR_BA2 Pin=D1-M3
Removed Pin From Net: NetName=DDR_A3 Pin=D1-N2
Removed Pin From Net: NetName=DDR_A0 Pin=D1-N3
Removed Pin From Net: NetName=DDR_A12 Pin=D1-N7
Removed Pin From Net: NetName=DDR_BA1 Pin=D1-N8
Removed Pin From Net: NetName=DDR_A5 Pin=D1-P2
Removed Pin From Net: NetName=DDR_A2 Pin=D1-P3
Removed Pin From Net: NetName=DDR_A1 Pin=D1-P7
Removed Pin From Net: NetName=DDR_A4 Pin=D1-P8
Removed Pin From Net: NetName=DDR_A7 Pin=D1-R2
Removed Pin From Net: NetName=DDR_A9 Pin=D1-R3
Removed Pin From Net: NetName=DDR_A11 Pin=D1-R7
Removed Pin From Net: NetName=DDR_A6 Pin=D1-R8
Removed Pin From Net: NetName=DDR_A13 Pin=D1-T3
Removed Pin From Net: NetName=DDR_A14 Pin=D1-T7
Removed Pin From Net: NetName=DDR_A8 Pin=D1-T8
Removed Pin From Net: NetName=DDR_DQ29 Pin=D2-A2
Removed Pin From Net: NetName=DDR_DQ31 Pin=D2-A3
Removed Pin From Net: NetName=DDR_DQ28 Pin=D2-A7
Removed Pin From Net: NetName=DDR_DQ30 Pin=D2-B8
Removed Pin From Net: NetName=DDR_DQ27 Pin=D2-C2
Removed Pin From Net: NetName=DDR_DQ25 Pin=D2-C3
Removed Pin From Net: NetName=DDR_DQ26 Pin=D2-C8
Removed Pin From Net: NetName=DDR_DM3 Pin=D2-D3
Removed Pin From Net: NetName=DDR_DQ24 Pin=D2-D7
Removed Pin From Net: NetName=DDR_DQ16 Pin=D2-E3
Removed Pin From Net: NetName=DDR_DM2 Pin=D2-E7
Removed Pin From Net: NetName=DDR_DQ18 Pin=D2-F2
Removed Pin From Net: NetName=DDR_DQ17 Pin=D2-F7
Removed Pin From Net: NetName=DDR_DQ19 Pin=D2-F8
Removed Pin From Net: NetName=DDR_DQ22 Pin=D2-G2
Removed Pin From Net: NetName=DDR_DQS2_N Pin=D2-G3
Removed Pin From Net: NetName=DDR_DQ20 Pin=D2-H3
Removed Pin From Net: NetName=DDR_DQ23 Pin=D2-H7
Removed Pin From Net: NetName=DDR_DQ21 Pin=D2-H8
Removed Pin From Net: NetName=DDR_CK_P Pin=D2-J7
Removed Pin From Net: NetName=DDR_CAS Pin=D2-K3
Removed Pin From Net: NetName=DDR_CK_N Pin=D2-K7
Removed Pin From Net: NetName=DDR_CKE Pin=D2-K9
Removed Pin From Net: NetName=DDR_CS Pin=D2-L2
Removed Pin From Net: NetName=DDR_A10 Pin=D2-L7
Removed Pin From Net: NetName=DDR_BA0 Pin=D2-M2
Removed Pin From Net: NetName=DDR_BA2 Pin=D2-M3
Removed Pin From Net: NetName=DDR_A3 Pin=D2-N2
Removed Pin From Net: NetName=DDR_A0 Pin=D2-N3
Removed Pin From Net: NetName=DDR_A12 Pin=D2-N7
Removed Pin From Net: NetName=DDR_BA1 Pin=D2-N8
Removed Pin From Net: NetName=DDR_A5 Pin=D2-P2
Removed Pin From Net: NetName=DDR_A2 Pin=D2-P3
Removed Pin From Net: NetName=DDR_A1 Pin=D2-P7
Removed Pin From Net: NetName=DDR_A4 Pin=D2-P8
Removed Pin From Net: NetName=DDR_A7 Pin=D2-R2
Removed Pin From Net: NetName=DDR_A9 Pin=D2-R3
Removed Pin From Net: NetName=DDR_A11 Pin=D2-R7
Removed Pin From Net: NetName=DDR_A6 Pin=D2-R8
Removed Pin From Net: NetName=DDR_A13 Pin=D2-T3
Removed Pin From Net: NetName=DDR_A14 Pin=D2-T7
Removed Pin From Net: NetName=DDR_A8 Pin=D2-T8
Removed Pin From Net: NetName=V3P3D Pin=D4-A7
Removed Pin From Net: NetName=AD9517_SDO Pin=D4-A8
Removed Pin From Net: NetName=V2P5D Pin=D4-A22
Removed Pin From Net: NetName=DDR_DQS2_N Pin=D4-AA20
Removed Pin From Net: NetName=V1P8D Pin=D4-AA22
Removed Pin From Net: NetName=V1P8D Pin=D4-AB25
Removed Pin From Net: NetName=V1P8D Pin=D4-AC28
Removed Pin From Net: NetName=DDR_DQ17 Pin=D4-AD18
Removed Pin From Net: NetName=DDR_DQ29 Pin=D4-AD19
Removed Pin From Net: NetName=DDR_DQ16 Pin=D4-AE18
Removed Pin From Net: NetName=DDR_DQ28 Pin=D4-AE20
Removed Pin From Net: NetName=V1P8D Pin=D4-AE24
Removed Pin From Net: NetName=DDR_CAS Pin=D4-AF9
Removed Pin From Net: NetName=DDR_A8 Pin=D4-AF11
Removed Pin From Net: NetName=DDR_A14 Pin=D4-AF13
Removed Pin From Net: NetName=DDR_DQ21 Pin=D4-AF18
Removed Pin From Net: NetName=DDR_DQ20 Pin=D4-AF19
Removed Pin From Net: NetName=V1P8D Pin=D4-AF27
Removed Pin From Net: NetName=DDR_A9 Pin=D4-AG11
Removed Pin From Net: NetName=DDR_A4 Pin=D4-AG13
Removed Pin From Net: NetName=DDR_A5 Pin=D4-AG14
Removed Pin From Net: NetName=DDR_DQ25 Pin=D4-AG18
Removed Pin From Net: NetName=DDR_DQ24 Pin=D4-AG19
Removed Pin From Net: NetName=DDR_DQ30 Pin=D4-AG24
Removed Pin From Net: NetName=V1P8D Pin=D4-AG30
Removed Pin From Net: NetName=DDR_BA0 Pin=D4-AH9
Removed Pin From Net: NetName=DDR_BA1 Pin=D4-AH10
Removed Pin From Net: NetName=DDR_A2 Pin=D4-AH11
Removed Pin From Net: NetName=DDR_A3 Pin=D4-AH12
Removed Pin From Net: NetName=DDR_DQ22 Pin=D4-AH21
Removed Pin From Net: NetName=DDR_DQ26 Pin=D4-AH24
Removed Pin From Net: NetName=DDR_A12 Pin=D4-AJ7
Removed Pin From Net: NetName=DDR_A10 Pin=D4-AJ8
Removed Pin From Net: NetName=DDR_BA2 Pin=D4-AJ10
Removed Pin From Net: NetName=DDR_A0 Pin=D4-AJ12
Removed Pin From Net: NetName=DDR_DQ18 Pin=D4-AJ20
Removed Pin From Net: NetName=DDR_DM2 Pin=D4-AJ23
Removed Pin From Net: NetName=DDR_DM3 Pin=D4-AJ27
Removed Pin From Net: NetName=DDR_A13 Pin=D4-AK7
Removed Pin From Net: NetName=DDR_A11 Pin=D4-AK8
Removed Pin From Net: NetName=DDR_A6 Pin=D4-AK10
Removed Pin From Net: NetName=DDR_A7 Pin=D4-AK11
Removed Pin From Net: NetName=DDR_A1 Pin=D4-AK12
Removed Pin From Net: NetName=DDR_CKE Pin=D4-AK18
Removed Pin From Net: NetName=DDR_DQ19 Pin=D4-AK22
Removed Pin From Net: NetName=DDR_DQ23 Pin=D4-AK23
Removed Pin From Net: NetName=DDR_DQ27 Pin=D4-AK25
Removed Pin From Net: NetName=DDR_DQ31 Pin=D4-AK26
Removed Pin From Net: NetName=V3P3D Pin=D4-B5
Removed Pin From Net: NetName=AD9517_SDIO Pin=D4-B7
Removed Pin From Net: NetName=0V Pin=D4-B9
Removed Pin From Net: NetName=V2P5D Pin=D4-B15
Removed Pin From Net: NetName=0V Pin=D4-B16
Removed Pin From Net: NetName=ADC_D5_N Pin=D4-B17
Removed Pin From Net: NetName=V2P5D Pin=D4-B25
Removed Pin From Net: NetName=V3P3D Pin=D4-C8
Removed Pin From Net: NetName=ADC_D5_P Pin=D4-C17
Removed Pin From Net: NetName=V2P5D Pin=D4-C18
Removed Pin From Net: NetName=ADC_D7_N Pin=D4-C19
Removed Pin From Net: NetName=ADC_D9_N Pin=D4-C20
Removed Pin From Net: NetName=ADC_D9_P Pin=D4-C21
Removed Pin From Net: NetName=ADC_SYNC Pin=D4-C26
Removed Pin From Net: NetName=ADC_CSB Pin=D4-C27
Removed Pin From Net: NetName=V1P8D Pin=D4-C28
Removed Pin From Net: NetName=V3P3D Pin=D4-D11
Removed Pin From Net: NetName=ADC_D6_N Pin=D4-D18
Removed Pin From Net: NetName=ADC_D6_P Pin=D4-D19
Removed Pin From Net: NetName=ADC_D7_P Pin=D4-D20
Removed Pin From Net: NetName=V2P5D Pin=D4-D21
Removed Pin From Net: NetName=AD9517_SCLK Pin=D4-E12
Removed Pin From Net: NetName=V3P3D Pin=D4-E14
Removed Pin From Net: NetName=AD9517_STATUS Pin=D4-E15
Removed Pin From Net: NetName=ADC_D8_N Pin=D4-E18
Removed Pin From Net: NetName=ADC_DCO_N Pin=D4-E20
Removed Pin From Net: NetName=ADC_D11_N Pin=D4-E21
Removed Pin From Net: NetName=ADC_D11_P Pin=D4-E22
Removed Pin From Net: NetName=V2P5D Pin=D4-E24
Removed Pin From Net: NetName=ADC_SDIO Pin=D4-E25
Removed Pin From Net: NetName=ADC_SCLK Pin=D4-E26
Removed Pin From Net: NetName=V3P3D Pin=D4-F7
Removed Pin From Net: NetName=V2P5D Pin=D4-F17
Removed Pin From Net: NetName=ADC_D4_N Pin=D4-F18
Removed Pin From Net: NetName=ADC_D8_P Pin=D4-F19
Removed Pin From Net: NetName=ADC_DCO_P Pin=D4-F20
Removed Pin From Net: NetName=V1P8D Pin=D4-F27
Removed Pin From Net: NetName=V3P3D Pin=D4-G10
Removed Pin From Net: NetName=ADC_D4_P Pin=D4-G18
Removed Pin From Net: NetName=V2P5D Pin=D4-G20
Removed Pin From Net: NetName=ADC_D0_N Pin=D4-G21
Removed Pin From Net: NetName=ADC_D13_P Pin=D4-G22
Removed Pin From Net: NetName=ADC_D13_N Pin=D4-G23
Removed Pin From Net: NetName=V1P8D Pin=D4-G30
Removed Pin From Net: NetName=V3P3D Pin=D4-H13
Removed Pin From Net: NetName=ADC_D10_N Pin=D4-H20
Removed Pin From Net: NetName=ADC_D0_P Pin=D4-H21
Removed Pin From Net: NetName=V2P5D Pin=D4-H23
Removed Pin From Net: NetName=V3P3D Pin=D4-J16
Removed Pin From Net: NetName=ADC_D2_N Pin=D4-J19
Removed Pin From Net: NetName=ADC_D10_P Pin=D4-J20
Removed Pin From Net: NetName=V1P8D Pin=D4-J26
Removed Pin From Net: NetName=ADC_D1_P Pin=D4-K16
Removed Pin From Net: NetName=ADC_D3_N Pin=D4-K18
Removed Pin From Net: NetName=V2P5D Pin=D4-K19
Removed Pin From Net: NetName=ADC_D2_P Pin=D4-K20
Removed Pin From Net: NetName=V1P8D Pin=D4-K29
Removed Pin From Net: NetName=V3P3D Pin=D4-L12
Removed Pin From Net: NetName=ADC_D1_N Pin=D4-L16
Removed Pin From Net: NetName=ADC_D3_P Pin=D4-L18
Removed Pin From Net: NetName=ADC_D12_N Pin=D4-L19
Removed Pin From Net: NetName=ADC_D12_P Pin=D4-L20
Removed Pin From Net: NetName=V1P8D Pin=D4-L22
Removed Pin From Net: NetName=V1P8D Pin=D4-M25
Removed Pin From Net: NetName=V1P8D Pin=D4-N28
Removed Pin From Net: NetName=V1P8D Pin=D4-P21
Removed Pin From Net: NetName=V1P8D Pin=D4-R24
Removed Pin From Net: NetName=V1P8D Pin=D4-T27
Removed Pin From Net: NetName=V1P8D Pin=D4-U30
Removed Pin From Net: NetName=V1P8D Pin=D4-W26
Removed Pin From Net: NetName=DDR_CS Pin=D4-Y12
Removed Pin From Net: NetName=V1P8D Pin=D4-Y29
Removed Pin From Net: NetName=VREFDDR Pin=R1-3
Removed Pin From Net: NetName=VREFDDR Pin=R2-1
Removed Pin From Net: NetName=VREFDDR Pin=R2-3
Removed Pin From Net: NetName=VREFDDR Pin=R2-4
Removed Pin From Net: NetName=DDR_A1 Pin=R2-5
Removed Pin From Net: NetName=DDR_A4 Pin=R2-6
Removed Pin From Net: NetName=DDR_A12 Pin=R2-7
Removed Pin From Net: NetName=VREFDDR Pin=R3-3
Removed Pin From Net: NetName=DDR_A11 Pin=R3-5
Removed Pin From Net: NetName=DDR_A14 Pin=R3-6
Removed Pin From Net: NetName=DDR_A6 Pin=R3-7
Removed Pin From Net: NetName=DDR_A8 Pin=R3-8
Removed Pin From Net: NetName=VREFDDR Pin=R4-1
Removed Pin From Net: NetName=VREFDDR Pin=R4-3
Removed Pin From Net: NetName=VREFDDR Pin=R4-4
Removed Pin From Net: NetName=DDR_A3 Pin=R4-5
Removed Pin From Net: NetName=DDR_A0 Pin=R4-6
Removed Pin From Net: NetName=DDR_BA2 Pin=R4-7
Removed Pin From Net: NetName=DDR_A5 Pin=R4-8
Removed Pin From Net: NetName=VREFDDR Pin=R5-3
Removed Pin From Net: NetName=DDR_A2 Pin=R5-5
Removed Pin From Net: NetName=DDR_A7 Pin=R5-6
Removed Pin From Net: NetName=DDR_A9 Pin=R5-7
Removed Pin From Net: NetName=DDR_A13 Pin=R5-8
Removed Pin From Net: NetName=VREFDDR Pin=R6-1
Removed Pin From Net: NetName=VREFDDR Pin=R6-3
Removed Pin From Net: NetName=VREFDDR Pin=R6-4
Removed Pin From Net: NetName=NetD1_L8 Pin=R7-1
Removed Pin From Net: NetName=0V Pin=R7-2
Removed Pin From Net: NetName=NetD2_L8 Pin=R8-1
Removed Pin From Net: NetName=0V Pin=R8-2
Removed Pin From Net: NetName=0V Pin=R9-1
Removed Pin From Net: NetName=DDR_CKE Pin=R9-2
Removed Pin From Net: NetName=V1P5D Pin=R10-1
Removed Pin From Net: NetName=V1P5D Pin=R11-2
Removed Pin From Net: NetName=0V Pin=R12-1
Removed Pin From Net: NetName=NetD4_B12 Pin=R13-2
Removed Pin From Net: NetName=VCCPGM Pin=R16-1
Removed Pin From Net: NetName=TMS Pin=R16-2
Removed Pin From Net: NetName=TDI Pin=R18-1
Removed Pin From Net: NetName=VCCPGM Pin=R18-2
Removed Member From Class: ClassName=as14120_x31_fpga_adc Member=R11
Removed Member From Class: ClassName=as14120_x31_fpga_power_conf Member=R14
Removed Member From Class: ClassName=as14120_x31_fpga_adc Member=R15
Removed Member From Class: ClassName=as14120_x31_fpga_cypress Member=R16
Removed Member From Class: ClassName=as14120_x31_fpga_power_conf Member=R25
Removed Member From Class: ClassName=as14120_x31_fpga_power_conf Member=R26
Removed Member From Class: ClassName=as14120_x31_power Member=R29
Removed Member From Class: ClassName=as14120_x31_power Member=R30
Removed Member From Class: ClassName=as14120_x31_fpga_ttl Member=R31
Removed Member From Class: ClassName=as14120_x31_fpga_ttl Member=R32
Removed Member From Class: ClassName=as14120_x31_power Member=R49
Change Component DesignItemId : Designator=R16 Old DesignItemId=RES_0603 New DesignItemId=RES_0805
Change Component DesignItemId : Designator=R18 Old DesignItemId=RES_0603 New DesignItemId=RES_0805
Change Component DesignItemId : Designator=R7 Old DesignItemId=RES_0805 New DesignItemId=RES_CAY16
Change Component DesignItemId : Designator=R8 Old DesignItemId=RES_0805 New DesignItemId=RES_CAY16
Change Component DesignItemId : Designator=R9 Old DesignItemId=RES_0805 New DesignItemId=RES_CAY16
Change Component DesignItemId : Designator=R10 Old DesignItemId=RES_0805 New DesignItemId=RES_CAY16
Change Component DesignItemId : Designator=R11 Old DesignItemId=RES_0805 New DesignItemId=RES_CAY16
Change Component DesignItemId : Designator=R12 Old DesignItemId=RES_0805 New DesignItemId=RES_CAY16
Change Component Footprint: Designator=R16 Old Footprint=RESC0603(1608)_L New Footprint=RESC0805(2012)_L
Change Component Footprint: Designator=R18 Old Footprint=RESC0603(1608)_L New Footprint=RESC0805(2012)_L
Change Component Footprint: Designator=R7 Old Footprint=RESC0805(2012)_L New Footprint=CAY16
Change Component Footprint: Designator=R8 Old Footprint=RESC0805(2012)_L New Footprint=CAY16
Change Component Footprint: Designator=R9 Old Footprint=RESC0805(2012)_L New Footprint=CAY16
Change Component Footprint: Designator=R10 Old Footprint=RESC0805(2012)_L New Footprint=CAY16
Change Component Footprint: Designator=R11 Old Footprint=RESC0805(2012)_L New Footprint=CAY16
Change Component Footprint: Designator=R12 Old Footprint=RESC0805(2012)_L New Footprint=CAY16
Change Component Comment : Designator=R7 Old Comment=1K 1% 0805(2012) New Comment=RES_CAY16
Change Component Comment : Designator=R8 Old Comment=1K 1% 0805(2012) New Comment=RES_CAY16
Change Component Comment : Designator=R9 Old Comment=1K 1% 0805(2012) New Comment=RES_CAY16
Change Component Comment : Designator=R10 Old Comment=1K 1% 0805(2012) New Comment=RES_CAY16
Change Component Comment : Designator=R11 Old Comment=1K 1% 0805(2012) New Comment=RES_CAY16
Change Component Comment : Designator=R12 Old Comment=1K 1% 0805(2012) New Comment=RES_CAY16
Change Component Comment : Designator=R16 Old Comment=1K 5% 0603(1608) New Comment=1K 1% 0805(2012)
Change Component Comment : Designator=R18 Old Comment=1K 5% 0603(1608) New Comment=1K 1% 0805(2012)
Change Component Designator: OldDesignator=C3 NewDesignator=C5
Change Component Designator: OldDesignator=C5 NewDesignator=C9
Change Component Designator: OldDesignator=C7 NewDesignator=C13
Change Component Designator: OldDesignator=C9 NewDesignator=C16
Change Component Designator: OldDesignator=C11 NewDesignator=C20
Change Component Designator: OldDesignator=C13 NewDesignator=C22
Change Component Designator: OldDesignator=C15 NewDesignator=C24
Change Component Designator: OldDesignator=C16 NewDesignator=C25
Change Component Designator: OldDesignator=C19 NewDesignator=C28
Change Component Designator: OldDesignator=C20 NewDesignator=C29
Change Component Designator: OldDesignator=C21 NewDesignator=C30
Change Component Designator: OldDesignator=C22 NewDesignator=C31
Change Component Designator: OldDesignator=C23 NewDesignator=C32
Change Component Designator: OldDesignator=C24 NewDesignator=C33
Change Component Designator: OldDesignator=C25 NewDesignator=C34
Change Component Designator: OldDesignator=C26 NewDesignator=C35
Change Component Designator: OldDesignator=C27 NewDesignator=C36
Change Component Designator: OldDesignator=C28 NewDesignator=C37
Change Component Designator: OldDesignator=C29 NewDesignator=C38
Change Component Designator: OldDesignator=C30 NewDesignator=C39
Change Component Designator: OldDesignator=C31 NewDesignator=C40
Change Component Designator: OldDesignator=C32 NewDesignator=C41
Change Component Designator: OldDesignator=C33 NewDesignator=C42
Change Component Designator: OldDesignator=C34 NewDesignator=C43
Change Component Designator: OldDesignator=C35 NewDesignator=C44
Change Component Designator: OldDesignator=C36 NewDesignator=C45
Change Component Designator: OldDesignator=C37 NewDesignator=C46
Change Component Designator: OldDesignator=C38 NewDesignator=C47
Change Component Designator: OldDesignator=C39 NewDesignator=C48
Change Component Designator: OldDesignator=C40 NewDesignator=C49
Change Component Designator: OldDesignator=C41 NewDesignator=C50
Change Component Designator: OldDesignator=C42 NewDesignator=C51
Change Component Designator: OldDesignator=C43 NewDesignator=C52
Change Component Designator: OldDesignator=C44 NewDesignator=C53
Change Component Designator: OldDesignator=C45 NewDesignator=C54
Change Component Designator: OldDesignator=C46 NewDesignator=C55
Change Component Designator: OldDesignator=C47 NewDesignator=C56
Change Component Designator: OldDesignator=C48 NewDesignator=C57
Change Component Designator: OldDesignator=C49 NewDesignator=C58
Change Component Designator: OldDesignator=C50 NewDesignator=C59
Change Component Designator: OldDesignator=C51 NewDesignator=C60
Change Component Designator: OldDesignator=C52 NewDesignator=C61
Change Component Designator: OldDesignator=C53 NewDesignator=C62
Change Component Designator: OldDesignator=C54 NewDesignator=C63
Change Component Designator: OldDesignator=C55 NewDesignator=C64
Change Component Designator: OldDesignator=C56 NewDesignator=C65
Change Component Designator: OldDesignator=C57 NewDesignator=C66
Change Component Designator: OldDesignator=C58 NewDesignator=C67
Change Component Designator: OldDesignator=C59 NewDesignator=C68
Change Component Designator: OldDesignator=C60 NewDesignator=C69
Change Component Designator: OldDesignator=C61 NewDesignator=C70
Change Component Designator: OldDesignator=C62 NewDesignator=C71
Change Component Designator: OldDesignator=C63 NewDesignator=C72
Change Component Designator: OldDesignator=C64 NewDesignator=C73
Change Component Designator: OldDesignator=C65 NewDesignator=C74
Change Component Designator: OldDesignator=C66 NewDesignator=C75
Change Component Designator: OldDesignator=C67 NewDesignator=C76
Change Component Designator: OldDesignator=C68 NewDesignator=C77
Change Component Designator: OldDesignator=C69 NewDesignator=C78
Change Component Designator: OldDesignator=C70 NewDesignator=C79
Change Component Designator: OldDesignator=C71 NewDesignator=C80
Change Component Designator: OldDesignator=C72 NewDesignator=C81
Change Component Designator: OldDesignator=C73 NewDesignator=C82
Change Component Designator: OldDesignator=C74 NewDesignator=C83
Change Component Designator: OldDesignator=C75 NewDesignator=C84
Change Component Designator: OldDesignator=C76 NewDesignator=C85
Change Component Designator: OldDesignator=C77 NewDesignator=C86
Change Component Designator: OldDesignator=C78 NewDesignator=C87
Change Component Designator: OldDesignator=C79 NewDesignator=C88
Change Component Designator: OldDesignator=C80 NewDesignator=C89
Change Component Designator: OldDesignator=C81 NewDesignator=C90
Change Component Designator: OldDesignator=C82 NewDesignator=C91
Change Component Designator: OldDesignator=C83 NewDesignator=C92
Change Component Designator: OldDesignator=C84 NewDesignator=C93
Change Component Designator: OldDesignator=C85 NewDesignator=C94
Change Component Designator: OldDesignator=C86 NewDesignator=C95
Change Component Designator: OldDesignator=C87 NewDesignator=C96
Change Component Designator: OldDesignator=C88 NewDesignator=C97
Change Component Designator: OldDesignator=C89 NewDesignator=C98
Change Component Designator: OldDesignator=C90 NewDesignator=C99
Change Component Designator: OldDesignator=C91 NewDesignator=C100
Change Component Designator: OldDesignator=C92 NewDesignator=C101
Change Component Designator: OldDesignator=C93 NewDesignator=C102
Change Component Designator: OldDesignator=C94 NewDesignator=C103
Change Component Designator: OldDesignator=C95 NewDesignator=C104
Change Component Designator: OldDesignator=C96 NewDesignator=C105
Change Component Designator: OldDesignator=C97 NewDesignator=C106
Change Component Designator: OldDesignator=C98 NewDesignator=C107
Change Component Designator: OldDesignator=C99 NewDesignator=C108
Change Component Designator: OldDesignator=C100 NewDesignator=C109
Change Component Designator: OldDesignator=C101 NewDesignator=C110
Change Component Designator: OldDesignator=C102 NewDesignator=C111
Change Component Designator: OldDesignator=C103 NewDesignator=C112
Change Component Designator: OldDesignator=C104 NewDesignator=C113
Change Component Designator: OldDesignator=C105 NewDesignator=C114
Change Component Designator: OldDesignator=C106 NewDesignator=C115
Change Component Designator: OldDesignator=C107 NewDesignator=C116
Change Component Designator: OldDesignator=C108 NewDesignator=C117
Change Component Designator: OldDesignator=C109 NewDesignator=C118
Change Component Designator: OldDesignator=C110 NewDesignator=C119
Change Component Designator: OldDesignator=C111 NewDesignator=C122
Change Component Designator: OldDesignator=C112 NewDesignator=C123
Change Component Designator: OldDesignator=C113 NewDesignator=C124
Change Component Designator: OldDesignator=C114 NewDesignator=C125
Change Component Designator: OldDesignator=C115 NewDesignator=C126
Change Component Designator: OldDesignator=C116 NewDesignator=C127
Change Component Designator: OldDesignator=C117 NewDesignator=C128
Change Component Designator: OldDesignator=C118 NewDesignator=C129
Change Component Designator: OldDesignator=C119 NewDesignator=C130
Change Component Designator: OldDesignator=C122 NewDesignator=C133
Change Component Designator: OldDesignator=C123 NewDesignator=C134
Change Component Designator: OldDesignator=C124 NewDesignator=C135
Change Component Designator: OldDesignator=C125 NewDesignator=C136
Change Component Designator: OldDesignator=C126 NewDesignator=C137
Change Component Designator: OldDesignator=C127 NewDesignator=C138
Change Component Designator: OldDesignator=C128 NewDesignator=C139
Change Component Designator: OldDesignator=C129 NewDesignator=C140
Change Component Designator: OldDesignator=C130 NewDesignator=C141
Change Component Designator: OldDesignator=C131 NewDesignator=C142
Change Component Designator: OldDesignator=C132 NewDesignator=C143
Change Component Designator: OldDesignator=C133 NewDesignator=C144
Change Component Designator: OldDesignator=C134 NewDesignator=C145
Change Component Designator: OldDesignator=C135 NewDesignator=C146
Change Component Designator: OldDesignator=C136 NewDesignator=C147
Change Component Designator: OldDesignator=C137 NewDesignator=C148
Change Component Designator: OldDesignator=C138 NewDesignator=C149
Change Component Designator: OldDesignator=C139 NewDesignator=C150
Change Component Designator: OldDesignator=C140 NewDesignator=C151
Change Component Designator: OldDesignator=C141 NewDesignator=C152
Change Component Designator: OldDesignator=C142 NewDesignator=C153
Change Component Designator: OldDesignator=C143 NewDesignator=C154
Change Component Designator: OldDesignator=C144 NewDesignator=C155
Change Component Designator: OldDesignator=C145 NewDesignator=C156
Change Component Designator: OldDesignator=C146 NewDesignator=C157
Change Component Designator: OldDesignator=C147 NewDesignator=C158
Change Component Designator: OldDesignator=C148 NewDesignator=C159
Change Component Designator: OldDesignator=C149 NewDesignator=C160
Change Component Designator: OldDesignator=C150 NewDesignator=C161
Change Component Designator: OldDesignator=C151 NewDesignator=C162
Change Component Designator: OldDesignator=C152 NewDesignator=C163
Change Component Designator: OldDesignator=C153 NewDesignator=C164
Change Component Designator: OldDesignator=C154 NewDesignator=C165
Change Component Designator: OldDesignator=C155 NewDesignator=C166
Change Component Designator: OldDesignator=C156 NewDesignator=C167
Change Component Designator: OldDesignator=C157 NewDesignator=C168
Change Component Designator: OldDesignator=C158 NewDesignator=C169
Change Component Designator: OldDesignator=C159 NewDesignator=C170
Change Component Designator: OldDesignator=C160 NewDesignator=C171
Change Component Designator: OldDesignator=C161 NewDesignator=C172
Change Component Designator: OldDesignator=C162 NewDesignator=C173
Change Component Designator: OldDesignator=C163 NewDesignator=C174
Change Component Designator: OldDesignator=C164 NewDesignator=C175
Change Component Designator: OldDesignator=C165 NewDesignator=C176
Change Component Designator: OldDesignator=C166 NewDesignator=C177
Change Component Designator: OldDesignator=C167 NewDesignator=C178
Change Component Designator: OldDesignator=C168 NewDesignator=C179
Change Component Designator: OldDesignator=C169 NewDesignator=C180
Change Component Designator: OldDesignator=C170 NewDesignator=C181
Change Component Designator: OldDesignator=C171 NewDesignator=C182
Change Component Designator: OldDesignator=C172 NewDesignator=C183
Change Component Designator: OldDesignator=C173 NewDesignator=C184
Change Component Designator: OldDesignator=C174 NewDesignator=C185
Change Component Designator: OldDesignator=C175 NewDesignator=C186
Change Component Designator: OldDesignator=C176 NewDesignator=C187
Change Component Designator: OldDesignator=C177 NewDesignator=C188
Change Component Designator: OldDesignator=C178 NewDesignator=C189
Change Component Designator: OldDesignator=C179 NewDesignator=C190
Change Component Designator: OldDesignator=C180 NewDesignator=C191
Change Component Designator: OldDesignator=C181 NewDesignator=C192
Change Component Designator: OldDesignator=C182 NewDesignator=C193
Change Component Designator: OldDesignator=C183 NewDesignator=C194
Change Component Designator: OldDesignator=C184 NewDesignator=C195
Change Component Designator: OldDesignator=C185 NewDesignator=C196
Change Component Designator: OldDesignator=C186 NewDesignator=C197
Change Component Designator: OldDesignator=C187 NewDesignator=C198
Change Component Designator: OldDesignator=C188 NewDesignator=C199
Change Component Designator: OldDesignator=C189 NewDesignator=C200
Change Component Designator: OldDesignator=C190 NewDesignator=C201
Change Component Designator: OldDesignator=C191 NewDesignator=C202
Change Component Designator: OldDesignator=C192 NewDesignator=C203
Change Component Designator: OldDesignator=C193 NewDesignator=C204
Change Component Designator: OldDesignator=C194 NewDesignator=C205
Change Component Designator: OldDesignator=C195 NewDesignator=C206
Change Component Designator: OldDesignator=C196 NewDesignator=C207
Change Component Designator: OldDesignator=C197 NewDesignator=C208
Change Component Designator: OldDesignator=C198 NewDesignator=C209
Change Component Designator: OldDesignator=C199 NewDesignator=C210
Change Component Designator: OldDesignator=C200 NewDesignator=C211
Change Component Designator: OldDesignator=C201 NewDesignator=C212
Change Component Designator: OldDesignator=C202 NewDesignator=C213
Change Component Designator: OldDesignator=C203 NewDesignator=C214
Change Component Designator: OldDesignator=R13 NewDesignator=R21
Change Component Designator: OldDesignator=R14 NewDesignator=R22
Change Component Designator: OldDesignator=R15 NewDesignator=R23
Change Component Designator: OldDesignator=R17 NewDesignator=R25
Change Component Designator: OldDesignator=R19 NewDesignator=R27
Change Component Designator: OldDesignator=R20 NewDesignator=R28
Change Component Designator: OldDesignator=R21 NewDesignator=R29
Change Component Designator: OldDesignator=R22 NewDesignator=R30
Change Component Designator: OldDesignator=R23 NewDesignator=R31
Change Component Designator: OldDesignator=R24 NewDesignator=R32
Change Component Designator: OldDesignator=R25 NewDesignator=R33
Change Component Designator: OldDesignator=R26 NewDesignator=R34
Change Component Designator: OldDesignator=R27 NewDesignator=R35
Change Component Designator: OldDesignator=R28 NewDesignator=R36
Change Component Designator: OldDesignator=R29 NewDesignator=R37
Change Component Designator: OldDesignator=R30 NewDesignator=R38
Change Component Designator: OldDesignator=R31 NewDesignator=R39
Change Component Designator: OldDesignator=R32 NewDesignator=R40
Change Component Designator: OldDesignator=R33 NewDesignator=R41
Change Component Designator: OldDesignator=R34 NewDesignator=R42
Change Component Designator: OldDesignator=R35 NewDesignator=R43
Change Component Designator: OldDesignator=R36 NewDesignator=R44
Change Component Designator: OldDesignator=R37 NewDesignator=R45
Change Component Designator: OldDesignator=R38 NewDesignator=R46
Change Component Designator: OldDesignator=R39 NewDesignator=R47
Change Component Designator: OldDesignator=R40 NewDesignator=R48
Change Component Designator: OldDesignator=R41 NewDesignator=R49
Change Component Designator: OldDesignator=R42 NewDesignator=R50
Change Component Designator: OldDesignator=R43 NewDesignator=R51
Change Component Designator: OldDesignator=R44 NewDesignator=R52
Change Component Designator: OldDesignator=R45 NewDesignator=R53
Change Component Designator: OldDesignator=R46 NewDesignator=R54
Change Component Designator: OldDesignator=R47 NewDesignator=R55
Change Component Designator: OldDesignator=R48 NewDesignator=R56
Change Component Designator: OldDesignator=R49 NewDesignator=R57
Change Component Designator: OldDesignator=R50 NewDesignator=R58
Change Component Designator: OldDesignator=R51 NewDesignator=R59
Change Component Designator: OldDesignator=R52 NewDesignator=R60
Change Component Designator: OldDesignator=R53 NewDesignator=R61
Change Component Designator: OldDesignator=R54 NewDesignator=R62
Change Component Designator: OldDesignator=R55 NewDesignator=R63
Change Component Designator: OldDesignator=R56 NewDesignator=R64
Change Component Designator: OldDesignator=R57 NewDesignator=R65
Change Component Designator: OldDesignator=R58 NewDesignator=R66
Change Component Designator: OldDesignator=R59 NewDesignator=R67
Change Component Designator: OldDesignator=R60 NewDesignator=R68
Change Component Designator: OldDesignator=R61 NewDesignator=R69
Change Component Designator: OldDesignator=R62 NewDesignator=R70
Change Component Designator: OldDesignator=R63 NewDesignator=R71
Change Component Designator: OldDesignator=R64 NewDesignator=R72
Change Component Designator: OldDesignator=R65 NewDesignator=R73
Change Component Designator: OldDesignator=R66 NewDesignator=R74
Change Component Designator: OldDesignator=R67 NewDesignator=R75
Change Component Designator: OldDesignator=R68 NewDesignator=R76
Change Component Designator: OldDesignator=R69 NewDesignator=R77
Change Component Designator: OldDesignator=R70 NewDesignator=R78
Change Component Designator: OldDesignator=R71 NewDesignator=R79
Change Component Designator: OldDesignator=R72 NewDesignator=R80
Change Component Designator: OldDesignator=R73 NewDesignator=R81
Change Component Designator: OldDesignator=R74 NewDesignator=R82
Change Component Designator: OldDesignator=R75 NewDesignator=R83
Change Component Designator: OldDesignator=R76 NewDesignator=R84
Change Component Designator: OldDesignator=R77 NewDesignator=R85
Added Component: Designator=C3(CAPC0402(1005)60_M)
Added Component: Designator=C7(CAPC0402(1005)60_M)
Added Component: Designator=C11(CAPC0402(1005)60_M)
Added Component: Designator=C15(CAPC0402(1005)60_M)
Added Component: Designator=C19(CAPC0402(1005)60_M)
Added Component: Designator=C21(CAPC0402(1005)60_M)
Added Component: Designator=C23(CAPC0402(1005)60_M)
Added Component: Designator=C26(CAPC0402(1005)60_M)
Added Component: Designator=C27(CAPC0402(1005)60_M)
Added Component: Designator=C131(CAPC0402(1005)60_M)
Added Component: Designator=C132(CAPC0402(1005)60_M)
Added Component: Designator=R13(RESC0805(2012)_L)
Added Component: Designator=R14(RESC0805(2012)_L)
Added Component: Designator=R15(RESC0805(2012)_L)
Added Component: Designator=R17(RESC0805(2012)_L)
Added Component: Designator=R19(RESC0805(2012)_L)
Added Component: Designator=R20(RESC0805(2012)_L)
Added Component: Designator=R24(RESC0603(1608)_L)
Added Component: Designator=R26(RESC0603(1608)_L)
Added Component: Designator=R86(RESC0805(2012)_L)
Added Pin To Net: NetName=0V Pin=C2-1
Added Pin To Net: NetName=DDR_DQ31 Pin=C2-2
Added Pin To Net: NetName=VREFDDR Pin=C3-1
Added Pin To Net: NetName=0V Pin=C3-2
Added Pin To Net: NetName=VREFDDR1 Pin=C4-1
Added Pin To Net: NetName=VREFDDR1 Pin=C6-1
Added Pin To Net: NetName=VREFDDR Pin=C7-1
Added Pin To Net: NetName=0V Pin=C7-2
Added Pin To Net: NetName=VREFDDR1 Pin=C8-1
Added Pin To Net: NetName=0V Pin=C8-2
Added Pin To Net: NetName=VREFDDR1 Pin=C10-1
Added Pin To Net: NetName=0V Pin=C10-2
Added Pin To Net: NetName=VREFDDR Pin=C11-1
Added Pin To Net: NetName=0V Pin=C11-2
Added Pin To Net: NetName=VREFDDR1 Pin=C12-1
Added Pin To Net: NetName=0V Pin=C12-2
Added Pin To Net: NetName=VREFDDR1 Pin=C14-1
Added Pin To Net: NetName=0V Pin=C14-2
Added Pin To Net: NetName=0V Pin=C15-1
Added Pin To Net: NetName=VREFDDR Pin=C15-2
Added Pin To Net: NetName=VREFDDR1 Pin=C17-2
Added Pin To Net: NetName=VREFDDR1 Pin=C18-2
Added Pin To Net: NetName=0V Pin=C19-1
Added Pin To Net: NetName=VREFDDR Pin=C19-2
Added Pin To Net: NetName=VREFDDR Pin=C20-2
Added Pin To Net: NetName=0V Pin=C21-1
Added Pin To Net: NetName=DDR_DQ30 Pin=C21-2
Added Pin To Net: NetName=DDR_DQ30 Pin=C22-2
Added Pin To Net: NetName=0V Pin=C23-1
Added Pin To Net: NetName=V1P5D Pin=C23-2
Added Pin To Net: NetName=0V Pin=C26-1
Added Pin To Net: NetName=V1P5D Pin=C26-2
Added Pin To Net: NetName=0V Pin=C27-1
Added Pin To Net: NetName=V1P5D Pin=C27-2
Added Pin To Net: NetName=DDR_DQ29 Pin=C60-2
Added Pin To Net: NetName=VREFDDR1 Pin=C120-2
Added Pin To Net: NetName=VREFDDR1 Pin=C121-2
Added Pin To Net: NetName=V2P5D Pin=C122-2
Added Pin To Net: NetName=V2P5D Pin=C123-2
Added Pin To Net: NetName=V1P5D Pin=C124-2
Added Pin To Net: NetName=V1P5D Pin=C125-2
Added Pin To Net: NetName=V1P5D Pin=C126-2
Added Pin To Net: NetName=V1P5D Pin=C127-2
Added Pin To Net: NetName=V1P5D Pin=C128-2
Added Pin To Net: NetName=V1P5D Pin=C129-2
Added Pin To Net: NetName=V1P5D Pin=C130-2
Added Pin To Net: NetName=0V Pin=C131-1
Added Pin To Net: NetName=V2P5D Pin=C131-2
Added Pin To Net: NetName=0V Pin=C132-1
Added Pin To Net: NetName=V2P5D Pin=C132-2
Added Pin To Net: NetName=V2P5D Pin=C133-2
Added Pin To Net: NetName=V2P5D Pin=C134-2
Added Pin To Net: NetName=V1P5D Pin=C135-2
Added Pin To Net: NetName=V1P5D Pin=C136-2
Added Pin To Net: NetName=V1P5D Pin=C137-2
Added Pin To Net: NetName=V1P5D Pin=C138-2
Added Pin To Net: NetName=V2P5D Pin=C139-2
Added Pin To Net: NetName=V2P5D Pin=C140-2
Added Pin To Net: NetName=V2P5D Pin=C141-2
Added Pin To Net: NetName=V2P5D Pin=C142-2
Added Pin To Net: NetName=VREFDDR Pin=D1-H1
Added Pin To Net: NetName=ADC_D8_P Pin=D1-J3
Added Pin To Net: NetName=ADC_D8_N Pin=D1-K1
Added Pin To Net: NetName=ADC_D6_P Pin=D1-K3
Added Pin To Net: NetName=ADC_D7_N Pin=D1-K9
Added Pin To Net: NetName=ADC_D7_P Pin=D1-L2
Added Pin To Net: NetName=ADC_D9_P Pin=D1-L3
Added Pin To Net: NetName=ADC_D2_P Pin=D1-L7
Added Pin To Net: NetName=ADC_D5_N Pin=D1-M2
Added Pin To Net: NetName=ADC_D6_N Pin=D1-M3
Added Pin To Net: NetName=VREFDDR Pin=D1-M8
Added Pin To Net: NetName=AD9517_STATUS Pin=D1-N2
Added Pin To Net: NetName=AD9517_SCLK Pin=D1-N3
Added Pin To Net: NetName=ADC_D3_P Pin=D1-N7
Added Pin To Net: NetName=ADC_D5_P Pin=D1-N8
Added Pin To Net: NetName=ADC_D0_N Pin=D1-P2
Added Pin To Net: NetName=AD9517_SDO Pin=D1-P3
Added Pin To Net: NetName=AD9517_SDIO Pin=D1-P7
Added Pin To Net: NetName=ADC_CSB Pin=D1-P8
Added Pin To Net: NetName=ADC_D1_N Pin=D1-R2
Added Pin To Net: NetName=ADC_D2_N Pin=D1-R3
Added Pin To Net: NetName=ADC_D3_N Pin=D1-R7
Added Pin To Net: NetName=ADC_D0_P Pin=D1-R8
Added Pin To Net: NetName=ADC_D9_N Pin=D1-T2
Added Pin To Net: NetName=ADC_D4_N Pin=D1-T3
Added Pin To Net: NetName=ADC_D4_P Pin=D1-T7
Added Pin To Net: NetName=ADC_D1_P Pin=D1-T8
Added Pin To Net: NetName=DDR_DQ18 Pin=D2-A2
Added Pin To Net: NetName=DDR_DQ20 Pin=D2-A3
Added Pin To Net: NetName=DDR_DQ17 Pin=D2-A7
Added Pin To Net: NetName=DDR_DQ23 Pin=D2-B7
Added Pin To Net: NetName=DDR_DQ19 Pin=D2-B8
Added Pin To Net: NetName=DDR_DQ16 Pin=D2-C2
Added Pin To Net: NetName=DDR_DM2 Pin=D2-C3
Added Pin To Net: NetName=DDR_DQ24 Pin=D2-C7
Added Pin To Net: NetName=DDR_DM3 Pin=D2-C8
Added Pin To Net: NetName=DDR_A11 Pin=D2-D3
Added Pin To Net: NetName=DDR_CS Pin=D2-D7
Added Pin To Net: NetName=DDR_A12 Pin=D2-E3
Added Pin To Net: NetName=DDR_A10 Pin=D2-E7
Added Pin To Net: NetName=DDR_A14 Pin=D2-F2
Added Pin To Net: NetName=DDR_DQ22 Pin=D2-F3
Added Pin To Net: NetName=DDR_A13 Pin=D2-F7
Added Pin To Net: NetName=DDR_BA0 Pin=D2-F8
Added Pin To Net: NetName=DDR_CAS Pin=D2-G2
Added Pin To Net: NetName=DDR_DQ21 Pin=D2-G3
Added Pin To Net: NetName=DDR_DQ30 Pin=D2-H1
Added Pin To Net: NetName=DDR_BA1 Pin=D2-H3
Added Pin To Net: NetName=DDR_CKE Pin=D2-H7
Added Pin To Net: NetName=DDR_BA2 Pin=D2-H8
Added Pin To Net: NetName=DDR_DQ26 Pin=D2-J3
Added Pin To Net: NetName=DDR_A7 Pin=D2-J7
Added Pin To Net: NetName=DDR_DQ25 Pin=D2-K1
Added Pin To Net: NetName=DDR_A5 Pin=D2-K3
Added Pin To Net: NetName=DDR_A6 Pin=D2-K7
Added Pin To Net: NetName=DDR_A8 Pin=D2-K9
Added Pin To Net: NetName=DDR_A9 Pin=D2-L2
Added Pin To Net: NetName=DDR_DQ28 Pin=D2-L3
Added Pin To Net: NetName=ADC_SCLK Pin=D2-L7
Added Pin To Net: NetName=DDR_A2 Pin=D2-M2
Added Pin To Net: NetName=DDR_A4 Pin=D2-M3
Added Pin To Net: NetName=ADC_D11_P Pin=D2-N2
Added Pin To Net: NetName=ADC_D10_N Pin=D2-N3
Added Pin To Net: NetName=ADC_SYNC Pin=D2-N7
Added Pin To Net: NetName=DDR_A3 Pin=D2-N8
Added Pin To Net: NetName=ADC_D12_P Pin=D2-P2
Added Pin To Net: NetName=ADC_D11_N Pin=D2-P3
Added Pin To Net: NetName=ADC_D10_P Pin=D2-P7
Added Pin To Net: NetName=ADC_D12_N Pin=D2-P8
Added Pin To Net: NetName=ADC_D13_P Pin=D2-R2
Added Pin To Net: NetName=ADC_DCO_P Pin=D2-R3
Added Pin To Net: NetName=ADC_SDIO Pin=D2-R7
Added Pin To Net: NetName=ADC_D13_N Pin=D2-R8
Added Pin To Net: NetName=DDR_DQ27 Pin=D2-T2
Added Pin To Net: NetName=DDR_A0 Pin=D2-T3
Added Pin To Net: NetName=DDR_A1 Pin=D2-T7
Added Pin To Net: NetName=ADC_DCO_N Pin=D2-T8
Added Pin To Net: NetName=DDR_DQ29 Pin=D3-1
Added Pin To Net: NetName=DDR_A0 Pin=D4-A6
Added Pin To Net: NetName=V1P5D Pin=D4-A7
Added Pin To Net: NetName=ADC_SDIO Pin=D4-A8
Added Pin To Net: NetName=0V Pin=D4-A9
Added Pin To Net: NetName=DDR_A2 Pin=D4-A10
Added Pin To Net: NetName=ADC_D10_P Pin=D4-A11
Added Pin To Net: NetName=DDR_BA0 Pin=D4-A13
Added Pin To Net: NetName=DDR_CKE Pin=D4-A14
Added Pin To Net: NetName=0V Pin=D4-A15
Added Pin To Net: NetName=DDR_DM3 Pin=D4-A16
Added Pin To Net: NetName=DDR_A8 Pin=D4-A18
Added Pin To Net: NetName=DDR_DQ20 Pin=D4-A19
Added Pin To Net: NetName=0V Pin=D4-A20
Added Pin To Net: NetName=V1P5D Pin=D4-A22
Added Pin To Net: NetName=0V Pin=D4-A23
Added Pin To Net: NetName=0V Pin=D4-A24
Added Pin To Net: NetName=0V Pin=D4-A26
Added Pin To Net: NetName=V2P5D Pin=D4-AA22
Added Pin To Net: NetName=V2P5D Pin=D4-AB25
Added Pin To Net: NetName=V2P5D Pin=D4-AC28
Added Pin To Net: NetName=V2P5D Pin=D4-AE24
Added Pin To Net: NetName=ADC_D6_P Pin=D4-AF9
Added Pin To Net: NetName=ADC_D1_P Pin=D4-AF11
Added Pin To Net: NetName=ADC_D4_P Pin=D4-AF13
Added Pin To Net: NetName=V2P5D Pin=D4-AF27
Added Pin To Net: NetName=ADC_D8_P Pin=D4-AG9
Added Pin To Net: NetName=ADC_D2_N Pin=D4-AG11
Added Pin To Net: NetName=ADC_CSB Pin=D4-AG13
Added Pin To Net: NetName=ADC_D0_N Pin=D4-AG14
Added Pin To Net: NetName=V2P5D Pin=D4-AG30
Added Pin To Net: NetName=ADC_D5_N Pin=D4-AH9
Added Pin To Net: NetName=ADC_D5_P Pin=D4-AH10
Added Pin To Net: NetName=AD9517_SDO Pin=D4-AH11
Added Pin To Net: NetName=AD9517_STATUS Pin=D4-AH12
Added Pin To Net: NetName=ADC_D8_N Pin=D4-AH14
Added Pin To Net: NetName=ADC_D3_P Pin=D4-AJ7
Added Pin To Net: NetName=ADC_D2_P Pin=D4-AJ8
Added Pin To Net: NetName=ADC_D6_N Pin=D4-AJ10
Added Pin To Net: NetName=AD9517_SCLK Pin=D4-AJ12
Added Pin To Net: NetName=ADC_D9_P Pin=D4-AK5
Added Pin To Net: NetName=ADC_D4_N Pin=D4-AK7
Added Pin To Net: NetName=ADC_D3_N Pin=D4-AK8
Added Pin To Net: NetName=ADC_D0_P Pin=D4-AK10
Added Pin To Net: NetName=ADC_D1_N Pin=D4-AK11
Added Pin To Net: NetName=AD9517_SDIO Pin=D4-AK12
Added Pin To Net: NetName=ADC_D7_N Pin=D4-AK18
Added Pin To Net: NetName=ADC_D9_N Pin=D4-AK21
Added Pin To Net: NetName=V1P5D Pin=D4-B5
Added Pin To Net: NetName=ADC_SYNC Pin=D4-B6
Added Pin To Net: NetName=ADC_SCLK Pin=D4-B7
Added Pin To Net: NetName=DDR_DQ26 Pin=D4-B8
Added Pin To Net: NetName=VREFDDR1 Pin=D4-B9
Added Pin To Net: NetName=ADC_D10_N Pin=D4-B11
Added Pin To Net: NetName=DDR_DQ25 Pin=D4-B13
Added Pin To Net: NetName=DDR_A10 Pin=D4-B14
Added Pin To Net: NetName=V1P5D Pin=D4-B15
Added Pin To Net: NetName=VREFDDR1 Pin=D4-B16
Added Pin To Net: NetName=DDR_CS Pin=D4-B17
Added Pin To Net: NetName=DDR_DQ19 Pin=D4-B18
Added Pin To Net: NetName=DDR_A11 Pin=D4-B19
Added Pin To Net: NetName=DDR_DQ27 Pin=D4-B22
Added Pin To Net: NetName=V1P5D Pin=D4-B25
Added Pin To Net: NetName=0V Pin=D4-B27
Added Pin To Net: NetName=0V Pin=D4-C6
Added Pin To Net: NetName=DDR_DQ28 Pin=D4-C7
Added Pin To Net: NetName=V1P5D Pin=D4-C8
Added Pin To Net: NetName=DDR_A5 Pin=D4-C9
Added Pin To Net: NetName=ADC_D13_P Pin=D4-C10
Added Pin To Net: NetName=DDR_A14 Pin=D4-C11
Added Pin To Net: NetName=DDR_DQ16 Pin=D4-C14
Added Pin To Net: NetName=DDR_A12 Pin=D4-C15
Added Pin To Net: NetName=DDR_A13 Pin=D4-C16
Added Pin To Net: NetName=DDR_DM2 Pin=D4-C17
Added Pin To Net: NetName=V1P5D Pin=D4-C18
Added Pin To Net: NetName=0V Pin=D4-C22
Added Pin To Net: NetName=0V Pin=D4-C26
Added Pin To Net: NetName=V2P5D Pin=D4-C28
Added Pin To Net: NetName=ADC_D13_N Pin=D4-D9
Added Pin To Net: NetName=DDR_DQS2_N Pin=D4-D10
Added Pin To Net: NetName=V1P5D Pin=D4-D11
Added Pin To Net: NetName=DDR_CAS Pin=D4-D12
Added Pin To Net: NetName=ADC_DCO_P Pin=D4-D13
Added Pin To Net: NetName=DDR_BA1 Pin=D4-D17
Added Pin To Net: NetName=V1P5D Pin=D4-D21
Added Pin To Net: NetName=ADC_D11_P Pin=D4-E10
Added Pin To Net: NetName=DDR_A1 Pin=D4-E11
Added Pin To Net: NetName=ADC_DCO_N Pin=D4-E12
Added Pin To Net: NetName=V1P5D Pin=D4-E14
Added Pin To Net: NetName=DDR_A4 Pin=D4-E15
Added Pin To Net: NetName=ADC_D12_P Pin=D4-E16
Added Pin To Net: NetName=DDR_BA2 Pin=D4-E17
Added Pin To Net: NetName=0V Pin=D4-E20
Added Pin To Net: NetName=0V Pin=D4-E23
Added Pin To Net: NetName=V1P5D Pin=D4-E24
Added Pin To Net: NetName=V1P5D Pin=D4-F7
Added Pin To Net: NetName=ADC_D11_N Pin=D4-F9
Added Pin To Net: NetName=DDR_A3 Pin=D4-F15
Added Pin To Net: NetName=ADC_D12_N Pin=D4-F16
Added Pin To Net: NetName=V1P5D Pin=D4-F17
Added Pin To Net: NetName=DDR_DQ17 Pin=D4-F18
Added Pin To Net: NetName=0V Pin=D4-F20
Added Pin To Net: NetName=V2P5D Pin=D4-F27
Added Pin To Net: NetName=V1P5D Pin=D4-G10
Added Pin To Net: NetName=DDR_DQ18 Pin=D4-G18
Added Pin To Net: NetName=V1P5D Pin=D4-G20
Added Pin To Net: NetName=0V Pin=D4-G21
Added Pin To Net: NetName=V2P5D Pin=D4-G30
Added Pin To Net: NetName=V1P5D Pin=D4-H13
Added Pin To Net: NetName=0V Pin=D4-H20
Added Pin To Net: NetName=0V Pin=D4-H21
Added Pin To Net: NetName=V1P5D Pin=D4-H23
Added Pin To Net: NetName=DDR_A9 Pin=D4-J15
Added Pin To Net: NetName=V1P5D Pin=D4-J16
Added Pin To Net: NetName=DDR_DQ21 Pin=D4-J17
Added Pin To Net: NetName=0V Pin=D4-J20
Added Pin To Net: NetName=V2P5D Pin=D4-J26
Added Pin To Net: NetName=DDR_DQ24 Pin=D4-K16
Added Pin To Net: NetName=DDR_DQ22 Pin=D4-K17
Added Pin To Net: NetName=V1P5D Pin=D4-K19
Added Pin To Net: NetName=V2P5D Pin=D4-K29
Added Pin To Net: NetName=V1P5D Pin=D4-L12
Added Pin To Net: NetName=DDR_DQ23 Pin=D4-L16
Added Pin To Net: NetName=V2P5D Pin=D4-L22
Added Pin To Net: NetName=DDR_A6 Pin=D4-M8
Added Pin To Net: NetName=DDR_A7 Pin=D4-M9
Added Pin To Net: NetName=V2P5D Pin=D4-M25
Added Pin To Net: NetName=V2P5D Pin=D4-N28
Added Pin To Net: NetName=V2P5D Pin=D4-P21
Added Pin To Net: NetName=V2P5D Pin=D4-R24
Added Pin To Net: NetName=V2P5D Pin=D4-T27
Added Pin To Net: NetName=V2P5D Pin=D4-U30
Added Pin To Net: NetName=V2P5D Pin=D4-W26
Added Pin To Net: NetName=ADC_D7_P Pin=D4-Y12
Added Pin To Net: NetName=V2P5D Pin=D4-Y29
Added Pin To Net: NetName=VREFDDR Pin=L1-2
Added Pin To Net: NetName=DDR_DQ31 Pin=R1-3
Added Pin To Net: NetName=DDR_A6 Pin=R1-6
Added Pin To Net: NetName=DDR_DQ31 Pin=R2-1
Added Pin To Net: NetName=VREFDDR1 Pin=R2-3
Added Pin To Net: NetName=VREFDDR1 Pin=R2-4
Added Pin To Net: NetName=DDR_A7 Pin=R2-8
Added Pin To Net: NetName=VREFDDR1 Pin=R3-3
Added Pin To Net: NetName=AD9517_SDIO Pin=R3-5
Added Pin To Net: NetName=ADC_CSB Pin=R3-6
Added Pin To Net: NetName=ADC_D12_N Pin=R3-6
Added Pin To Net: NetName=VREFDDR1 Pin=R4-1
Added Pin To Net: NetName=VREFDDR1 Pin=R4-3
Added Pin To Net: NetName=VREFDDR1 Pin=R4-4
Added Pin To Net: NetName=ADC_D3_P Pin=R4-7
Added Pin To Net: NetName=ADC_SYNC Pin=R4-7
Added Pin To Net: NetName=ADC_D10_P Pin=R4-8
Added Pin To Net: NetName=VREFDDR1 Pin=R5-3
Added Pin To Net: NetName=ADC_D3_N Pin=R5-5
Added Pin To Net: NetName=ADC_D4_P Pin=R5-6
Added Pin To Net: NetName=DDR_A1 Pin=R5-6
Added Pin To Net: NetName=ADC_D1_P Pin=R5-8
Added Pin To Net: NetName=VREFDDR1 Pin=R6-1
Added Pin To Net: NetName=VREFDDR1 Pin=R6-3
Added Pin To Net: NetName=VREFDDR1 Pin=R6-4
Added Pin To Net: NetName=ADC_SDIO Pin=R6-5
Added Pin To Net: NetName=ADC_D0_P Pin=R6-7
Added Pin To Net: NetName=ADC_D13_N Pin=R6-7
Added Pin To Net: NetName=ADC_DCO_N Pin=R6-8
Added Pin To Net: NetName=VREFDDR Pin=R7-1
Added Pin To Net: NetName=VREFDDR Pin=R7-2
Added Pin To Net: NetName=VREFDDR1 Pin=R7-3
Added Pin To Net: NetName=VREFDDR Pin=R7-4
Added Pin To Net: NetName=AD9517_STATUS Pin=R7-5
Added Pin To Net: NetName=ADC_D0_N Pin=R7-5
Added Pin To Net: NetName=AD9517_SCLK Pin=R7-6
Added Pin To Net: NetName=ADC_D10_N Pin=R7-6
Added Pin To Net: NetName=VREFDDR1 Pin=R8-1
Added Pin To Net: NetName=VREFDDR Pin=R8-2
Added Pin To Net: NetName=VREFDDR1 Pin=R8-3
Added Pin To Net: NetName=VREFDDR1 Pin=R8-4
Added Pin To Net: NetName=ADC_D6_N Pin=R8-7
Added Pin To Net: NetName=DDR_A4 Pin=R8-7
Added Pin To Net: NetName=ADC_D11_P Pin=R8-8
Added Pin To Net: NetName=ADC_D12_P Pin=R8-8
Added Pin To Net: NetName=VREFDDR Pin=R9-1
Added Pin To Net: NetName=VREFDDR Pin=R9-2
Added Pin To Net: NetName=VREFDDR1 Pin=R9-3
Added Pin To Net: NetName=VREFDDR Pin=R9-4
Added Pin To Net: NetName=ADC_D1_N Pin=R9-5
Added Pin To Net: NetName=DDR_A0 Pin=R9-6
Added Pin To Net: NetName=ADC_D2_N Pin=R9-7
Added Pin To Net: NetName=ADC_D4_N Pin=R9-8
Added Pin To Net: NetName=VREFDDR1 Pin=R10-1
Added Pin To Net: NetName=VREFDDR Pin=R10-2
Added Pin To Net: NetName=VREFDDR1 Pin=R10-3
Added Pin To Net: NetName=VREFDDR1 Pin=R10-4
Added Pin To Net: NetName=ADC_D11_N Pin=R10-5
Added Pin To Net: NetName=ADC_D13_P Pin=R10-6
Added Pin To Net: NetName=AD9517_SDO Pin=R10-7
Added Pin To Net: NetName=ADC_DCO_P Pin=R10-8
Added Pin To Net: NetName=VREFDDR Pin=R11-1
Added Pin To Net: NetName=VREFDDR Pin=R11-2
Added Pin To Net: NetName=VREFDDR1 Pin=R11-3
Added Pin To Net: NetName=VREFDDR Pin=R11-4
Added Pin To Net: NetName=VREFDDR1 Pin=R12-1
Added Pin To Net: NetName=VREFDDR Pin=R12-2
Added Pin To Net: NetName=VREFDDR1 Pin=R12-3
Added Pin To Net: NetName=VREFDDR1 Pin=R12-4
Added Pin To Net: NetName=NetD1_L8 Pin=R13-1
Added Pin To Net: NetName=0V Pin=R13-2
Added Pin To Net: NetName=NetD2_L8 Pin=R14-1
Added Pin To Net: NetName=0V Pin=R14-2
Added Pin To Net: NetName=0V Pin=R15-1
Added Pin To Net: NetName=ADC_D7_N Pin=R15-2
Added Pin To Net: NetName=0V Pin=R16-1
Added Pin To Net: NetName=DDR_A8 Pin=R16-2
Added Pin To Net: NetName=V1P5D Pin=R17-1
Added Pin To Net: NetName=ADC_D9_N Pin=R17-2
Added Pin To Net: NetName=V1P5D Pin=R18-1
Added Pin To Net: NetName=DDR_DQ27 Pin=R18-2
Added Pin To Net: NetName=DDR_DQ29 Pin=R19-1
Added Pin To Net: NetName=V1P5D Pin=R19-2
Added Pin To Net: NetName=0V Pin=R20-1
Added Pin To Net: NetName=DDR_DQ29 Pin=R20-2
Added Pin To Net: NetName=VCCPGM Pin=R24-1
Added Pin To Net: NetName=TMS Pin=R24-2
Added Pin To Net: NetName=TDI Pin=R26-1
Added Pin To Net: NetName=VCCPGM Pin=R26-2
Added Pin To Net: NetName=C_DQ4 Pin=R61-8
Added Pin To Net: NetName=C_DQ6 Pin=R63-6
Added Pin To Net: NetName=C_DQ8 Pin=R64-7
Added Pin To Net: NetName=C_DQ7 Pin=R64-8
Added Pin To Net: NetName=C_DQ11 Pin=R65-8
Added Pin To Net: NetName=CTRL6 Pin=R73-7
Added Pin To Net: NetName=CTRL9 Pin=R74-5
Added Pin To Net: NetName=NetD4_B12 Pin=R86-1
Added Pin To Net: NetName=0V Pin=R86-2
Change Net Name : Old Net Name=AD9517_SCLK New Net Name=DDR0_A0
Change Net Name : Old Net Name=AD9517_SDIO New Net Name=DDR0_A1
Change Net Name : Old Net Name=AD9517_SDO New Net Name=DDR0_A2
Change Net Name : Old Net Name=AD9517_STATUS New Net Name=DDR0_A3
Change Net Name : Old Net Name=ADC_CSB New Net Name=DDR0_A4
Change Net Name : Old Net Name=ADC_D0_N New Net Name=DDR0_A5
Change Net Name : Old Net Name=ADC_D0_P New Net Name=DDR0_A6
Change Net Name : Old Net Name=ADC_D1_N New Net Name=DDR0_A7
Change Net Name : Old Net Name=ADC_D1_P New Net Name=DDR0_A8
Change Net Name : Old Net Name=ADC_D2_N New Net Name=DDR0_A9
Change Net Name : Old Net Name=ADC_D2_P New Net Name=DDR0_A10
Change Net Name : Old Net Name=ADC_D3_N New Net Name=DDR0_A11
Change Net Name : Old Net Name=ADC_D3_P New Net Name=DDR0_A12
Change Net Name : Old Net Name=ADC_D4_N New Net Name=DDR0_A13
Change Net Name : Old Net Name=ADC_D4_P New Net Name=DDR0_A14
Change Net Name : Old Net Name=ADC_D5_N New Net Name=DDR0_BA0
Change Net Name : Old Net Name=ADC_D5_P New Net Name=DDR0_BA1
Change Net Name : Old Net Name=ADC_D6_N New Net Name=DDR0_BA2
Change Net Name : Old Net Name=ADC_D6_P New Net Name=DDR0_CAS
Change Net Name : Old Net Name=ADC_D7_N New Net Name=DDR0_CKE
Change Net Name : Old Net Name=ADC_D7_P New Net Name=DDR0_CS
Change Net Name : Old Net Name=ADC_D8_N New Net Name=DDR0_ODT
Change Net Name : Old Net Name=ADC_D8_P New Net Name=DDR0_RAS
Change Net Name : Old Net Name=ADC_D9_N New Net Name=DDR0_RESET_N
Change Net Name : Old Net Name=ADC_D9_P New Net Name=DDR0_WE
Change Net Name : Old Net Name=ADC_D10_N New Net Name=DDR1_A0
Change Net Name : Old Net Name=ADC_D10_P New Net Name=DDR1_A1
Change Net Name : Old Net Name=ADC_D11_N New Net Name=DDR1_A2
Change Net Name : Old Net Name=ADC_D11_P New Net Name=DDR1_A3
Change Net Name : Old Net Name=ADC_D12_N New Net Name=DDR1_A4
Change Net Name : Old Net Name=ADC_D12_P New Net Name=DDR1_A5
Change Net Name : Old Net Name=ADC_D13_N New Net Name=DDR1_A6
Change Net Name : Old Net Name=ADC_D13_P New Net Name=DDR1_A7
Change Net Name : Old Net Name=ADC_DCO_N New Net Name=DDR1_A8
Change Net Name : Old Net Name=ADC_DCO_P New Net Name=DDR1_A9
Change Net Name : Old Net Name=ADC_SCLK New Net Name=DDR1_A10
Change Net Name : Old Net Name=ADC_SDIO New Net Name=DDR1_A11
Change Net Name : Old Net Name=ADC_SYNC New Net Name=DDR1_A12
Change Net Name : Old Net Name=DDR_A0 New Net Name=DDR1_A13
Change Net Name : Old Net Name=DDR_A1 New Net Name=DDR1_A14
Change Net Name : Old Net Name=DDR_A2 New Net Name=DDR1_BA0
Change Net Name : Old Net Name=DDR_A3 New Net Name=DDR1_BA1
Change Net Name : Old Net Name=DDR_A4 New Net Name=DDR1_BA2
Change Net Name : Old Net Name=DDR_A5 New Net Name=DDR1_CAS
Change Net Name : Old Net Name=DDR_A6 New Net Name=DDR1_CK_N
Change Net Name : Old Net Name=DDR_A7 New Net Name=DDR1_CK_P
Change Net Name : Old Net Name=DDR_A8 New Net Name=DDR1_CKE
Change Net Name : Old Net Name=DDR_A9 New Net Name=DDR1_CS
Change Net Name : Old Net Name=DDR_A10 New Net Name=DDR1_DM0
Change Net Name : Old Net Name=DDR_A11 New Net Name=DDR1_DM1
Change Net Name : Old Net Name=DDR_A12 New Net Name=DDR1_DQ0
Change Net Name : Old Net Name=DDR_A13 New Net Name=DDR1_DQ1
Change Net Name : Old Net Name=DDR_A14 New Net Name=DDR1_DQ2
Change Net Name : Old Net Name=DDR_BA0 New Net Name=DDR1_DQ3
Change Net Name : Old Net Name=DDR_BA1 New Net Name=DDR1_DQ4
Change Net Name : Old Net Name=DDR_BA2 New Net Name=DDR1_DQ5
Change Net Name : Old Net Name=DDR_CAS New Net Name=DDR1_DQ6
Change Net Name : Old Net Name=DDR_CK_N New Net Name=DDR0_CK_N
Change Net Name : Old Net Name=DDR_CK_P New Net Name=DDR0_CK_P
Change Net Name : Old Net Name=DDR_CKE New Net Name=DDR1_DQ7
Change Net Name : Old Net Name=DDR_CS New Net Name=DDR1_DQ8
Change Net Name : Old Net Name=DDR_DM0 New Net Name=DDR0_DM0
Change Net Name : Old Net Name=DDR_DM1 New Net Name=DDR0_DM1
Change Net Name : Old Net Name=DDR_DM2 New Net Name=DDR1_DQ9
Change Net Name : Old Net Name=DDR_DM3 New Net Name=DDR1_DQ10
Change Net Name : Old Net Name=DDR_DQ0 New Net Name=DDR0_DQ0
Change Net Name : Old Net Name=DDR_DQ1 New Net Name=DDR0_DQ1
Change Net Name : Old Net Name=DDR_DQ2 New Net Name=DDR0_DQ2
Change Net Name : Old Net Name=DDR_DQ3 New Net Name=DDR0_DQ3
Change Net Name : Old Net Name=DDR_DQ4 New Net Name=DDR0_DQ4
Change Net Name : Old Net Name=DDR_DQ5 New Net Name=DDR0_DQ5
Change Net Name : Old Net Name=DDR_DQ6 New Net Name=DDR0_DQ6
Change Net Name : Old Net Name=DDR_DQ7 New Net Name=DDR0_DQ7
Change Net Name : Old Net Name=DDR_DQ8 New Net Name=DDR0_DQ8
Change Net Name : Old Net Name=DDR_DQ9 New Net Name=DDR0_DQ9
Change Net Name : Old Net Name=DDR_DQ10 New Net Name=DDR0_DQ10
Change Net Name : Old Net Name=DDR_DQ11 New Net Name=DDR0_DQ11
Change Net Name : Old Net Name=DDR_DQ12 New Net Name=DDR0_DQ12
Change Net Name : Old Net Name=DDR_DQ13 New Net Name=DDR0_DQ13
Change Net Name : Old Net Name=DDR_DQ14 New Net Name=DDR0_DQ14
Change Net Name : Old Net Name=DDR_DQ15 New Net Name=DDR0_DQ15
Change Net Name : Old Net Name=DDR_DQ16 New Net Name=DDR1_DQ11
Change Net Name : Old Net Name=DDR_DQ17 New Net Name=DDR1_DQ12
Change Net Name : Old Net Name=DDR_DQ18 New Net Name=DDR1_DQ13
Change Net Name : Old Net Name=DDR_DQ19 New Net Name=DDR1_DQ14
Change Net Name : Old Net Name=DDR_DQ20 New Net Name=DDR1_DQ15
Change Net Name : Old Net Name=DDR_DQ21 New Net Name=DDR1_DQS0_N
Change Net Name : Old Net Name=DDR_DQ22 New Net Name=DDR1_DQS0_P
Change Net Name : Old Net Name=DDR_DQ23 New Net Name=DDR1_DQS1_N
Change Net Name : Old Net Name=DDR_DQ24 New Net Name=DDR1_DQS1_P
Change Net Name : Old Net Name=DDR_DQ25 New Net Name=DDR1_ODT
Change Net Name : Old Net Name=DDR_DQ26 New Net Name=DDR1_RAS
Change Net Name : Old Net Name=DDR_DQ27 New Net Name=DDR1_RESET_N
Change Net Name : Old Net Name=DDR_DQ28 New Net Name=DDR1_WE
Change Net Name : Old Net Name=DDR_DQ29 New Net Name=NetC60_2
Change Net Name : Old Net Name=DDR_DQ30 New Net Name=NetC21_2
Change Net Name : Old Net Name=DDR_DQ31 New Net Name=NetC2_2
Change Net Name : Old Net Name=DDR_DQS0_N New Net Name=DDR0_DQS0_N
Change Net Name : Old Net Name=DDR_DQS0_P New Net Name=DDR0_DQS0_P
Change Net Name : Old Net Name=DDR_DQS1_N New Net Name=DDR0_DQS1_N
Change Net Name : Old Net Name=DDR_DQS1_P New Net Name=DDR0_DQS1_P
Change Net Name : Old Net Name=DDR_DQS2_N New Net Name=DDR1_A15
Change Net Name : Old Net Name=NetC34_2 New Net Name=NetC43_2
Change Net Name : Old Net Name=NetC61_2 New Net Name=NetC70_2
Change Net Name : Old Net Name=NetC140_1 New Net Name=NetC151_1
Change Net Name : Old Net Name=NetC140_2 New Net Name=NetC151_2
Change Net Name : Old Net Name=NetC146_2 New Net Name=NetC157_2
Change Net Name : Old Net Name=NetC147_2 New Net Name=NetC158_2
Change Net Name : Old Net Name=NetC150_2 New Net Name=NetC161_2
Change Net Name : Old Net Name=NetC153_2 New Net Name=NetC164_2
Change Net Name : Old Net Name=NetC154_2 New Net Name=NetC165_2
Change Net Name : Old Net Name=NetC155_2 New Net Name=NetC166_2
Change Net Name : Old Net Name=NetC159_1 New Net Name=NetC170_1
Change Net Name : Old Net Name=NetC159_2 New Net Name=NetC170_2
Change Net Name : Old Net Name=NetC166_2 New Net Name=NetC177_2
Change Net Name : Old Net Name=NetC167_2 New Net Name=NetC178_2
Change Net Name : Old Net Name=NetC168_1 New Net Name=NetC179_1
Change Net Name : Old Net Name=NetC169_2 New Net Name=NetC180_2
Change Net Name : Old Net Name=NetC170_2 New Net Name=NetC181_2
Change Net Name : Old Net Name=NetC171_2 New Net Name=NetC182_2
Change Net Name : Old Net Name=NetC172_2 New Net Name=NetC183_2
Change Net Name : Old Net Name=NetC176_2 New Net Name=NetC187_2
Change Net Name : Old Net Name=NetR48_2 New Net Name=NetR56_2
Change Net Name : Old Net Name=NetR58_2 New Net Name=NetR66_2
Change Net Name : Old Net Name=VREFDDR New Net Name=VREFDDR0
Added Member To Class: ClassName=as14120_x31_ddr Member=Component C54 CAP 1uF 10V 0402(1005)
Added Member To Class: ClassName=as14120_x31_ddr Member=Component C55 CAP 1uF 10V 0402(1005)
Added Member To Class: ClassName=as14120_x31_ddr Member=Component C56 CAP 1uF 10V 0402(1005)
Added Member To Class: ClassName=as14120_x31_ddr Member=Component C57 CAP 1uF 10V 0402(1005)
Added Member To Class: ClassName=as14120_x31_ddr Member=Component C58 CAP 1uF 10V 0402(1005)
Added Member To Class: ClassName=as14120_x31_ddr Member=Component C59 CAP 1uF 10V 0402(1005)
Added Member To Class: ClassName=as14120_x31_ddr Member=Component C60 CAP_0805
Added Member To Class: ClassName=as14120_x31_ddr Member=Component C61 CAP_0805
Added Member To Class: ClassName=as14120_x31_ddr Member=Component C62 CAP_0805
Added Member To Class: ClassName=as14120_x31_fpga_power_conf Member=Component C132 CAP 1uF 10V 0402(1005)
Added Member To Class: ClassName=as14120_x31_fpga_power_conf Member=Component C142 CAP 1uF 10V 0402(1005)
Added Member To Class: ClassName=as14120_x31_ddr Member=Component R15 1K 1% 0805(2012)
Added Member To Class: ClassName=as14120_x31_ddr Member=Component R16 1K 1% 0805(2012)
Added Member To Class: ClassName=as14120_x31_ddr Member=Component R17 1K 1% 0805(2012)
Added Member To Class: ClassName=as14120_x31_ddr Member=Component R18 1K 1% 0805(2012)
Added Member To Class: ClassName=as14120_x31_ddr Member=Component R19 1K 1% 0805(2012)
Added Member To Class: ClassName=as14120_x31_ddr Member=Component R20 1K 1% 0805(2012)
Added Member To Class: ClassName=as14120_x31_fpga_adc Member=Component R21 240
Added Member To Class: ClassName=as14120_x31_fpga_power_conf Member=Component R32 1K 5% 0603(1608)
Added Member To Class: ClassName=as14120_x31_power Member=Component R55 1K 5% 0603(1608)
Added Member To Class: ClassName=as14120_x31_fpga_ddr Member=Component R86 1K 1% 0805(2012)
