Change Component Designator: Old Designator=C37 New Designator=C?
Change Component Designator: Old Designator=C38 New Designator=C?
Change Component Designator: Old Designator=C39 New Designator=C?
Change Component Designator: Old Designator=C40 New Designator=C?
Change Component Designator: Old Designator=C41 New Designator=C?
Change Component Designator: Old Designator=C42 New Designator=C?
Change Component Designator: Old Designator=C43 New Designator=C?
Change Component Designator: Old Designator=C44 New Designator=C?
Change Component Designator: Old Designator=C45 New Designator=C?
Change Component Designator: Old Designator=C46 New Designator=C?
Change Component Designator: Old Designator=C47 New Designator=C?
Change Component Designator: Old Designator=C48 New Designator=C?
Change Component Designator: Old Designator=C49 New Designator=C?
Change Component Designator: Old Designator=C50 New Designator=C?
Change Component Designator: Old Designator=C51 New Designator=C?
Change Component Designator: Old Designator=C52 New Designator=C?
Change Component Designator: Old Designator=C53 New Designator=C?
Change Component Designator: Old Designator=C54 New Designator=C?
Change Component Designator: Old Designator=C55 New Designator=C?
Change Component Designator: Old Designator=C56 New Designator=C?
Change Component Designator: Old Designator=C57 New Designator=C?
Change Component Designator: Old Designator=C58 New Designator=C?
Change Component Designator: Old Designator=C59 New Designator=C?
Change Component Designator: Old Designator=C60 New Designator=C?
Change Component Designator: Old Designator=C61 New Designator=C?
Change Component Designator: Old Designator=C62 New Designator=C?
Change Component Designator: Old Designator=C63 New Designator=C?
Change Component Designator: Old Designator=C64 New Designator=C?
Change Component Designator: Old Designator=C65 New Designator=C?
Change Component Designator: Old Designator=C66 New Designator=C?
Change Component Designator: Old Designator=C67 New Designator=C?
Change Component Designator: Old Designator=C68 New Designator=C?
Change Component Designator: Old Designator=C69 New Designator=C?
Change Component Designator: Old Designator=D4 New Designator=D?
Change Component Designator: Old Designator=D4 New Designator=D?
Change Component Designator: Old Designator=D6 New Designator=D?
Change Component Designator: Old Designator=D6 New Designator=D?
Change Component Designator: Old Designator=D7 New Designator=D?
Change Component Designator: Old Designator=L4 New Designator=L?
Change Component Designator: Old Designator=L5 New Designator=L?
Change Component Designator: Old Designator=L6 New Designator=L?
Change Component Designator: Old Designator=L7 New Designator=L?
Change Component Designator: Old Designator=R31 New Designator=R?
Change Component Designator: Old Designator=R32 New Designator=R?
Change Component Designator: Old Designator=R33 New Designator=R?
Change Component Designator: Old Designator=R34 New Designator=R?
Change Component Designator: Old Designator=R35 New Designator=R?
Change Component Designator: Old Designator=R36 New Designator=R?
Change Component Designator: Old Designator=R37 New Designator=R?
Change Component Designator: Old Designator=R38 New Designator=R?
Change Component Designator: Old Designator=R39 New Designator=R?
Change Component Designator: Old Designator=R40 New Designator=R?
Change Component Designator: Old Designator=R41 New Designator=R?
Change Component Designator: Old Designator=R42 New Designator=R?
Change Component Designator: Old Designator=R43 New Designator=R?
Change Component Designator: Old Designator=R44 New Designator=R?
Change Component Designator: Old Designator=R45 New Designator=R?
Change Component Designator: Old Designator=R46 New Designator=R?
Change Component Designator: Old Designator=R47 New Designator=R?
Change Component Designator: Old Designator=R48 New Designator=R?
Change Component Designator: Old Designator=R49 New Designator=R?
Change Component Designator: Old Designator=R50 New Designator=R?
Change Component Designator: Old Designator=R51 New Designator=R?
Change Component Designator: Old Designator=R53 New Designator=R?
Change Component Designator: Old Designator=R54 New Designator=R?
Change Component Designator: Old Designator=T1 New Designator=T?
Change Component Designator: Old Designator=T2 New Designator=T?
Change Component Designator: Old Designator=VD1 New Designator=VD?
Change Component Designator: Old Designator=VG2 New Designator=VG?
Change Component Designator: Old Designator=X2 New Designator=X?
Change Component Designator: Old Designator=X3 New Designator=X?
Change Component Designator: Old Designator=X4 New Designator=X?
Change Component Designator: Old Designator=X5 New Designator=X?
