Removed Pin From Net: NetName=NetD10_E1 Pin=D10-E1
Removed Pin From Net: NetName=NetD10_E4 Pin=D10-E4
Removed Pin From Net: NetName=NetD10_E5 Pin=D10-E5
Removed Pin From Net: NetName=NetD10_F3 Pin=D10-F3
Removed Pin From Net: NetName=NetD10_F5 Pin=D10-F5
Removed Pin From Net: NetName=NetD10_G2 Pin=D10-G2
Removed Pin From Net: NetName=NetD10_G3 Pin=D10-G3
Removed Pin From Net: NetName=NetD10_G5 Pin=D10-G5
Removed Pin From Net: NetName=NetD10_G6 Pin=D10-G6
Removed Pin From Net: NetName=NetD10_G7 Pin=D10-G7
Removed Pin From Net: NetName=NetD10_H2 Pin=D10-H2
Removed Pin From Net: NetName=NetD10_H3 Pin=D10-H3
Removed Pin From Net: NetName=NetD10_H6 Pin=D10-H6
Removed Pin From Net: NetName=NetD10_H7 Pin=D10-H7
Removed Pin From Net: NetName=NetD10_H8 Pin=D10-H8
Removed Pin From Net: NetName=NetD10_J1 Pin=D10-J1
Removed Pin From Net: NetName=NetD10_J2 Pin=D10-J2
Removed Pin From Net: NetName=NetD10_J3 Pin=D10-J3
Removed Pin From Net: NetName=NetD10_J4 Pin=D10-J4
Removed Pin From Net: NetName=NetD10_J5 Pin=D10-J5
Removed Pin From Net: NetName=NetD10_J6 Pin=D10-J6
Removed Pin From Net: NetName=NetD10_K1 Pin=D10-K1
Removed Pin From Net: NetName=NetD10_J2 Pin=R65-5
Removed Pin From Net: NetName=NetD10_K1 Pin=R65-6
Removed Pin From Net: NetName=NetD10_J4 Pin=R65-7
Removed Pin From Net: NetName=NetD10_H3 Pin=R66-5
Removed Pin From Net: NetName=NetD10_H2 Pin=R66-6
Removed Pin From Net: NetName=NetD10_J1 Pin=R66-7
Removed Pin From Net: NetName=NetD10_J3 Pin=R66-8
Removed Pin From Net: NetName=NetD10_F3 Pin=R67-5
Removed Pin From Net: NetName=NetD10_G3 Pin=R67-6
Removed Pin From Net: NetName=NetD10_G2 Pin=R67-7
Removed Pin From Net: NetName=NetD10_F4 Pin=R67-8
Removed Pin From Net: NetName=NetD10_J7 Pin=R70-5
Removed Pin From Net: NetName=NetD10_J6 Pin=R70-8
Removed Pin From Net: NetName=NetD10_G6 Pin=R71-6
Removed Pin From Net: NetName=NetD10_G7 Pin=R71-7
Removed Pin From Net: NetName=NetD10_H7 Pin=R71-8
Removed Pin From Net: NetName=NetD10_E4 Pin=R72-5
Removed Pin From Net: NetName=NetD10_E5 Pin=R72-6
Removed Pin From Net: NetName=NetD10_E1 Pin=R72-7
Removed Pin From Net: NetName=NetD10_F5 Pin=R72-8
Removed Pin From Net: NetName=NetD10_H6 Pin=R73-6
Removed Pin From Net: NetName=NetD10_G5 Pin=R73-7
Removed Pin From Net: NetName=NetD10_H8 Pin=R73-8
Removed Pin From Net: NetName=NetD10_H5 Pin=R74-7
Removed Pin From Net: NetName=NetD10_J5 Pin=R74-8
Change Component Comment : Designator=R67 Old Comment=22 New Comment=Value
Added Pin To Net: NetName=NetD10_E4 Pin=D10-F3
Added Pin To Net: NetName=NetD10_F3 Pin=D10-G2
Added Pin To Net: NetName=NetD10_E5 Pin=D10-G3
Added Pin To Net: NetName=NetD10_J1 Pin=D10-G5
Added Pin To Net: NetName=NetD10_J4 Pin=D10-G6
Added Pin To Net: NetName=NetD10_J5 Pin=D10-G7
Added Pin To Net: NetName=NetD10_G2 Pin=D10-H2
Added Pin To Net: NetName=NetD10_F5 Pin=D10-H3
Added Pin To Net: NetName=NetD10_H8 Pin=D10-H6
Added Pin To Net: NetName=NetD10_J6 Pin=D10-H7
Added Pin To Net: NetName=NetD10_J2 Pin=D10-H8
Added Pin To Net: NetName=NetD10_G3 Pin=D10-J1
Added Pin To Net: NetName=NetD10_G6 Pin=D10-J2
Added Pin To Net: NetName=NetD10_G5 Pin=D10-J3
Added Pin To Net: NetName=NetD10_H2 Pin=D10-J4
Added Pin To Net: NetName=NetD10_H6 Pin=D10-J5
Added Pin To Net: NetName=NetD10_E1 Pin=D10-J6
Added Pin To Net: NetName=NetD10_G7 Pin=D10-K1
Added Pin To Net: NetName=NetD10_H3 Pin=D10-K2
Added Pin To Net: NetName=NetD10_H7 Pin=D10-K5
Added Pin To Net: NetName=NetD10_J3 Pin=D10-K6
Added Pin To Net: NetName=NetD10_K1 Pin=D10-K7
Change Net Name : Old Net Name=NetD10_E1 New Net Name=PCLK
Change Net Name : Old Net Name=NetD10_E4 New Net Name=D27
Change Net Name : Old Net Name=NetD10_E5 New Net Name=D26
Change Net Name : Old Net Name=NetD10_F3 New Net Name=D25
Change Net Name : Old Net Name=NetD10_F4 New Net Name=D24
Change Net Name : Old Net Name=NetD10_F5 New Net Name=D23
Change Net Name : Old Net Name=NetD10_G2 New Net Name=D22
Change Net Name : Old Net Name=NetD10_G3 New Net Name=D21
Change Net Name : Old Net Name=NetD10_G5 New Net Name=D20
Change Net Name : Old Net Name=NetD10_G6 New Net Name=D19
Change Net Name : Old Net Name=NetD10_G7 New Net Name=D18
Change Net Name : Old Net Name=NetD10_H2 New Net Name=D17
Change Net Name : Old Net Name=NetD10_H3 New Net Name=D16
Change Net Name : Old Net Name=NetD10_H5 New Net Name=CTRL12
Change Net Name : Old Net Name=NetD10_H6 New Net Name=CTRL11
Change Net Name : Old Net Name=NetD10_H7 New Net Name=CTRL10
Change Net Name : Old Net Name=NetD10_H8 New Net Name=CTRL9
Change Net Name : Old Net Name=NetD10_J1 New Net Name=CTRL8
Change Net Name : Old Net Name=NetD10_J2 New Net Name=CTRL7
Change Net Name : Old Net Name=NetD10_J3 New Net Name=CTRL6
Change Net Name : Old Net Name=NetD10_J4 New Net Name=CTRL5
Change Net Name : Old Net Name=NetD10_J5 New Net Name=CTRL4
Change Net Name : Old Net Name=NetD10_J6 New Net Name=CTRL3
Change Net Name : Old Net Name=NetD10_J7 New Net Name=CTRL2
Change Net Name : Old Net Name=NetD10_K1 New Net Name=CTRL1
