Removed Pin From Net: NetName=CY_CTRL11 Pin=D4-AA28
Removed Pin From Net: NetName=CY_DQ15 Pin=D4-AA29
Removed Pin From Net: NetName=CY_DQ14 Pin=D4-AC29
Removed Pin From Net: NetName=CY_DQ10 Pin=D4-AD28
Removed Pin From Net: NetName=CY_DQ13 Pin=D4-AD29
Removed Pin From Net: NetName=CY_DQ9 Pin=D4-AE28
Removed Pin From Net: NetName=CY_CTRL3 Pin=D4-AF28
Removed Pin From Net: NetName=CY_CTRL6 Pin=D4-AF29
Removed Pin From Net: NetName=CY_CTRL9 Pin=D4-AJ28
Removed Pin From Net: NetName=CY_CTRL10 Pin=D4-AJ29
Removed Pin From Net: NetName=CY_CTRL4 Pin=D4-U21
Removed Pin From Net: NetName=CY_CTRL5 Pin=D4-U22
Removed Pin From Net: NetName=CY_DQ11 Pin=D4-U27
Removed Pin From Net: NetName=CY_DQ12 Pin=D4-U28
Removed Pin From Net: NetName=CY_CTRL7 Pin=D4-V24
Removed Pin From Net: NetName=CY_CTRL8 Pin=D4-V25
Removed Pin From Net: NetName=CY_DQ8 Pin=D4-W28
Removed Pin From Net: NetName=CY_CTRL12 Pin=D4-Y28
Added Pin To Net: NetName=CY_DQ18 Pin=D4-AF29
Added Pin To Net: NetName=CY_DQ19 Pin=D4-AF30
Added Pin To Net: NetName=CY_DQ16 Pin=D4-AG29
Added Pin To Net: NetName=CY_CTRL11 Pin=D4-AH29
Added Pin To Net: NetName=CY_CTRL10 Pin=D4-AH30
Added Pin To Net: NetName=CY_DQ8 Pin=D4-AJ28
Added Pin To Net: NetName=CY_DQ10 Pin=D4-AJ29
Added Pin To Net: NetName=CY_DQ12 Pin=D4-AJ30
