Removed Pin From Net: NetName=CY_DQ0 Pin=R58-1
Removed Pin From Net: NetName=CY_DQ1 Pin=R58-2
Removed Pin From Net: NetName=CY_DQ2 Pin=R58-3
Removed Pin From Net: NetName=CY_DQ3 Pin=R58-4
Removed Pin From Net: NetName=CY_DQ16 Pin=R65-1
Removed Pin From Net: NetName=CY_DQ17 Pin=R65-2
Removed Pin From Net: NetName=CY_DQ18 Pin=R65-3
Removed Pin From Net: NetName=CY_DQ19 Pin=R65-4
Removed Pin From Net: NetName=CY_DQ20 Pin=R66-1
Removed Pin From Net: NetName=CY_DQ21 Pin=R66-2
Removed Pin From Net: NetName=CY_DQ23 Pin=R66-4
Removed Pin From Net: NetName=CY_PCLK Pin=R70-1
Removed Pin From Net: NetName=CY_CTRL0 Pin=R70-2
Removed Pin From Net: NetName=CY_CTRL1 Pin=R70-3
Removed Pin From Net: NetName=CY_CTRL2 Pin=R70-4
Added Pin To Net: NetName=CY_DQ11 Pin=R58-1
Added Pin To Net: NetName=CY_DQ12 Pin=R58-2
Added Pin To Net: NetName=CY_DQ10 Pin=R58-3
Added Pin To Net: NetName=CY_DQ8 Pin=R58-4
Added Pin To Net: NetName=CY_DQ19 Pin=R65-1
Added Pin To Net: NetName=CY_DQ18 Pin=R65-2
Added Pin To Net: NetName=CY_DQ16 Pin=R65-3
Added Pin To Net: NetName=CY_CTRL10 Pin=R65-4
Added Pin To Net: NetName=CY_DQ29 Pin=R66-1
Added Pin To Net: NetName=CY_DQ25 Pin=R66-2
Added Pin To Net: NetName=CY_DQ21 Pin=R66-4
Added Pin To Net: NetName=CY_CTRL6 Pin=R70-1
Added Pin To Net: NetName=CY_CTRL11 Pin=R70-2
Added Pin To Net: NetName=CY_CTRL10 Pin=R70-3
Added Pin To Net: NetName=CY_DQ13 Pin=R70-4
