Removed Pin From Net: NetName=DDR1_CK_N Pin=R1-6
Removed Pin From Net: NetName=DDR0_CK_P Pin=R1-7
Removed Pin From Net: NetName=DDR0_CK_N Pin=R1-8
Removed Pin From Net: NetName=DDR1_CK_P Pin=R2-8
Removed Pin From Net: NetName=DDR0_A13 Pin=R3-5
Removed Pin From Net: NetName=DDR0_A9 Pin=R3-6
Removed Pin From Net: NetName=DDR0_A5 Pin=R3-7
Removed Pin From Net: NetName=DDR1_A12 Pin=R4-7
Removed Pin From Net: NetName=DDR1_A1 Pin=R4-8
Removed Pin From Net: NetName=DDR1_A11 Pin=R6-5
Removed Pin From Net: NetName=DDR1_A8 Pin=R6-8
Removed Pin From Net: NetName=DDR0_A3 Pin=R7-5
Removed Pin From Net: NetName=DDR0_A0 Pin=R7-6
Removed Pin From Net: NetName=DDR0_BA2 Pin=R8-7
Removed Pin From Net: NetName=DDR1_A3 Pin=R8-8
Removed Pin From Net: NetName=DDR1_A13 Pin=R9-6
Removed Pin From Net: NetName=DDR1_A2 Pin=R10-5
Removed Pin From Net: NetName=DDR1_A7 Pin=R10-6
Removed Pin From Net: NetName=DDR0_A2 Pin=R10-7
Removed Pin From Net: NetName=DDR1_A9 Pin=R10-8
Added Pin To Net: NetName=C_DQ18 Pin=R62-8
Added Pin To Net: NetName=C_DQ21 Pin=R64-6
Added Pin To Net: NetName=C_DQ24 Pin=R65-7
Added Pin To Net: NetName=C_DQ9 Pin=R65-8
Added Pin To Net: NetName=C_DQ25 Pin=R66-8
Added Pin To Net: NetName=CTRL7 Pin=R74-7
Added Pin To Net: NetName=CTRL12 Pin=R75-5
