Removed Pin From Net: NetName=DDR0_A1 Pin=R3-5
Removed Pin From Net: NetName=DDR0_A5 Pin=R7-5
Removed Pin From Net: NetName=DDR0_A7 Pin=R9-5
Removed Pin From Net: NetName=DDR0_A9 Pin=R9-7
Removed Pin From Net: NetName=DDR0_A13 Pin=R9-8
Added Component: Designator=L6(IND_Sumida_CDRH3D16)
Added Pin To Net: NetName=NetD6_16 Pin=L6-1
Added Pin To Net: NetName=V1P8D Pin=L6-2
Added Pin To Net: NetName=DDR0_A9 Pin=R3-5
Added Pin To Net: NetName=DDR0_A13 Pin=R3-5
Added Pin To Net: NetName=DDR0_A7 Pin=R3-6
Added Pin To Net: NetName=DDR0_A5 Pin=R4-7
Added Pin To Net: NetName=DDR0_A14 Pin=R5-6
Added Pin To Net: NetName=DDR0_A6 Pin=R6-7
Added Pin To Net: NetName=DDR0_A3 Pin=R7-5
Added Pin To Net: NetName=DDR0_A0 Pin=R7-6
Added Pin To Net: NetName=DDR0_BA2 Pin=R8-7
Added Pin To Net: NetName=DDR1_A3 Pin=R8-8
Added Pin To Net: NetName=C_DQ4 Pin=R62-8
Added Pin To Net: NetName=C_DQ6 Pin=R64-6
Added Pin To Net: NetName=C_DQ8 Pin=R65-7
Added Pin To Net: NetName=C_DQ7 Pin=R65-8
Added Pin To Net: NetName=C_DQ11 Pin=R66-8
Added Pin To Net: NetName=CTRL6 Pin=R74-7
Added Pin To Net: NetName=CTRL9 Pin=R75-5
Added Member To Class: ClassName=as14120_x31_ddr Member=Component C24 CAP 1uF 10V 0402(1005)
Added Member To Class: ClassName=as14120_x31_fpga_ttl Member=Component D4 5CEFA7F31C8N
Added Member To Class: ClassName=as14120_x31_power Member=Component L6 IND_Sumida_CDRH3D16
Change Room Name: Old Name=Room_D1 New Name=as14120_x31_ddr
Change Room Scope: Old Scope=InComponentClass('Room Definition 1') New Scope=InComponentClass('as14120_x31_ddr')
