Removed Member From Class: ClassName=as14120_x31_usb Member=R75
Removed Member From Class: ClassName=as14120_x31_usb Member=R84
Change Component DesignItemId : Designator=R58 Old DesignItemId=RES_CAY16 New DesignItemId=cay16-J4
Change Component DesignItemId : Designator=R62 Old DesignItemId=RES_CAY16 New DesignItemId=cay16-J4
Change Component DesignItemId : Designator=R64 Old DesignItemId=RES_CAY16 New DesignItemId=cay16-J4
Change Component DesignItemId : Designator=R65 Old DesignItemId=RES_CAY16 New DesignItemId=cay16-J4
Change Component DesignItemId : Designator=R66 Old DesignItemId=RES_CAY16 New DesignItemId=cay16-J4
Change Component DesignItemId : Designator=R70 Old DesignItemId=RES_CAY16 New DesignItemId=cay16-J4
Change Component DesignItemId : Designator=R71 Old DesignItemId=RES_CAY16 New DesignItemId=cay16-J4
Change Component DesignItemId : Designator=R72 Old DesignItemId=RES_CAY16 New DesignItemId=cay16-J4
Change Component DesignItemId : Designator=R73 Old DesignItemId=RES_CAY16 New DesignItemId=cay16-J4
Change Component DesignItemId : Designator=R74 Old DesignItemId=RES_CAY16 New DesignItemId=cay16-J4
Change Component Comment : Designator=R1 Old Comment=* New Comment=51
Change Component Comment : Designator=R3 Old Comment=* New Comment=51
Change Component Comment : Designator=R4 Old Comment=* New Comment=51
Change Component Comment : Designator=R58 Old Comment=RES_CAY16 New Comment=22
Change Component Comment : Designator=R62 Old Comment=RES_CAY16 New Comment=22
Change Component Comment : Designator=R64 Old Comment=RES_CAY16 New Comment=22
Change Component Comment : Designator=R65 Old Comment=RES_CAY16 New Comment=22
Change Component Comment : Designator=R66 Old Comment=RES_CAY16 New Comment=22
Change Component Comment : Designator=R70 Old Comment=RES_CAY16 New Comment=22
Change Component Comment : Designator=R71 Old Comment=RES_CAY16 New Comment=22
Change Component Comment : Designator=R72 Old Comment=RES_CAY16 New Comment=22
Change Component Comment : Designator=R73 Old Comment=RES_CAY16 New Comment=22
Change Component Comment : Designator=R74 Old Comment=RES_CAY16 New Comment=22
Change Component Description : Designator=R58 Old Description=RES_CAY16 New Description=
Change Component Description : Designator=R62 Old Description=RES_CAY16 New Description=
Change Component Description : Designator=R64 Old Description=RES_CAY16 New Description=
Change Component Description : Designator=R65 Old Description=RES_CAY16 New Description=
Change Component Description : Designator=R66 Old Description=RES_CAY16 New Description=
Change Component Description : Designator=R70 Old Description=RES_CAY16 New Description=
Change Component Description : Designator=R71 Old Description=RES_CAY16 New Description=
Change Component Description : Designator=R72 Old Description=RES_CAY16 New Description=
Change Component Description : Designator=R73 Old Description=RES_CAY16 New Description=
Change Component Description : Designator=R74 Old Description=RES_CAY16 New Description=
Change Component Library : Designator=R58 Old Library=alexsb.IntLib New Library=as14120.SchLib
Change Component Library : Designator=R62 Old Library=alexsb.IntLib New Library=as14120.SchLib
Change Component Library : Designator=R64 Old Library=alexsb.IntLib New Library=as14120.SchLib
Change Component Library : Designator=R65 Old Library=alexsb.IntLib New Library=as14120.SchLib
Change Component Library : Designator=R66 Old Library=alexsb.IntLib New Library=as14120.SchLib
Change Component Library : Designator=R70 Old Library=alexsb.IntLib New Library=as14120.SchLib
Change Component Library : Designator=R71 Old Library=alexsb.IntLib New Library=as14120.SchLib
Change Component Library : Designator=R72 Old Library=alexsb.IntLib New Library=as14120.SchLib
Change Component Library : Designator=R73 Old Library=alexsb.IntLib New Library=as14120.SchLib
Change Component Library : Designator=R74 Old Library=alexsb.IntLib New Library=as14120.SchLib
