Removed Pin From Net: NetName=CY_DQ25 Pin=D4-AA29
Removed Pin From Net: NetName=CY_DQ29 Pin=D4-AA30
Removed Pin From Net: NetName=CY_DQ19 Pin=D4-AC29
Removed Pin From Net: NetName=CY_DQ16 Pin=D4-AD29
Removed Pin From Net: NetName=ADC_D5_N Pin=D4-B29
Removed Pin From Net: NetName=ADC_D5_P Pin=D4-C29
Removed Pin From Net: NetName=ADC_D6_N Pin=D4-C30
Removed Pin From Net: NetName=ADC_D6_P Pin=D4-D30
Removed Pin From Net: NetName=ADC_D0_N Pin=D4-E28
Removed Pin From Net: NetName=ADC_D7_N Pin=D4-E30
Removed Pin From Net: NetName=ADC_D0_P Pin=D4-F28
Removed Pin From Net: NetName=ADC_D7_P Pin=D4-F30
Removed Pin From Net: NetName=ADC_D1_P Pin=D4-G27
Removed Pin From Net: NetName=ADC_D1_N Pin=D4-G28
Removed Pin From Net: NetName=ADC_D8_P Pin=D4-H29
Removed Pin From Net: NetName=ADC_D8_N Pin=D4-H30
Removed Pin From Net: NetName=ADC_D9_N Pin=D4-J30
Removed Pin From Net: NetName=ADC_D2_N Pin=D4-K28
Removed Pin From Net: NetName=ADC_D9_P Pin=D4-K30
Removed Pin From Net: NetName=ADC_D2_P Pin=D4-L28
Removed Pin From Net: NetName=ADC_D10_P Pin=D4-L29
Removed Pin From Net: NetName=ADC_D10_N Pin=D4-L30
Removed Pin From Net: NetName=ADC_D3_P Pin=D4-M27
Removed Pin From Net: NetName=ADC_D3_N Pin=D4-M28
Removed Pin From Net: NetName=ADC_D11_P Pin=D4-M29
Removed Pin From Net: NetName=ADC_D4_P Pin=D4-N26
Removed Pin From Net: NetName=ADC_D4_N Pin=D4-N27
Removed Pin From Net: NetName=ADC_D11_N Pin=D4-N30
Removed Pin From Net: NetName=ADC_D12_P Pin=D4-P29
Removed Pin From Net: NetName=ADC_D12_N Pin=D4-P30
Removed Pin From Net: NetName=ADC_DCO_P Pin=D4-R27
Removed Pin From Net: NetName=ADC_DCO_N Pin=D4-R28
Removed Pin From Net: NetName=ADC_D13_N Pin=D4-R30
Removed Pin From Net: NetName=ADC_D13_P Pin=D4-T30
Added Pin To Net: NetName=ADC_D1_P Pin=D4-F25
Added Pin To Net: NetName=ADC_D1_N Pin=D4-F26
Added Pin To Net: NetName=ADC_D2_P Pin=D4-H25
Added Pin To Net: NetName=ADC_D2_N Pin=D4-H26
Added Pin To Net: NetName=ADC_D0_P Pin=D4-J22
Added Pin To Net: NetName=ADC_D0_N Pin=D4-J23
Added Pin To Net: NetName=ADC_D3_N Pin=D4-J27
Added Pin To Net: NetName=ADC_D3_P Pin=D4-K27
Added Pin To Net: NetName=ADC_D4_P Pin=D4-L25
Added Pin To Net: NetName=ADC_D4_N Pin=D4-L26
Added Pin To Net: NetName=ADC_D5_P Pin=D4-N24
Added Pin To Net: NetName=ADC_D5_N Pin=D4-N25
Added Pin To Net: NetName=ADC_DCO_P Pin=D4-N26
Added Pin To Net: NetName=ADC_DCO_N Pin=D4-N27
Added Pin To Net: NetName=ADC_D6_P Pin=D4-P25
Added Pin To Net: NetName=ADC_D9_P Pin=D4-P29
Added Pin To Net: NetName=ADC_D9_N Pin=D4-P30
Added Pin To Net: NetName=ADC_D6_N Pin=D4-R25
Added Pin To Net: NetName=ADC_D7_P Pin=D4-R26
Added Pin To Net: NetName=ADC_D8_P Pin=D4-R27
Added Pin To Net: NetName=ADC_D8_N Pin=D4-R28
Added Pin To Net: NetName=ADC_D11_N Pin=D4-R30
Added Pin To Net: NetName=ADC_D7_N Pin=D4-T25
Added Pin To Net: NetName=ADC_D12_P Pin=D4-T28
Added Pin To Net: NetName=ADC_D12_N Pin=D4-T29
Added Pin To Net: NetName=ADC_D11_P Pin=D4-T30
Added Pin To Net: NetName=ADC_D13_P Pin=D4-U27
Added Pin To Net: NetName=ADC_D13_N Pin=D4-U28
