Added Component: Designator=C1(CC0402)
Added Component: Designator=C2(CC0402)
Added Component: Designator=C3(CC0402)
Added Component: Designator=C4(CC0402)
Added Component: Designator=C5(CC0402)
Added Component: Designator=C6(CC0402)
Added Component: Designator=C7(CAP100RP_CAP100RP(Primary))
Added Component: Designator=C8(CC0402)
Added Component: Designator=C9(CC0402)
Added Component: Designator=C10(CC0402)
Added Component: Designator=D1(8S1_M)
Added Component: Designator=D2(LQFP100_N)
Added Component: Designator=R1(RC0805)
Added Component: Designator=R2(RC0805)
Added Component: Designator=R3(RC0805)
Added Component: Designator=R4(RC0805)
Added Component: Designator=R5(RC0805)
Added Component: Designator=R6(RC0805)
Added Component: Designator=R7(RC0805)
Added Component: Designator=R8(RC0805)
Added Component: Designator=R9(RC0805)
Added Component: Designator=R10(RC0805)
Added Component: Designator=R11(RC0805)
Added Component: Designator=R12(RC0805)
Added Component: Designator=R13(RC0805)
Added Component: Designator=R14(RC0805)
Added Component: Designator=R15(RC0805)
Added Component: Designator=R16(RC0805)
Added Component: Designator=R17(RC0805)
Added Component: Designator=R18(RC0805)
Added Component: Designator=R19(RC0805)
Added Component: Designator=R20(RC0805)
Added Component: Designator=R21(RC0805)
Added Component: Designator=R22(RC0805)
Added Component: Designator=R23(RC0805)
Added Component: Designator=R24(RC0805)
Added Component: Designator=R25(RC0805)
Added Component: Designator=R26(RC0805)
Added Component: Designator=R27(RC0805)
Added Component: Designator=R28(RC0805)
Added Component: Designator=R29(RC0805)
Added Component: Designator=R30(RC0805)
Added Component: Designator=R31(RC0805)
Added Component: Designator=R32(RC0805)
Added Component: Designator=R33(RC0805)
Added Component: Designator=R34(RC0805)
Added Component: Designator=R35(RC0805)
Added Component: Designator=R36(RC0805)
Added Component: Designator=R37(RC0805)
Added Component: Designator=R38(RC0805)
Added Component: Designator=R39(RC0805)
Added Component: Designator=R40(RC0805)
Added Component: Designator=R41(RC0805)
Added Component: Designator=R42(RC0805)
Added Component: Designator=R43(RC0805)
Added Component: Designator=R44(RC0805)
Added Component: Designator=R45(RC0805)
Added Component: Designator=R46(RC0805)
Added Component: Designator=R47(RC0805)
Added Component: Designator=R48(RC0805)
Added Component: Designator=R49(RC0805)
Added Component: Designator=R50(RC0805)
Added Component: Designator=R51(RC0805)
Added Component: Designator=R52(RC0805)
Added Component: Designator=R53(RC0805)
Added Component: Designator=R54(RC0805)
Added Component: Designator=R55(RC0805)
Added Component: Designator=R56(RC0805)
Added Component: Designator=R57(RC0805)
Added Component: Designator=R58(RC0805)
Added Component: Designator=R59(RC0805)
Added Component: Designator=R60(RC0805)
Added Component: Designator=R61(RC0805)
Added Component: Designator=R62(RC0805)
Added Component: Designator=R63(RC0805)
Added Component: Designator=R64(RC0805)
Added Component: Designator=R65(RC0805)
Added Component: Designator=R66(RC0805)
Added Component: Designator=R67(RC0805)
Added Component: Designator=R68(RC0805)
Added Component: Designator=R69(RC0805)
Added Component: Designator=R70(RC0805)
Added Component: Designator=R71(RC0805)
Added Component: Designator=R72(RC0805)
Added Component: Designator=R73(RC0805)
Added Component: Designator=R74(RC0805)
Added Component: Designator=R75(RC0805)
Added Component: Designator=X1(IDC10M)
Added Component: Designator=X4(IDC10M)
Added Component: Designator=ZQ1(CRYSTAL_Primary)
Added Pin To Net: NetName=0V Pin=C1-1
Added Pin To Net: NetName=0V Pin=C2-1
Added Pin To Net: NetName=0V Pin=C3-1
Added Pin To Net: NetName=0V Pin=C4-1
Added Pin To Net: NetName=0V Pin=C5-1
Added Pin To Net: NetName=0V Pin=C6-1
Added Pin To Net: NetName=0V Pin=C7-MINUS
Added Pin To Net: NetName=0V Pin=C8-1
Added Pin To Net: NetName=0V Pin=C9-1
Added Pin To Net: NetName=0V Pin=C10-1
Added Pin To Net: NetName=0V Pin=D1-5
Added Pin To Net: NetName=0V Pin=D2-10
Added Pin To Net: NetName=0V Pin=D2-19
Added Pin To Net: NetName=0V Pin=D2-20
Added Pin To Net: NetName=0V Pin=D2-27
Added Pin To Net: NetName=0V Pin=D2-49
Added Pin To Net: NetName=0V Pin=D2-74
Added Pin To Net: NetName=0V Pin=D2-99
Added Pin To Net: NetName=0V Pin=R74-1
Added Pin To Net: NetName=0V Pin=X1-2
Added Pin To Net: NetName=0V Pin=X1-4
Added Pin To Net: NetName=0V Pin=X1-6
Added Pin To Net: NetName=0V Pin=X1-8
Added Pin To Net: NetName=0V Pin=X1-9
Added Pin To Net: NetName=0V Pin=X1-10
Added Pin To Net: NetName=0V Pin=X4-2
Added Pin To Net: NetName=0V Pin=X4-4
Added Pin To Net: NetName=0V Pin=X4-6
Added Pin To Net: NetName=0V Pin=X4-8
Added Pin To Net: NetName=0V Pin=X4-9
Added Pin To Net: NetName=0V Pin=X4-10
Added Net: Name=0V
Added Pin To Net: NetName=A_485 Pin=R4-1
Added Pin To Net: NetName=A_485 Pin=X1-1
Added Pin To Net: NetName=A_485 Pin=X4-1
Added Net: Name=A_485
Added Pin To Net: NetName=B_485 Pin=R2-1
Added Pin To Net: NetName=B_485 Pin=X1-3
Added Pin To Net: NetName=B_485 Pin=X4-3
Added Net: Name=B_485
Added Pin To Net: NetName=NetC8_2 Pin=C8-2
Added Pin To Net: NetName=NetC8_2 Pin=ZQ1-2
Added Net: Name=NetC8_2
Added Pin To Net: NetName=NetC9_2 Pin=C9-2
Added Pin To Net: NetName=NetC9_2 Pin=R72-1
Added Pin To Net: NetName=NetC9_2 Pin=ZQ1-1
Added Net: Name=NetC9_2
Added Pin To Net: NetName=NetC10_2 Pin=C10-2
Added Pin To Net: NetName=NetC10_2 Pin=D2-14
Added Pin To Net: NetName=NetC10_2 Pin=R75-2
Added Net: Name=NetC10_2
Added Pin To Net: NetName=NetD1_6 Pin=D1-6
Added Pin To Net: NetName=NetD1_6 Pin=R3-2
Added Pin To Net: NetName=NetD1_6 Pin=R4-2
Added Pin To Net: NetName=NetD1_6 Pin=R5-1
Added Net: Name=NetD1_6
Added Pin To Net: NetName=NetD1_7 Pin=D1-7
Added Pin To Net: NetName=NetD1_7 Pin=R1-2
Added Pin To Net: NetName=NetD1_7 Pin=R2-2
Added Pin To Net: NetName=NetD1_7 Pin=R3-1
Added Net: Name=NetD1_7
Added Pin To Net: NetName=NetD2_13 Pin=D2-13
Added Pin To Net: NetName=NetD2_13 Pin=R72-2
Added Net: Name=NetD2_13
Added Pin To Net: NetName=NetD2_94 Pin=D2-94
Added Pin To Net: NetName=NetD2_94 Pin=R73-2
Added Pin To Net: NetName=NetD2_94 Pin=R74-2
Added Net: Name=NetD2_94
Added Pin To Net: NetName=NetR6_1 Pin=R6-1
Added Net: Name=NetR6_1
Added Pin To Net: NetName=NetR7_1 Pin=R7-1
Added Net: Name=NetR7_1
Added Pin To Net: NetName=NetR8_1 Pin=R8-1
Added Net: Name=NetR8_1
Added Pin To Net: NetName=NetR9_1 Pin=R9-1
Added Net: Name=NetR9_1
Added Pin To Net: NetName=NetR10_1 Pin=R10-1
Added Net: Name=NetR10_1
Added Pin To Net: NetName=NetR11_1 Pin=R11-1
Added Net: Name=NetR11_1
Added Pin To Net: NetName=NetR12_1 Pin=R12-1
Added Net: Name=NetR12_1
Added Pin To Net: NetName=NetR13_1 Pin=R13-1
Added Net: Name=NetR13_1
Added Pin To Net: NetName=NetR14_1 Pin=R14-1
Added Net: Name=NetR14_1
Added Pin To Net: NetName=NetR15_1 Pin=R15-1
Added Net: Name=NetR15_1
Added Pin To Net: NetName=NetR16_1 Pin=R16-1
Added Net: Name=NetR16_1
Added Pin To Net: NetName=NetR17_1 Pin=R17-1
Added Net: Name=NetR17_1
Added Pin To Net: NetName=NetR18_1 Pin=R18-1
Added Net: Name=NetR18_1
Added Pin To Net: NetName=NetR19_1 Pin=R19-1
Added Net: Name=NetR19_1
Added Pin To Net: NetName=NetR20_1 Pin=R20-1
Added Net: Name=NetR20_1
Added Pin To Net: NetName=NetR21_1 Pin=R21-1
Added Net: Name=NetR21_1
Added Pin To Net: NetName=NetR22_1 Pin=R22-1
Added Net: Name=NetR22_1
Added Pin To Net: NetName=NetR23_1 Pin=R23-1
Added Net: Name=NetR23_1
Added Pin To Net: NetName=NetR24_1 Pin=R24-1
Added Net: Name=NetR24_1
Added Pin To Net: NetName=NetR25_1 Pin=R25-1
Added Net: Name=NetR25_1
Added Pin To Net: NetName=NetR26_1 Pin=R26-1
Added Net: Name=NetR26_1
Added Pin To Net: NetName=NetR27_1 Pin=R27-1
Added Net: Name=NetR27_1
Added Pin To Net: NetName=NetR28_1 Pin=R28-1
Added Net: Name=NetR28_1
Added Pin To Net: NetName=NetR29_1 Pin=R29-1
Added Net: Name=NetR29_1
Added Pin To Net: NetName=NetR31_1 Pin=R31-1
Added Net: Name=NetR31_1
Added Pin To Net: NetName=NetR32_1 Pin=R32-1
Added Net: Name=NetR32_1
Added Pin To Net: NetName=NetR34_1 Pin=R34-1
Added Net: Name=NetR34_1
Added Pin To Net: NetName=NetR35_1 Pin=R35-1
Added Net: Name=NetR35_1
Added Pin To Net: NetName=NetR36_1 Pin=R36-1
Added Net: Name=NetR36_1
Added Pin To Net: NetName=NetR37_1 Pin=R37-1
Added Net: Name=NetR37_1
Added Pin To Net: NetName=NetR38_1 Pin=R38-1
Added Net: Name=NetR38_1
Added Pin To Net: NetName=NetR39_1 Pin=R39-1
Added Net: Name=NetR39_1
Added Pin To Net: NetName=NetR40_1 Pin=R40-1
Added Net: Name=NetR40_1
Added Pin To Net: NetName=NetR41_1 Pin=R41-1
Added Net: Name=NetR41_1
Added Pin To Net: NetName=NetR42_1 Pin=R42-1
Added Net: Name=NetR42_1
Added Pin To Net: NetName=NetR43_1 Pin=R43-1
Added Net: Name=NetR43_1
Added Pin To Net: NetName=NetR44_1 Pin=R44-1
Added Net: Name=NetR44_1
Added Pin To Net: NetName=NetR45_1 Pin=R45-1
Added Net: Name=NetR45_1
Added Pin To Net: NetName=NetR46_1 Pin=R46-1
Added Net: Name=NetR46_1
Added Pin To Net: NetName=NetR47_1 Pin=R47-1
Added Net: Name=NetR47_1
Added Pin To Net: NetName=NetR48_1 Pin=R48-1
Added Net: Name=NetR48_1
Added Pin To Net: NetName=NetR49_1 Pin=R49-1
Added Net: Name=NetR49_1
Added Pin To Net: NetName=NetR50_1 Pin=R50-1
Added Net: Name=NetR50_1
Added Pin To Net: NetName=NetR51_1 Pin=R51-1
Added Net: Name=NetR51_1
Added Pin To Net: NetName=NetR52_1 Pin=R52-1
Added Net: Name=NetR52_1
Added Pin To Net: NetName=NetR53_1 Pin=R53-1
Added Net: Name=NetR53_1
Added Pin To Net: NetName=NetR54_1 Pin=R54-1
Added Net: Name=NetR54_1
Added Pin To Net: NetName=NetR55_1 Pin=R55-1
Added Net: Name=NetR55_1
Added Pin To Net: NetName=NetR56_1 Pin=R56-1
Added Net: Name=NetR56_1
Added Pin To Net: NetName=NetR57_1 Pin=R57-1
Added Net: Name=NetR57_1
Added Pin To Net: NetName=NetR58_1 Pin=R58-1
Added Net: Name=NetR58_1
Added Pin To Net: NetName=NetR59_1 Pin=R59-1
Added Net: Name=NetR59_1
Added Pin To Net: NetName=NetR60_1 Pin=R60-1
Added Net: Name=NetR60_1
Added Pin To Net: NetName=NetR61_1 Pin=R61-1
Added Net: Name=NetR61_1
Added Pin To Net: NetName=NetR62_1 Pin=R62-1
Added Net: Name=NetR62_1
Added Pin To Net: NetName=NetR63_1 Pin=R63-1
Added Net: Name=NetR63_1
Added Pin To Net: NetName=NetR64_1 Pin=R64-1
Added Net: Name=NetR64_1
Added Pin To Net: NetName=NetR65_1 Pin=R65-1
Added Net: Name=NetR65_1
Added Pin To Net: NetName=NetR66_1 Pin=R66-1
Added Net: Name=NetR66_1
Added Pin To Net: NetName=NetR67_1 Pin=R67-1
Added Net: Name=NetR67_1
Added Pin To Net: NetName=NetR68_1 Pin=R68-1
Added Net: Name=NetR68_1
Added Pin To Net: NetName=NetR69_1 Pin=R69-1
Added Net: Name=NetR69_1
Added Pin To Net: NetName=NetR70_1 Pin=R70-1
Added Net: Name=NetR70_1
Added Pin To Net: NetName=NetR71_1 Pin=R71-1
Added Net: Name=NetR71_1
Added Pin To Net: NetName=PB0 Pin=D2-35
Added Net: Name=PB0
Added Pin To Net: NetName=PB1 Pin=D2-36
Added Pin To Net: NetName=PB1 Pin=R6-2
Added Net: Name=PB1
Added Pin To Net: NetName=PB2 Pin=D2-37
Added Pin To Net: NetName=PB2 Pin=R8-2
Added Net: Name=PB2
Added Pin To Net: NetName=PB3 Pin=D2-89
Added Pin To Net: NetName=PB3 Pin=R10-2
Added Net: Name=PB3
Added Pin To Net: NetName=PB4 Pin=D2-90
Added Pin To Net: NetName=PB4 Pin=R12-2
Added Net: Name=PB4
Added Pin To Net: NetName=PB5 Pin=D2-91
Added Pin To Net: NetName=PB5 Pin=R14-2
Added Net: Name=PB5
Added Pin To Net: NetName=PB6 Pin=D2-92
Added Pin To Net: NetName=PB6 Pin=R16-2
Added Net: Name=PB6
Added Pin To Net: NetName=PB7 Pin=D2-93
Added Pin To Net: NetName=PB7 Pin=R18-2
Added Net: Name=PB7
Added Pin To Net: NetName=PB8 Pin=D2-95
Added Pin To Net: NetName=PB8 Pin=R20-2
Added Net: Name=PB8
Added Pin To Net: NetName=PB9 Pin=D2-96
Added Pin To Net: NetName=PB9 Pin=R22-2
Added Net: Name=PB9
Added Pin To Net: NetName=PB10 Pin=D2-47
Added Pin To Net: NetName=PB10 Pin=R24-2
Added Net: Name=PB10
Added Pin To Net: NetName=PB11 Pin=D2-48
Added Pin To Net: NetName=PB11 Pin=R26-2
Added Net: Name=PB11
Added Pin To Net: NetName=PB12 Pin=D2-51
Added Pin To Net: NetName=PB12 Pin=R28-2
Added Net: Name=PB12
Added Pin To Net: NetName=PB13 Pin=D2-52
Added Pin To Net: NetName=PB13 Pin=R31-2
Added Net: Name=PB13
Added Pin To Net: NetName=PB14 Pin=D2-53
Added Pin To Net: NetName=PB14 Pin=R34-2
Added Net: Name=PB14
Added Pin To Net: NetName=PB15 Pin=D2-54
Added Pin To Net: NetName=PB15 Pin=R36-2
Added Net: Name=PB15
Added Pin To Net: NetName=PB16 Pin=R38-2
Added Net: Name=PB16
Added Pin To Net: NetName=PC0 Pin=D2-15
Added Net: Name=PC0
Added Pin To Net: NetName=PC1 Pin=D2-16
Added Pin To Net: NetName=PC1 Pin=R7-2
Added Net: Name=PC1
Added Pin To Net: NetName=PC2 Pin=D2-17
Added Pin To Net: NetName=PC2 Pin=R9-2
Added Net: Name=PC2
Added Pin To Net: NetName=PC3 Pin=D2-18
Added Pin To Net: NetName=PC3 Pin=R11-2
Added Net: Name=PC3
Added Pin To Net: NetName=PC4 Pin=D2-33
Added Pin To Net: NetName=PC4 Pin=R13-2
Added Net: Name=PC4
Added Pin To Net: NetName=PC5 Pin=D2-34
Added Pin To Net: NetName=PC5 Pin=R15-2
Added Net: Name=PC5
Added Pin To Net: NetName=PC6 Pin=D2-63
Added Pin To Net: NetName=PC6 Pin=R17-2
Added Net: Name=PC6
Added Pin To Net: NetName=PC7 Pin=D2-64
Added Pin To Net: NetName=PC7 Pin=R19-2
Added Net: Name=PC7
Added Pin To Net: NetName=PC8 Pin=D2-65
Added Pin To Net: NetName=PC8 Pin=R21-2
Added Net: Name=PC8
Added Pin To Net: NetName=PC9 Pin=D2-66
Added Pin To Net: NetName=PC9 Pin=R23-2
Added Net: Name=PC9
Added Pin To Net: NetName=PC10 Pin=D2-78
Added Pin To Net: NetName=PC10 Pin=R25-2
Added Net: Name=PC10
Added Pin To Net: NetName=PC11 Pin=D2-79
Added Pin To Net: NetName=PC11 Pin=R27-2
Added Net: Name=PC11
Added Pin To Net: NetName=PC12 Pin=D2-80
Added Pin To Net: NetName=PC12 Pin=R29-2
Added Net: Name=PC12
Added Pin To Net: NetName=PC13 Pin=D2-7
Added Pin To Net: NetName=PC13 Pin=R32-2
Added Net: Name=PC13
Added Pin To Net: NetName=PC14 Pin=D2-8
Added Pin To Net: NetName=PC14 Pin=R35-2
Added Net: Name=PC14
Added Pin To Net: NetName=PC15 Pin=D2-9
Added Pin To Net: NetName=PC15 Pin=R37-2
Added Net: Name=PC15
Added Pin To Net: NetName=PC16 Pin=R39-2
Added Net: Name=PC16
Added Pin To Net: NetName=PD0 Pin=D2-81
Added Net: Name=PD0
Added Pin To Net: NetName=PD1 Pin=D2-82
Added Pin To Net: NetName=PD1 Pin=R40-2
Added Net: Name=PD1
Added Pin To Net: NetName=PD2 Pin=D2-83
Added Pin To Net: NetName=PD2 Pin=R42-2
Added Net: Name=PD2
Added Pin To Net: NetName=PD3 Pin=D2-84
Added Pin To Net: NetName=PD3 Pin=R44-2
Added Net: Name=PD3
Added Pin To Net: NetName=PD4 Pin=D2-85
Added Pin To Net: NetName=PD4 Pin=R46-2
Added Net: Name=PD4
Added Pin To Net: NetName=PD5 Pin=D2-86
Added Pin To Net: NetName=PD5 Pin=R48-2
Added Net: Name=PD5
Added Pin To Net: NetName=PD6 Pin=D2-87
Added Pin To Net: NetName=PD6 Pin=R50-2
Added Net: Name=PD6
Added Pin To Net: NetName=PD7 Pin=D2-88
Added Pin To Net: NetName=PD7 Pin=R52-2
Added Net: Name=PD7
Added Pin To Net: NetName=PD8 Pin=D2-55
Added Pin To Net: NetName=PD8 Pin=R54-2
Added Net: Name=PD8
Added Pin To Net: NetName=PD9 Pin=D2-56
Added Pin To Net: NetName=PD9 Pin=R56-2
Added Net: Name=PD9
Added Pin To Net: NetName=PD10 Pin=D2-57
Added Pin To Net: NetName=PD10 Pin=R58-2
Added Net: Name=PD10
Added Pin To Net: NetName=PD11 Pin=D2-58
Added Pin To Net: NetName=PD11 Pin=R60-2
Added Net: Name=PD11
Added Pin To Net: NetName=PD12 Pin=D2-59
Added Pin To Net: NetName=PD12 Pin=R62-2
Added Net: Name=PD12
Added Pin To Net: NetName=PD13 Pin=D2-60
Added Pin To Net: NetName=PD13 Pin=R64-2
Added Net: Name=PD13
Added Pin To Net: NetName=PD14 Pin=D2-61
Added Pin To Net: NetName=PD14 Pin=R66-2
Added Net: Name=PD14
Added Pin To Net: NetName=PD15 Pin=D2-62
Added Pin To Net: NetName=PD15 Pin=R68-2
Added Net: Name=PD15
Added Pin To Net: NetName=PD16 Pin=R70-2
Added Net: Name=PD16
Added Pin To Net: NetName=PE0 Pin=D2-97
Added Net: Name=PE0
Added Pin To Net: NetName=PE1 Pin=D2-98
Added Pin To Net: NetName=PE1 Pin=R41-2
Added Net: Name=PE1
Added Pin To Net: NetName=PE2 Pin=D2-1
Added Pin To Net: NetName=PE2 Pin=R43-2
Added Net: Name=PE2
Added Pin To Net: NetName=PE3 Pin=D2-2
Added Pin To Net: NetName=PE3 Pin=R45-2
Added Net: Name=PE3
Added Pin To Net: NetName=PE4 Pin=D2-3
Added Pin To Net: NetName=PE4 Pin=R47-2
Added Net: Name=PE4
Added Pin To Net: NetName=PE5 Pin=D2-4
Added Pin To Net: NetName=PE5 Pin=R49-2
Added Net: Name=PE5
Added Pin To Net: NetName=PE6 Pin=D2-5
Added Pin To Net: NetName=PE6 Pin=R51-2
Added Net: Name=PE6
Added Pin To Net: NetName=PE7 Pin=D2-38
Added Pin To Net: NetName=PE7 Pin=R53-2
Added Net: Name=PE7
Added Pin To Net: NetName=PE8 Pin=D2-39
Added Pin To Net: NetName=PE8 Pin=R55-2
Added Net: Name=PE8
Added Pin To Net: NetName=PE9 Pin=D2-40
Added Pin To Net: NetName=PE9 Pin=R57-2
Added Net: Name=PE9
Added Pin To Net: NetName=PE10 Pin=D2-41
Added Pin To Net: NetName=PE10 Pin=R59-2
Added Net: Name=PE10
Added Pin To Net: NetName=PE11 Pin=D2-42
Added Pin To Net: NetName=PE11 Pin=R61-2
Added Net: Name=PE11
Added Pin To Net: NetName=PE12 Pin=D2-43
Added Pin To Net: NetName=PE12 Pin=R63-2
Added Net: Name=PE12
Added Pin To Net: NetName=PE13 Pin=D2-44
Added Pin To Net: NetName=PE13 Pin=R65-2
Added Net: Name=PE13
Added Pin To Net: NetName=PE14 Pin=D2-45
Added Pin To Net: NetName=PE14 Pin=R67-2
Added Net: Name=PE14
Added Pin To Net: NetName=PE15 Pin=D2-46
Added Pin To Net: NetName=PE15 Pin=R69-2
Added Net: Name=PE15
Added Pin To Net: NetName=PE16 Pin=R71-2
Added Net: Name=PE16
Added Pin To Net: NetName=TTL_RX Pin=D1-1
Added Pin To Net: NetName=TTL_RX Pin=D2-69
Added Net: Name=TTL_RX
Added Pin To Net: NetName=TTL_TX_EN Pin=D1-2
Added Pin To Net: NetName=TTL_TX_EN Pin=D1-3
Added Pin To Net: NetName=TTL_TX_EN Pin=R30-2
Added Pin To Net: NetName=TTL_TX_EN Pin=R33-2
Added Net: Name=TTL_TX_EN
Added Pin To Net: NetName=TTL_TX Pin=D1-4
Added Pin To Net: NetName=TTL_TX Pin=D2-68
Added Net: Name=TTL_TX
Added Pin To Net: NetName=UART1_CTS Pin=D2-70
Added Pin To Net: NetName=UART1_CTS Pin=R30-1
Added Net: Name=UART1_CTS
Added Pin To Net: NetName=UART1_RTS Pin=D2-71
Added Pin To Net: NetName=UART1_RTS Pin=R33-1
Added Net: Name=UART1_RTS
Added Pin To Net: NetName=V3P3D Pin=C1-2
Added Pin To Net: NetName=V3P3D Pin=C2-2
Added Pin To Net: NetName=V3P3D Pin=C3-2
Added Pin To Net: NetName=V3P3D Pin=C4-2
Added Pin To Net: NetName=V3P3D Pin=C5-2
Added Pin To Net: NetName=V3P3D Pin=C6-2
Added Pin To Net: NetName=V3P3D Pin=C7-PLUS
Added Pin To Net: NetName=V3P3D Pin=D1-8
Added Pin To Net: NetName=V3P3D Pin=D2-11
Added Pin To Net: NetName=V3P3D Pin=D2-21
Added Pin To Net: NetName=V3P3D Pin=D2-22
Added Pin To Net: NetName=V3P3D Pin=D2-28
Added Pin To Net: NetName=V3P3D Pin=D2-50
Added Pin To Net: NetName=V3P3D Pin=D2-75
Added Pin To Net: NetName=V3P3D Pin=D2-100
Added Pin To Net: NetName=V3P3D Pin=R1-1
Added Pin To Net: NetName=V3P3D Pin=R73-1
Added Pin To Net: NetName=V3P3D Pin=R75-1
Added Pin To Net: NetName=V3P3D Pin=X1-5
Added Pin To Net: NetName=V3P3D Pin=X1-7
Added Pin To Net: NetName=V3P3D Pin=X4-5
Added Pin To Net: NetName=V3P3D Pin=X4-7
Added Net: Name=V3P3D
