Added Component: Designator=C1(CC0402)
Added Component: Designator=C2(CC0402)
Added Component: Designator=C3(CC0402)
Added Component: Designator=C4(CC0402)
Added Component: Designator=C5(CC0402)
Added Component: Designator=C6(CC0402)
Added Component: Designator=C7(CAP100RP_CAP100RP(Primary))
Added Component: Designator=C8(CC0402)
Added Component: Designator=C9(CC0402)
Added Component: Designator=C10(CC0402)
Added Component: Designator=D1(8S1_M)
Added Component: Designator=D2(LQFP100_N)
Added Component: Designator=X2(IDC20M)
Added Component: Designator=X3(IDC20M)
Added Component: Designator=X5(IDC20M)
Added Component: Designator=X6(IDC20M)
Added Component: Designator=ZQ1(CRYSTAL_Primary)
Added Pin To Net: NetName=0V Pin=C1-1
Added Pin To Net: NetName=0V Pin=C2-1
Added Pin To Net: NetName=0V Pin=C3-1
Added Pin To Net: NetName=0V Pin=C4-1
Added Pin To Net: NetName=0V Pin=C5-1
Added Pin To Net: NetName=0V Pin=C6-1
Added Pin To Net: NetName=0V Pin=C7-MINUS
Added Pin To Net: NetName=0V Pin=C8-1
Added Pin To Net: NetName=0V Pin=C9-1
Added Pin To Net: NetName=0V Pin=C10-1
Added Pin To Net: NetName=0V Pin=D1-5
Added Pin To Net: NetName=0V Pin=D2-10
Added Pin To Net: NetName=0V Pin=D2-19
Added Pin To Net: NetName=0V Pin=D2-20
Added Pin To Net: NetName=0V Pin=D2-27
Added Pin To Net: NetName=0V Pin=D2-49
Added Pin To Net: NetName=0V Pin=D2-74
Added Pin To Net: NetName=0V Pin=D2-99
Added Pin To Net: NetName=0V Pin=X2-17
Added Pin To Net: NetName=0V Pin=X2-18
Added Pin To Net: NetName=0V Pin=X2-19
Added Pin To Net: NetName=0V Pin=X2-20
Added Pin To Net: NetName=0V Pin=X3-17
Added Pin To Net: NetName=0V Pin=X3-18
Added Pin To Net: NetName=0V Pin=X3-19
Added Pin To Net: NetName=0V Pin=X3-20
Added Pin To Net: NetName=0V Pin=X5-17
Added Pin To Net: NetName=0V Pin=X5-18
Added Pin To Net: NetName=0V Pin=X5-19
Added Pin To Net: NetName=0V Pin=X5-20
Added Pin To Net: NetName=0V Pin=X6-17
Added Pin To Net: NetName=0V Pin=X6-18
Added Pin To Net: NetName=0V Pin=X6-19
Added Pin To Net: NetName=0V Pin=X6-20
Added Net: Name=0V
Added Net: Name=A_485
Added Net: Name=B_485
Added Pin To Net: NetName=NetC8_2 Pin=C8-2
Added Pin To Net: NetName=NetC8_2 Pin=ZQ1-2
Added Net: Name=NetC8_2
Added Pin To Net: NetName=NetC9_2 Pin=C9-2
Added Pin To Net: NetName=NetC9_2 Pin=ZQ1-1
Added Net: Name=NetC9_2
Added Pin To Net: NetName=NetC10_2 Pin=C10-2
Added Pin To Net: NetName=NetC10_2 Pin=D2-14
Added Net: Name=NetC10_2
Added Pin To Net: NetName=NetD1_6 Pin=D1-6
Added Net: Name=NetD1_6
Added Pin To Net: NetName=NetD1_7 Pin=D1-7
Added Net: Name=NetD1_7
Added Pin To Net: NetName=NetD2_13 Pin=D2-13
Added Net: Name=NetD2_13
Added Pin To Net: NetName=NetD2_94 Pin=D2-94
Added Net: Name=NetD2_94
Added Pin To Net: NetName=NetR12_1 Pin=X2-1
Added Net: Name=NetR12_1
Added Pin To Net: NetName=NetR13_1 Pin=X2-2
Added Net: Name=NetR13_1
Added Pin To Net: NetName=NetR14_1 Pin=X2-3
Added Net: Name=NetR14_1
Added Pin To Net: NetName=NetR15_1 Pin=X2-4
Added Net: Name=NetR15_1
Added Pin To Net: NetName=NetR16_1 Pin=X2-5
Added Net: Name=NetR16_1
Added Pin To Net: NetName=NetR17_1 Pin=X2-6
Added Net: Name=NetR17_1
Added Pin To Net: NetName=NetR18_1 Pin=X2-7
Added Net: Name=NetR18_1
Added Pin To Net: NetName=NetR19_1 Pin=X2-8
Added Net: Name=NetR19_1
Added Pin To Net: NetName=NetR20_1 Pin=X2-9
Added Net: Name=NetR20_1
Added Pin To Net: NetName=NetR21_1 Pin=X2-10
Added Net: Name=NetR21_1
Added Pin To Net: NetName=NetR22_1 Pin=X2-11
Added Net: Name=NetR22_1
Added Pin To Net: NetName=NetR23_1 Pin=X2-12
Added Net: Name=NetR23_1
Added Pin To Net: NetName=NetR24_1 Pin=X2-13
Added Net: Name=NetR24_1
Added Pin To Net: NetName=NetR25_1 Pin=X2-14
Added Net: Name=NetR25_1
Added Pin To Net: NetName=NetR26_1 Pin=X2-15
Added Net: Name=NetR26_1
Added Pin To Net: NetName=NetR27_1 Pin=X2-16
Added Net: Name=NetR27_1
Added Pin To Net: NetName=NetR28_1 Pin=X3-1
Added Net: Name=NetR28_1
Added Pin To Net: NetName=NetR29_1 Pin=X3-2
Added Net: Name=NetR29_1
Added Pin To Net: NetName=NetR30_1 Pin=X3-3
Added Net: Name=NetR30_1
Added Pin To Net: NetName=NetR31_1 Pin=X3-4
Added Net: Name=NetR31_1
Added Pin To Net: NetName=NetR32_1 Pin=X3-5
Added Net: Name=NetR32_1
Added Pin To Net: NetName=NetR33_1 Pin=X3-6
Added Net: Name=NetR33_1
Added Pin To Net: NetName=NetR34_1 Pin=X3-7
Added Net: Name=NetR34_1
Added Pin To Net: NetName=NetR35_1 Pin=X3-8
Added Net: Name=NetR35_1
Added Pin To Net: NetName=NetR36_1 Pin=X3-9
Added Net: Name=NetR36_1
Added Pin To Net: NetName=NetR37_1 Pin=X3-10
Added Net: Name=NetR37_1
Added Pin To Net: NetName=NetR38_1 Pin=X3-11
Added Net: Name=NetR38_1
Added Pin To Net: NetName=NetR39_1 Pin=X3-12
Added Net: Name=NetR39_1
Added Pin To Net: NetName=NetR40_1 Pin=X3-13
Added Net: Name=NetR40_1
Added Pin To Net: NetName=NetR41_1 Pin=X3-14
Added Net: Name=NetR41_1
Added Pin To Net: NetName=NetR42_1 Pin=X3-15
Added Net: Name=NetR42_1
Added Pin To Net: NetName=NetR43_1 Pin=X3-16
Added Net: Name=NetR43_1
Added Pin To Net: NetName=NetR44_1 Pin=X5-1
Added Net: Name=NetR44_1
Added Pin To Net: NetName=NetR45_1 Pin=X6-1
Added Net: Name=NetR45_1
Added Pin To Net: NetName=NetR46_1 Pin=X5-2
Added Net: Name=NetR46_1
Added Pin To Net: NetName=NetR47_1 Pin=X6-2
Added Net: Name=NetR47_1
Added Pin To Net: NetName=NetR48_1 Pin=X5-3
Added Net: Name=NetR48_1
Added Pin To Net: NetName=NetR49_1 Pin=X6-3
Added Net: Name=NetR49_1
Added Pin To Net: NetName=NetR50_1 Pin=X5-4
Added Net: Name=NetR50_1
Added Pin To Net: NetName=NetR51_1 Pin=X6-4
Added Net: Name=NetR51_1
Added Pin To Net: NetName=NetR52_1 Pin=X5-5
Added Net: Name=NetR52_1
Added Pin To Net: NetName=NetR53_1 Pin=X6-5
Added Net: Name=NetR53_1
Added Pin To Net: NetName=NetR54_1 Pin=X5-6
Added Net: Name=NetR54_1
Added Pin To Net: NetName=NetR55_1 Pin=X6-6
Added Net: Name=NetR55_1
Added Pin To Net: NetName=NetR56_1 Pin=X5-7
Added Net: Name=NetR56_1
Added Pin To Net: NetName=NetR57_1 Pin=X6-7
Added Net: Name=NetR57_1
Added Pin To Net: NetName=NetR58_1 Pin=X5-8
Added Net: Name=NetR58_1
Added Pin To Net: NetName=NetR59_1 Pin=X6-8
Added Net: Name=NetR59_1
Added Pin To Net: NetName=NetR60_1 Pin=X5-9
Added Net: Name=NetR60_1
Added Pin To Net: NetName=NetR61_1 Pin=X6-9
Added Net: Name=NetR61_1
Added Pin To Net: NetName=NetR62_1 Pin=X5-10
Added Net: Name=NetR62_1
Added Pin To Net: NetName=NetR63_1 Pin=X6-10
Added Net: Name=NetR63_1
Added Pin To Net: NetName=NetR64_1 Pin=X5-11
Added Net: Name=NetR64_1
Added Pin To Net: NetName=NetR65_1 Pin=X6-11
Added Net: Name=NetR65_1
Added Pin To Net: NetName=NetR66_1 Pin=X5-12
Added Net: Name=NetR66_1
Added Pin To Net: NetName=NetR67_1 Pin=X6-12
Added Net: Name=NetR67_1
Added Pin To Net: NetName=NetR68_1 Pin=X5-13
Added Net: Name=NetR68_1
Added Pin To Net: NetName=NetR69_1 Pin=X6-13
Added Net: Name=NetR69_1
Added Pin To Net: NetName=NetR70_1 Pin=X5-14
Added Net: Name=NetR70_1
Added Pin To Net: NetName=NetR71_1 Pin=X6-14
Added Net: Name=NetR71_1
Added Pin To Net: NetName=NetR72_1 Pin=X5-15
Added Net: Name=NetR72_1
Added Pin To Net: NetName=NetR73_1 Pin=X6-15
Added Net: Name=NetR73_1
Added Pin To Net: NetName=NetR74_1 Pin=X5-16
Added Net: Name=NetR74_1
Added Pin To Net: NetName=NetR75_1 Pin=X6-16
Added Net: Name=NetR75_1
Added Pin To Net: NetName=PB0 Pin=D2-35
Added Net: Name=PB0
Added Pin To Net: NetName=PB1 Pin=D2-36
Added Net: Name=PB1
Added Pin To Net: NetName=PB2 Pin=D2-37
Added Net: Name=PB2
Added Pin To Net: NetName=PB3 Pin=D2-89
Added Net: Name=PB3
Added Pin To Net: NetName=PB4 Pin=D2-90
Added Net: Name=PB4
Added Pin To Net: NetName=PB5 Pin=D2-91
Added Net: Name=PB5
Added Pin To Net: NetName=PB6 Pin=D2-92
Added Net: Name=PB6
Added Pin To Net: NetName=PB7 Pin=D2-93
Added Net: Name=PB7
Added Pin To Net: NetName=PB8 Pin=D2-95
Added Net: Name=PB8
Added Pin To Net: NetName=PB9 Pin=D2-96
Added Net: Name=PB9
Added Pin To Net: NetName=PB10 Pin=D2-47
Added Net: Name=PB10
Added Pin To Net: NetName=PB11 Pin=D2-48
Added Net: Name=PB11
Added Pin To Net: NetName=PB12 Pin=D2-51
Added Net: Name=PB12
Added Pin To Net: NetName=PB13 Pin=D2-52
Added Net: Name=PB13
Added Pin To Net: NetName=PB14 Pin=D2-53
Added Net: Name=PB14
Added Pin To Net: NetName=PB15 Pin=D2-54
Added Net: Name=PB15
Added Net: Name=PB16
Added Pin To Net: NetName=PC0 Pin=D2-15
Added Net: Name=PC0
Added Pin To Net: NetName=PC1 Pin=D2-16
Added Net: Name=PC1
Added Pin To Net: NetName=PC2 Pin=D2-17
Added Net: Name=PC2
Added Pin To Net: NetName=PC3 Pin=D2-18
Added Net: Name=PC3
Added Pin To Net: NetName=PC4 Pin=D2-33
Added Net: Name=PC4
Added Pin To Net: NetName=PC5 Pin=D2-34
Added Net: Name=PC5
Added Pin To Net: NetName=PC6 Pin=D2-63
Added Net: Name=PC6
Added Pin To Net: NetName=PC7 Pin=D2-64
Added Net: Name=PC7
Added Pin To Net: NetName=PC8 Pin=D2-65
Added Net: Name=PC8
Added Pin To Net: NetName=PC9 Pin=D2-66
Added Net: Name=PC9
Added Pin To Net: NetName=PC10 Pin=D2-78
Added Net: Name=PC10
Added Pin To Net: NetName=PC11 Pin=D2-79
Added Net: Name=PC11
Added Pin To Net: NetName=PC12 Pin=D2-80
Added Net: Name=PC12
Added Pin To Net: NetName=PC13 Pin=D2-7
Added Net: Name=PC13
Added Pin To Net: NetName=PC14 Pin=D2-8
Added Net: Name=PC14
Added Pin To Net: NetName=PC15 Pin=D2-9
Added Net: Name=PC15
Added Net: Name=PC16
Added Pin To Net: NetName=PD0 Pin=D2-81
Added Net: Name=PD0
Added Pin To Net: NetName=PD1 Pin=D2-82
Added Net: Name=PD1
Added Pin To Net: NetName=PD2 Pin=D2-83
Added Net: Name=PD2
Added Pin To Net: NetName=PD3 Pin=D2-84
Added Net: Name=PD3
Added Pin To Net: NetName=PD4 Pin=D2-85
Added Net: Name=PD4
Added Pin To Net: NetName=PD5 Pin=D2-86
Added Net: Name=PD5
Added Pin To Net: NetName=PD6 Pin=D2-87
Added Net: Name=PD6
Added Pin To Net: NetName=PD7 Pin=D2-88
Added Net: Name=PD7
Added Pin To Net: NetName=PD8 Pin=D2-55
Added Net: Name=PD8
Added Pin To Net: NetName=PD9 Pin=D2-56
Added Net: Name=PD9
Added Pin To Net: NetName=PD10 Pin=D2-57
Added Net: Name=PD10
Added Pin To Net: NetName=PD11 Pin=D2-58
Added Net: Name=PD11
Added Pin To Net: NetName=PD12 Pin=D2-59
Added Net: Name=PD12
Added Pin To Net: NetName=PD13 Pin=D2-60
Added Net: Name=PD13
Added Pin To Net: NetName=PD14 Pin=D2-61
Added Net: Name=PD14
Added Pin To Net: NetName=PD15 Pin=D2-62
Added Net: Name=PD15
Added Net: Name=PD16
Added Pin To Net: NetName=PE0 Pin=D2-97
Added Net: Name=PE0
Added Pin To Net: NetName=PE1 Pin=D2-98
Added Net: Name=PE1
Added Pin To Net: NetName=PE2 Pin=D2-1
Added Net: Name=PE2
Added Pin To Net: NetName=PE3 Pin=D2-2
Added Net: Name=PE3
Added Pin To Net: NetName=PE4 Pin=D2-3
Added Net: Name=PE4
Added Pin To Net: NetName=PE5 Pin=D2-4
Added Net: Name=PE5
Added Pin To Net: NetName=PE6 Pin=D2-5
Added Net: Name=PE6
Added Pin To Net: NetName=PE7 Pin=D2-38
Added Net: Name=PE7
Added Pin To Net: NetName=PE8 Pin=D2-39
Added Net: Name=PE8
Added Pin To Net: NetName=PE9 Pin=D2-40
Added Net: Name=PE9
Added Pin To Net: NetName=PE10 Pin=D2-41
Added Net: Name=PE10
Added Pin To Net: NetName=PE11 Pin=D2-42
Added Net: Name=PE11
Added Pin To Net: NetName=PE12 Pin=D2-43
Added Net: Name=PE12
Added Pin To Net: NetName=PE13 Pin=D2-44
Added Net: Name=PE13
Added Pin To Net: NetName=PE14 Pin=D2-45
Added Net: Name=PE14
Added Pin To Net: NetName=PE15 Pin=D2-46
Added Net: Name=PE15
Added Net: Name=PE16
Added Pin To Net: NetName=TTL_RX Pin=D1-1
Added Pin To Net: NetName=TTL_RX Pin=D2-69
Added Net: Name=TTL_RX
Added Pin To Net: NetName=TTL_TX_EN Pin=D1-2
Added Pin To Net: NetName=TTL_TX_EN Pin=D1-3
Added Net: Name=TTL_TX_EN
Added Pin To Net: NetName=TTL_TX Pin=D1-4
Added Pin To Net: NetName=TTL_TX Pin=D2-68
Added Net: Name=TTL_TX
Added Pin To Net: NetName=UART1_CTS Pin=D2-70
Added Net: Name=UART1_CTS
Added Pin To Net: NetName=UART1_RTS Pin=D2-71
Added Net: Name=UART1_RTS
Added Pin To Net: NetName=V3P3D Pin=C1-2
Added Pin To Net: NetName=V3P3D Pin=C2-2
Added Pin To Net: NetName=V3P3D Pin=C3-2
Added Pin To Net: NetName=V3P3D Pin=C4-2
Added Pin To Net: NetName=V3P3D Pin=C5-2
Added Pin To Net: NetName=V3P3D Pin=C6-2
Added Pin To Net: NetName=V3P3D Pin=C7-PLUS
Added Pin To Net: NetName=V3P3D Pin=D1-8
Added Pin To Net: NetName=V3P3D Pin=D2-11
Added Pin To Net: NetName=V3P3D Pin=D2-21
Added Pin To Net: NetName=V3P3D Pin=D2-22
Added Pin To Net: NetName=V3P3D Pin=D2-28
Added Pin To Net: NetName=V3P3D Pin=D2-50
Added Pin To Net: NetName=V3P3D Pin=D2-75
Added Pin To Net: NetName=V3P3D Pin=D2-100
Added Net: Name=V3P3D
