Removed Pin From Net: NetName=NetR28_1 Pin=R28-1
Removed Pin From Net: NetName=PC1 Pin=R28-2
Removed Pin From Net: NetName=NetR31_1 Pin=R31-1
Removed Pin From Net: NetName=PC4 Pin=R31-2
Removed Pin From Net: NetName=NetR39_1 Pin=R39-1
Removed Pin From Net: NetName=PC11 Pin=R39-2
Removed Pin From Net: NetName=NetR41_1 Pin=R41-1
Removed Pin From Net: NetName=PC13 Pin=R41-2
Change Component Library : Designator=DD2 Old Library=Power_lib.SCHLIB New Library=alexsb.SchLib
Added Component: Designator=R28(RC0805)
Added Component: Designator=R31(RC0805)
Added Component: Designator=R39(RC0805)
Added Component: Designator=R41(RC0805)
Added Pin To Net: NetName=NetR28_1 Pin=R28-1
Added Pin To Net: NetName=PC1 Pin=R28-2
Added Pin To Net: NetName=NetR31_1 Pin=R31-1
Added Pin To Net: NetName=PC4 Pin=R31-2
Added Pin To Net: NetName=NetR39_1 Pin=R39-1
Added Pin To Net: NetName=PC11 Pin=R39-2
Added Pin To Net: NetName=NetR41_1 Pin=R41-1
Added Pin To Net: NetName=PC13 Pin=R41-2
