Removed Pin From Net: NetName=NetR28_1 Pin=R28-1
Removed Pin From Net: NetName=PC1 Pin=R28-2
Removed Pin From Net: NetName=NetR31_1 Pin=R31-1
Removed Pin From Net: NetName=PC4 Pin=R31-2
Removed Pin From Net: NetName=NetR39_1 Pin=R39-1
Removed Pin From Net: NetName=PC11 Pin=R39-2
Removed Pin From Net: NetName=NetR41_1 Pin=R41-1
Removed Pin From Net: NetName=PC13 Pin=R41-2
Added Component: Designator=R28(RC0805)
Added Component: Designator=R31(RC0805)
Added Component: Designator=R39(RC0805)
Added Component: Designator=R41(RC0805)
Added Component: Designator=X4(4pin)
Added Pin To Net: NetName=NetR28_1 Pin=R28-1
Added Pin To Net: NetName=PC1 Pin=R28-2
Added Pin To Net: NetName=NetR31_1 Pin=R31-1
Added Pin To Net: NetName=PC4 Pin=R31-2
Added Pin To Net: NetName=NetR39_1 Pin=R39-1
Added Pin To Net: NetName=PC11 Pin=R39-2
Added Pin To Net: NetName=NetR41_1 Pin=R41-1
Added Pin To Net: NetName=PC13 Pin=R41-2
Added Pin To Net: NetName=3P3V Pin=X4-1
Added Pin To Net: NetName=SWCLK Pin=X4-2
Added Pin To Net: NetName=0V Pin=X4-3
Added Pin To Net: NetName=SWDIO Pin=X4-4
